<?xml version="1.0" encoding="UTF-8"?>
<coverage generated="1754694652173" clover="3.2.0">
  <project timestamp="1754694652173" name="All files">
    <metrics statements="75" coveredstatements="69" conditionals="46" coveredconditionals="36" methods="17" coveredmethods="16" elements="138" coveredelements="121" complexity="0" loc="75" ncloc="75" packages="2" files="2" classes="2"/>
    <package name="category">
      <metrics statements="19" coveredstatements="14" conditionals="18" coveredconditionals="11" methods="3" coveredmethods="2"/>
      <file name="CategoryTaxonomyService.ts" path="/home/runner/workspace/client/src/services/category/CategoryTaxonomyService.ts">
        <metrics statements="19" coveredstatements="14" conditionals="18" coveredconditionals="11" methods="3" coveredmethods="2"/>
        <line num="18" count="6" type="cond" truecount="1" falsecount="1"/>
        <line num="20" count="6" type="stmt"/>
        <line num="21" count="6" type="cond" truecount="2" falsecount="0"/>
        <line num="23" count="5" type="stmt"/>
        <line num="27" count="5" type="cond" truecount="2" falsecount="0"/>
        <line num="29" count="4" type="stmt"/>
        <line num="30" count="4" type="cond" truecount="2" falsecount="0"/>
        <line num="32" count="3" type="stmt"/>
        <line num="34" count="3" type="cond" truecount="2" falsecount="0"/>
        <line num="36" count="24" type="stmt"/>
        <line num="37" count="2" type="cond" truecount="2" falsecount="0"/>
        <line num="39" count="1" type="stmt"/>
        <line num="40" count="1" type="stmt"/>
        <line num="44" count="0" type="stmt"/>
        <line num="45" count="0" type="cond" truecount="0" falsecount="2"/>
        <line num="46" count="0" type="cond" truecount="0" falsecount="2"/>
        <line num="47" count="0" type="cond" truecount="0" falsecount="2"/>
        <line num="48" count="0" type="stmt"/>
        <line num="52" count="1" type="stmt"/>
      </file>
    </package>
    <package name="routing">
      <metrics statements="56" coveredstatements="55" conditionals="28" coveredconditionals="25" methods="14" coveredmethods="14"/>
      <file name="FashionRouteService.ts" path="/home/runner/workspace/client/src/services/routing/FashionRouteService.ts">
        <metrics statements="56" coveredstatements="55" conditionals="28" coveredconditionals="25" methods="14" coveredmethods="14"/>
        <line num="23" count="1" type="stmt"/>
        <line num="26" count="1" type="stmt"/>
        <line num="30" count="1" type="cond" truecount="1" falsecount="1"/>
        <line num="31" count="1" type="stmt"/>
        <line num="33" count="1" type="stmt"/>
        <line num="37" count="1" type="stmt"/>
        <line num="120" count="1" type="stmt"/>
        <line num="121" count="8" type="stmt"/>
        <line num="133" count="3" type="stmt"/>
        <line num="134" count="3" type="cond" truecount="2" falsecount="0"/>
        <line num="135" count="3" type="cond" truecount="2" falsecount="0"/>
        <line num="137" count="3" type="stmt"/>
        <line num="139" count="3" type="cond" truecount="2" falsecount="0"/>
        <line num="140" count="2" type="stmt"/>
        <line num="143" count="3" type="cond" truecount="2" falsecount="0"/>
        <line num="144" count="1" type="stmt"/>
        <line num="147" count="3" type="stmt"/>
        <line num="156" count="5" type="stmt"/>
        <line num="158" count="5" type="cond" truecount="4" falsecount="0"/>
        <line num="159" count="1" type="stmt"/>
        <line num="162" count="4" type="stmt"/>
        <line num="163" count="4" type="cond" truecount="2" falsecount="0"/>
        <line num="164" count="1" type="stmt"/>
        <line num="167" count="3" type="stmt"/>
        <line num="171" count="3" type="cond" truecount="2" falsecount="0"/>
        <line num="172" count="2" type="stmt"/>
        <line num="175" count="3" type="cond" truecount="2" falsecount="0"/>
        <line num="176" count="1" type="stmt"/>
        <line num="179" count="3" type="stmt"/>
        <line num="188" count="3" type="stmt"/>
        <line num="189" count="3" type="stmt"/>
        <line num="197" count="1" type="stmt"/>
        <line num="206" count="7" type="stmt"/>
        <line num="207" count="7" type="stmt"/>
        <line num="222" count="3" type="stmt"/>
        <line num="223" count="3" type="cond" truecount="1" falsecount="1"/>
        <line num="224" count="0" type="stmt"/>
        <line num="231" count="3" type="stmt"/>
        <line num="232" count="3" type="stmt"/>
        <line num="233" count="3" type="stmt"/>
        <line num="235" count="3" type="cond" truecount="2" falsecount="0"/>
        <line num="236" count="2" type="stmt"/>
        <line num="237" count="2" type="stmt"/>
        <line num="238" count="2" type="stmt"/>
        <line num="239" count="2" type="stmt"/>
        <line num="242" count="3" type="cond" truecount="2" falsecount="0"/>
        <line num="243" count="1" type="stmt"/>
        <line num="244" count="1" type="stmt"/>
        <line num="245" count="1" type="cond" truecount="1" falsecount="1"/>
        <line num="246" count="1" type="stmt"/>
        <line num="249" count="3" type="stmt"/>
        <line num="258" count="16" type="stmt"/>
        <line num="267" count="4" type="stmt"/>
        <line num="276" count="2" type="stmt"/>
        <line num="285" count="3" type="stmt"/>
        <line num="290" count="1" type="stmt"/>
      </file>
    </package>
  </project>
</coverage>
