{"/home/runner/workspace/client/src/services/category/CategoryTaxonomyService.ts": {"path":"/home/runner/workspace/client/src/services/category/CategoryTaxonomyService.ts","statementMap":{"0":{"start":{"line":18,"column":4},"end":{"line":18,"column":34}},"1":{"start":{"line":18,"column":22},"end":{"line":18,"column":34}},"2":{"start":{"line":20,"column":20},"end":{"line":20,"column":59}},"3":{"start":{"line":21,"column":4},"end":{"line":21,"column":30}},"4":{"start":{"line":21,"column":18},"end":{"line":21,"column":30}},"5":{"start":{"line":23,"column":35},"end":{"line":25,"column":5}},"6":{"start":{"line":27,"column":4},"end":{"line":27,"column":41}},"7":{"start":{"line":27,"column":25},"end":{"line":27,"column":41}},"8":{"start":{"line":29,"column":23},"end":{"line":29,"column":60}},"9":{"start":{"line":30,"column":4},"end":{"line":30,"column":33}},"10":{"start":{"line":30,"column":21},"end":{"line":30,"column":33}},"11":{"start":{"line":32,"column":4},"end":{"line":32,"column":105}},"12":{"start":{"line":34,"column":4},"end":{"line":34,"column":35}},"13":{"start":{"line":34,"column":19},"end":{"line":34,"column":35}},"14":{"start":{"line":36,"column":17},"end":{"line":36,"column":62}},"15":{"start":{"line":36,"column":44},"end":{"line":36,"column":61}},"16":{"start":{"line":37,"column":4},"end":{"line":37,"column":27}},"17":{"start":{"line":37,"column":15},"end":{"line":37,"column":27}},"18":{"start":{"line":39,"column":4},"end":{"line":39,"column":89}},"19":{"start":{"line":40,"column":4},"end":{"line":40,"column":20}},"20":{"start":{"line":44,"column":35},"end":{"line":44,"column":37}},"21":{"start":{"line":45,"column":4},"end":{"line":45,"column":48}},"22":{"start":{"line":45,"column":22},"end":{"line":45,"column":48}},"23":{"start":{"line":46,"column":4},"end":{"line":46,"column":54}},"24":{"start":{"line":46,"column":25},"end":{"line":46,"column":54}},"25":{"start":{"line":47,"column":4},"end":{"line":47,"column":42}},"26":{"start":{"line":47,"column":19},"end":{"line":47,"column":42}},"27":{"start":{"line":48,"column":4},"end":{"line":48,"column":18}},"28":{"start":{"line":52,"column":39},"end":{"line":52,"column":68}}},"fnMap":{"0":{"name":"(anonymous_0)","decl":{"start":{"line":17,"column":2},"end":{"line":17,"column":3}},"loc":{"start":{"line":17,"column":104},"end":{"line":41,"column":3}},"line":17},"1":{"name":"(anonymous_1)","decl":{"start":{"line":36,"column":39},"end":{"line":36,"column":40}},"loc":{"start":{"line":36,"column":44},"end":{"line":36,"column":61}},"line":36},"2":{"name":"(anonymous_2)","decl":{"start":{"line":43,"column":2},"end":{"line":43,"column":3}},"loc":{"start":{"line":43,"column":60},"end":{"line":49,"column":3}},"line":43}},"branchMap":{"0":{"loc":{"start":{"line":18,"column":4},"end":{"line":18,"column":34}},"type":"if","locations":[{"start":{"line":18,"column":4},"end":{"line":18,"column":34}},{"start":{},"end":{}}],"line":18},"1":{"loc":{"start":{"line":21,"column":4},"end":{"line":21,"column":30}},"type":"if","locations":[{"start":{"line":21,"column":4},"end":{"line":21,"column":30}},{"start":{},"end":{}}],"line":21},"2":{"loc":{"start":{"line":27,"column":4},"end":{"line":27,"column":41}},"type":"if","locations":[{"start":{"line":27,"column":4},"end":{"line":27,"column":41}},{"start":{},"end":{}}],"line":27},"3":{"loc":{"start":{"line":30,"column":4},"end":{"line":30,"column":33}},"type":"if","locations":[{"start":{"line":30,"column":4},"end":{"line":30,"column":33}},{"start":{},"end":{}}],"line":30},"4":{"loc":{"start":{"line":34,"column":4},"end":{"line":34,"column":35}},"type":"if","locations":[{"start":{"line":34,"column":4},"end":{"line":34,"column":35}},{"start":{},"end":{}}],"line":34},"5":{"loc":{"start":{"line":37,"column":4},"end":{"line":37,"column":27}},"type":"if","locations":[{"start":{"line":37,"column":4},"end":{"line":37,"column":27}},{"start":{},"end":{}}],"line":37},"6":{"loc":{"start":{"line":45,"column":4},"end":{"line":45,"column":48}},"type":"if","locations":[{"start":{"line":45,"column":4},"end":{"line":45,"column":48}},{"start":{},"end":{}}],"line":45},"7":{"loc":{"start":{"line":46,"column":4},"end":{"line":46,"column":54}},"type":"if","locations":[{"start":{"line":46,"column":4},"end":{"line":46,"column":54}},{"start":{},"end":{}}],"line":46},"8":{"loc":{"start":{"line":47,"column":4},"end":{"line":47,"column":42}},"type":"if","locations":[{"start":{"line":47,"column":4},"end":{"line":47,"column":42}},{"start":{},"end":{}}],"line":47}},"s":{"0":6,"1":0,"2":6,"3":6,"4":1,"5":5,"6":5,"7":1,"8":4,"9":4,"10":1,"11":3,"12":3,"13":1,"14":2,"15":24,"16":2,"17":1,"18":1,"19":1,"20":0,"21":0,"22":0,"23":0,"24":0,"25":0,"26":0,"27":0,"28":1},"f":{"0":6,"1":24,"2":0},"b":{"0":[0,6],"1":[1,5],"2":[1,4],"3":[1,3],"4":[1,2],"5":[1,1],"6":[0,0],"7":[0,0],"8":[0,0]},"_coverageSchema":"1a1c01bbd47fc00a2c39e90264f33305004495a9","hash":"fb51b9b8c8da8f1f4ec608a8aa1fbc6934b236c8"}
,"/home/runner/workspace/client/src/services/routing/FashionRouteService.ts": {"path":"/home/runner/workspace/client/src/services/routing/FashionRouteService.ts","statementMap":{"0":{"start":{"line":23,"column":58},"end":{"line":23,"column":67}},"1":{"start":{"line":26,"column":4},"end":{"line":26,"column":34}},"2":{"start":{"line":30,"column":4},"end":{"line":32,"column":5}},"3":{"start":{"line":31,"column":6},"end":{"line":31,"column":63}},"4":{"start":{"line":33,"column":4},"end":{"line":33,"column":40}},"5":{"start":{"line":37,"column":42},"end":{"line":118,"column":5}},"6":{"start":{"line":120,"column":4},"end":{"line":122,"column":7}},"7":{"start":{"line":121,"column":6},"end":{"line":121,"column":52}},"8":{"start":{"line":133,"column":30},"end":{"line":133,"column":60}},"9":{"start":{"line":134,"column":33},"end":{"line":134,"column":87}},"10":{"start":{"line":135,"column":27},"end":{"line":135,"column":63}},"11":{"start":{"line":137,"column":14},"end":{"line":137,"column":45}},"12":{"start":{"line":139,"column":4},"end":{"line":141,"column":5}},"13":{"start":{"line":140,"column":6},"end":{"line":140,"column":40}},"14":{"start":{"line":143,"column":4},"end":{"line":145,"column":5}},"15":{"start":{"line":144,"column":6},"end":{"line":144,"column":34}},"16":{"start":{"line":147,"column":4},"end":{"line":147,"column":15}},"17":{"start":{"line":156,"column":21},"end":{"line":156,"column":51}},"18":{"start":{"line":158,"column":4},"end":{"line":160,"column":5}},"19":{"start":{"line":159,"column":6},"end":{"line":159,"column":18}},"20":{"start":{"line":162,"column":20},"end":{"line":162,"column":31}},"21":{"start":{"line":163,"column":4},"end":{"line":165,"column":5}},"22":{"start":{"line":164,"column":6},"end":{"line":164,"column":18}},"23":{"start":{"line":167,"column":39},"end":{"line":169,"column":5}},"24":{"start":{"line":171,"column":4},"end":{"line":173,"column":5}},"25":{"start":{"line":172,"column":6},"end":{"line":172,"column":64}},"26":{"start":{"line":175,"column":4},"end":{"line":177,"column":5}},"27":{"start":{"line":176,"column":6},"end":{"line":176,"column":52}},"28":{"start":{"line":179,"column":4},"end":{"line":179,"column":18}},"29":{"start":{"line":188,"column":30},"end":{"line":188,"column":60}},"30":{"start":{"line":189,"column":4},"end":{"line":189,"column":52}},"31":{"start":{"line":197,"column":4},"end":{"line":197,"column":50}},"32":{"start":{"line":206,"column":30},"end":{"line":206,"column":60}},"33":{"start":{"line":207,"column":4},"end":{"line":207,"column":52}},"34":{"start":{"line":222,"column":19},"end":{"line":222,"column":47}},"35":{"start":{"line":223,"column":4},"end":{"line":229,"column":5}},"36":{"start":{"line":224,"column":6},"end":{"line":228,"column":8}},"37":{"start":{"line":231,"column":16},"end":{"line":231,"column":37}},"38":{"start":{"line":232,"column":22},"end":{"line":232,"column":49}},"39":{"start":{"line":233,"column":19},"end":{"line":233,"column":48}},"40":{"start":{"line":235,"column":4},"end":{"line":240,"column":5}},"41":{"start":{"line":236,"column":30},"end":{"line":236,"column":57}},"42":{"start":{"line":237,"column":6},"end":{"line":237,"column":46}},"43":{"start":{"line":238,"column":6},"end":{"line":238,"column":108}},"44":{"start":{"line":239,"column":6},"end":{"line":239,"column":35}},"45":{"start":{"line":242,"column":4},"end":{"line":247,"column":5}},"46":{"start":{"line":243,"column":24},"end":{"line":243,"column":45}},"47":{"start":{"line":244,"column":6},"end":{"line":244,"column":40}},"48":{"start":{"line":245,"column":6},"end":{"line":245,"column":116}},"49":{"start":{"line":246,"column":6},"end":{"line":246,"column":29}},"50":{"start":{"line":249,"column":4},"end":{"line":249,"column":44}},"51":{"start":{"line":258,"column":4},"end":{"line":258,"column":40}},"52":{"start":{"line":267,"column":4},"end":{"line":267,"column":43}},"53":{"start":{"line":276,"column":4},"end":{"line":276,"column":37}},"54":{"start":{"line":285,"column":4},"end":{"line":285,"column":56}},"55":{"start":{"line":290,"column":35},"end":{"line":290,"column":68}}},"fnMap":{"0":{"name":"(anonymous_0)","decl":{"start":{"line":25,"column":2},"end":{"line":25,"column":3}},"loc":{"start":{"line":25,"column":24},"end":{"line":27,"column":3}},"line":25},"1":{"name":"(anonymous_1)","decl":{"start":{"line":29,"column":2},"end":{"line":29,"column":3}},"loc":{"start":{"line":29,"column":51},"end":{"line":34,"column":3}},"line":29},"2":{"name":"(anonymous_2)","decl":{"start":{"line":36,"column":2},"end":{"line":36,"column":3}},"loc":{"start":{"line":36,"column":41},"end":{"line":123,"column":3}},"line":36},"3":{"name":"(anonymous_3)","decl":{"start":{"line":120,"column":20},"end":{"line":120,"column":21}},"loc":{"start":{"line":120,"column":30},"end":{"line":122,"column":5}},"line":120},"4":{"name":"(anonymous_4)","decl":{"start":{"line":132,"column":2},"end":{"line":132,"column":3}},"loc":{"start":{"line":132,"column":89},"end":{"line":148,"column":3}},"line":132},"5":{"name":"(anonymous_5)","decl":{"start":{"line":155,"column":2},"end":{"line":155,"column":3}},"loc":{"start":{"line":155,"column":65},"end":{"line":180,"column":3}},"line":155},"6":{"name":"(anonymous_6)","decl":{"start":{"line":187,"column":2},"end":{"line":187,"column":3}},"loc":{"start":{"line":187,"column":73},"end":{"line":190,"column":3}},"line":187},"7":{"name":"(anonymous_7)","decl":{"start":{"line":196,"column":2},"end":{"line":196,"column":3}},"loc":{"start":{"line":196,"column":48},"end":{"line":198,"column":3}},"line":196},"8":{"name":"(anonymous_8)","decl":{"start":{"line":205,"column":2},"end":{"line":205,"column":3}},"loc":{"start":{"line":205,"column":50},"end":{"line":208,"column":3}},"line":205},"9":{"name":"(anonymous_9)","decl":{"start":{"line":217,"column":2},"end":{"line":217,"column":3}},"loc":{"start":{"line":221,"column":4},"end":{"line":250,"column":3}},"line":221},"10":{"name":"(anonymous_10)","decl":{"start":{"line":257,"column":2},"end":{"line":257,"column":3}},"loc":{"start":{"line":257,"column":52},"end":{"line":259,"column":3}},"line":257},"11":{"name":"(anonymous_11)","decl":{"start":{"line":266,"column":2},"end":{"line":266,"column":3}},"loc":{"start":{"line":266,"column":58},"end":{"line":268,"column":3}},"line":266},"12":{"name":"(anonymous_12)","decl":{"start":{"line":275,"column":2},"end":{"line":275,"column":3}},"loc":{"start":{"line":275,"column":46},"end":{"line":277,"column":3}},"line":275},"13":{"name":"(anonymous_13)","decl":{"start":{"line":284,"column":2},"end":{"line":284,"column":3}},"loc":{"start":{"line":284,"column":43},"end":{"line":286,"column":3}},"line":284}},"branchMap":{"0":{"loc":{"start":{"line":30,"column":4},"end":{"line":32,"column":5}},"type":"if","locations":[{"start":{"line":30,"column":4},"end":{"line":32,"column":5}},{"start":{},"end":{}}],"line":30},"1":{"loc":{"start":{"line":134,"column":33},"end":{"line":134,"column":87}},"type":"cond-expr","locations":[{"start":{"line":134,"column":46},"end":{"line":134,"column":82}},{"start":{"line":134,"column":85},"end":{"line":134,"column":87}}],"line":134},"2":{"loc":{"start":{"line":135,"column":27},"end":{"line":135,"column":63}},"type":"cond-expr","locations":[{"start":{"line":135,"column":34},"end":{"line":135,"column":58}},{"start":{"line":135,"column":61},"end":{"line":135,"column":63}}],"line":135},"3":{"loc":{"start":{"line":139,"column":4},"end":{"line":141,"column":5}},"type":"if","locations":[{"start":{"line":139,"column":4},"end":{"line":141,"column":5}},{"start":{},"end":{}}],"line":139},"4":{"loc":{"start":{"line":143,"column":4},"end":{"line":145,"column":5}},"type":"if","locations":[{"start":{"line":143,"column":4},"end":{"line":145,"column":5}},{"start":{},"end":{}}],"line":143},"5":{"loc":{"start":{"line":158,"column":4},"end":{"line":160,"column":5}},"type":"if","locations":[{"start":{"line":158,"column":4},"end":{"line":160,"column":5}},{"start":{},"end":{}}],"line":158},"6":{"loc":{"start":{"line":158,"column":8},"end":{"line":158,"column":56}},"type":"binary-expr","locations":[{"start":{"line":158,"column":8},"end":{"line":158,"column":27}},{"start":{"line":158,"column":31},"end":{"line":158,"column":56}}],"line":158},"7":{"loc":{"start":{"line":163,"column":4},"end":{"line":165,"column":5}},"type":"if","locations":[{"start":{"line":163,"column":4},"end":{"line":165,"column":5}},{"start":{},"end":{}}],"line":163},"8":{"loc":{"start":{"line":171,"column":4},"end":{"line":173,"column":5}},"type":"if","locations":[{"start":{"line":171,"column":4},"end":{"line":173,"column":5}},{"start":{},"end":{}}],"line":171},"9":{"loc":{"start":{"line":175,"column":4},"end":{"line":177,"column":5}},"type":"if","locations":[{"start":{"line":175,"column":4},"end":{"line":177,"column":5}},{"start":{},"end":{}}],"line":175},"10":{"loc":{"start":{"line":223,"column":4},"end":{"line":229,"column":5}},"type":"if","locations":[{"start":{"line":223,"column":4},"end":{"line":229,"column":5}},{"start":{},"end":{}}],"line":223},"11":{"loc":{"start":{"line":235,"column":4},"end":{"line":240,"column":5}},"type":"if","locations":[{"start":{"line":235,"column":4},"end":{"line":240,"column":5}},{"start":{},"end":{}}],"line":235},"12":{"loc":{"start":{"line":242,"column":4},"end":{"line":247,"column":5}},"type":"if","locations":[{"start":{"line":242,"column":4},"end":{"line":247,"column":5}},{"start":{},"end":{}}],"line":242},"13":{"loc":{"start":{"line":245,"column":43},"end":{"line":245,"column":89}},"type":"binary-expr","locations":[{"start":{"line":245,"column":43},"end":{"line":245,"column":53}},{"start":{"line":245,"column":57},"end":{"line":245,"column":89}}],"line":245}},"s":{"0":1,"1":1,"2":1,"3":1,"4":1,"5":1,"6":1,"7":8,"8":3,"9":3,"10":3,"11":3,"12":3,"13":2,"14":3,"15":1,"16":3,"17":5,"18":5,"19":1,"20":4,"21":4,"22":1,"23":3,"24":3,"25":2,"26":3,"27":1,"28":3,"29":3,"30":3,"31":1,"32":7,"33":7,"34":3,"35":3,"36":0,"37":3,"38":3,"39":3,"40":3,"41":2,"42":2,"43":2,"44":2,"45":3,"46":1,"47":1,"48":1,"49":1,"50":3,"51":16,"52":4,"53":2,"54":3,"55":1},"f":{"0":1,"1":1,"2":1,"3":8,"4":3,"5":5,"6":3,"7":1,"8":7,"9":3,"10":16,"11":4,"12":2,"13":3},"b":{"0":[1,0],"1":[2,1],"2":[1,2],"3":[2,1],"4":[1,2],"5":[1,4],"6":[5,5],"7":[1,3],"8":[2,1],"9":[1,2],"10":[0,3],"11":[2,1],"12":[1,2],"13":[1,0]},"_coverageSchema":"1a1c01bbd47fc00a2c39e90264f33305004495a9","hash":"716a3f740d74d18cea80306207e4edff8b5a8b27"}
}
