TN:
SF:src/services/category/CategoryTaxonomyService.ts
FN:17,(anonymous_0)
FN:36,(anonymous_1)
FN:43,(anonymous_2)
FNF:3
FNH:2
FNDA:6,(anonymous_0)
FNDA:24,(anonymous_1)
FNDA:0,(anonymous_2)
DA:18,6
DA:20,6
DA:21,6
DA:23,5
DA:27,5
DA:29,4
DA:30,4
DA:32,3
DA:34,3
DA:36,24
DA:37,2
DA:39,1
DA:40,1
DA:44,0
DA:45,0
DA:46,0
DA:47,0
DA:48,0
DA:52,1
LF:19
LH:14
BRDA:18,0,0,0
BRDA:18,0,1,6
BRDA:21,1,0,1
BRDA:21,1,1,5
BRDA:27,2,0,1
BRDA:27,2,1,4
BRDA:30,3,0,1
BRDA:30,3,1,3
BRDA:34,4,0,1
BRDA:34,4,1,2
BRDA:37,5,0,1
BRDA:37,5,1,1
BRDA:45,6,0,0
BRDA:45,6,1,0
BRDA:46,7,0,0
BRDA:46,7,1,0
BRDA:47,8,0,0
BRDA:47,8,1,0
BRF:18
BRH:11
end_of_record
TN:
SF:src/services/routing/FashionRouteService.ts
FN:25,(anonymous_0)
FN:29,(anonymous_1)
FN:36,(anonymous_2)
FN:120,(anonymous_3)
FN:132,(anonymous_4)
FN:155,(anonymous_5)
FN:187,(anonymous_6)
FN:196,(anonymous_7)
FN:205,(anonymous_8)
FN:217,(anonymous_9)
FN:257,(anonymous_10)
FN:266,(anonymous_11)
FN:275,(anonymous_12)
FN:284,(anonymous_13)
FNF:14
FNH:14
FNDA:1,(anonymous_0)
FNDA:1,(anonymous_1)
FNDA:1,(anonymous_2)
FNDA:8,(anonymous_3)
FNDA:3,(anonymous_4)
FNDA:5,(anonymous_5)
FNDA:3,(anonymous_6)
FNDA:1,(anonymous_7)
FNDA:7,(anonymous_8)
FNDA:3,(anonymous_9)
FNDA:16,(anonymous_10)
FNDA:4,(anonymous_11)
FNDA:2,(anonymous_12)
FNDA:3,(anonymous_13)
DA:23,1
DA:26,1
DA:30,1
DA:31,1
DA:33,1
DA:37,1
DA:120,1
DA:121,8
DA:133,3
DA:134,3
DA:135,3
DA:137,3
DA:139,3
DA:140,2
DA:143,3
DA:144,1
DA:147,3
DA:156,5
DA:158,5
DA:159,1
DA:162,4
DA:163,4
DA:164,1
DA:167,3
DA:171,3
DA:172,2
DA:175,3
DA:176,1
DA:179,3
DA:188,3
DA:189,3
DA:197,1
DA:206,7
DA:207,7
DA:222,3
DA:223,3
DA:224,0
DA:231,3
DA:232,3
DA:233,3
DA:235,3
DA:236,2
DA:237,2
DA:238,2
DA:239,2
DA:242,3
DA:243,1
DA:244,1
DA:245,1
DA:246,1
DA:249,3
DA:258,16
DA:267,4
DA:276,2
DA:285,3
DA:290,1
LF:56
LH:55
BRDA:30,0,0,1
BRDA:30,0,1,0
BRDA:134,1,0,2
BRDA:134,1,1,1
BRDA:135,2,0,1
BRDA:135,2,1,2
BRDA:139,3,0,2
BRDA:139,3,1,1
BRDA:143,4,0,1
BRDA:143,4,1,2
BRDA:158,5,0,1
BRDA:158,5,1,4
BRDA:158,6,0,5
BRDA:158,6,1,5
BRDA:163,7,0,1
BRDA:163,7,1,3
BRDA:171,8,0,2
BRDA:171,8,1,1
BRDA:175,9,0,1
BRDA:175,9,1,2
BRDA:223,10,0,0
BRDA:223,10,1,3
BRDA:235,11,0,2
BRDA:235,11,1,1
BRDA:242,12,0,1
BRDA:242,12,1,2
BRDA:245,13,0,1
BRDA:245,13,1,0
BRF:28
BRH:25
end_of_record
