TN:
SF:client/src/App.tsx
FN:28,(anonymous_0)
FN:30,(anonymous_1)
FN:36,Router
FN:43,(anonymous_3)
FN:50,(anonymous_4)
FN:54,(anonymous_5)
FN:59,(anonymous_6)
FN:87,App
FNF:8
FNH:0
FNDA:0,(anonymous_0)
FNDA:0,(anonymous_1)
FNDA:0,Router
FNDA:0,(anonymous_3)
FNDA:0,(anonymous_4)
FNDA:0,(anonymous_5)
FNDA:0,(anonymous_6)
FNDA:0,App
DA:28,0
DA:29,0
DA:30,0
DA:31,0
DA:33,0
DA:37,0
DA:39,0
DA:43,0
DA:51,0
DA:52,0
DA:55,0
DA:56,0
DA:57,0
DA:60,0
DA:61,0
DA:62,0
DA:63,0
DA:88,0
LF:18
LH:0
BRDA:42,0,0,0
BRDA:42,0,1,0
BRDA:51,1,0,0
BRDA:51,1,1,0
BRDA:51,2,0,0
BRDA:51,2,1,0
BRDA:51,3,0,0
BRDA:51,3,1,0
BRDA:55,4,0,0
BRDA:55,4,1,0
BRDA:55,5,0,0
BRDA:55,5,1,0
BRDA:55,6,0,0
BRDA:55,6,1,0
BRDA:56,7,0,0
BRDA:56,7,1,0
BRDA:56,8,0,0
BRDA:56,8,1,0
BRDA:56,9,0,0
BRDA:56,9,1,0
BRDA:60,10,0,0
BRDA:60,10,1,0
BRDA:60,11,0,0
BRDA:60,11,1,0
BRDA:60,12,0,0
BRDA:60,12,1,0
BRDA:61,13,0,0
BRDA:61,13,1,0
BRDA:61,14,0,0
BRDA:61,14,1,0
BRDA:61,15,0,0
BRDA:61,15,1,0
BRDA:62,16,0,0
BRDA:62,16,1,0
BRDA:62,17,0,0
BRDA:62,17,1,0
BRDA:62,18,0,0
BRDA:62,18,1,0
BRDA:69,19,0,0
BRDA:69,19,1,0
BRDA:69,20,0,0
BRDA:69,20,1,0
BRF:42
BRH:0
end_of_record
TN:
SF:client/src/main.tsx
FNF:0
FNH:0
DA:5,0
LF:1
LH:0
BRF:0
BRH:0
end_of_record
TN:
SF:client/src/aspects/DataValidationAspect.ts
FN:19,(anonymous_0)
FN:21,(anonymous_1)
FN:32,(anonymous_2)
FN:49,(anonymous_3)
FN:69,(anonymous_4)
FN:79,(anonymous_5)
FN:93,(anonymous_6)
FN:108,(anonymous_7)
FN:115,(anonymous_8)
FN:119,(anonymous_9)
FNF:10
FNH:0
FNDA:0,(anonymous_0)
FNDA:0,(anonymous_1)
FNDA:0,(anonymous_2)
FNDA:0,(anonymous_3)
FNDA:0,(anonymous_4)
FNDA:0,(anonymous_5)
FNDA:0,(anonymous_6)
FNDA:0,(anonymous_7)
FNDA:0,(anonymous_8)
FNDA:0,(anonymous_9)
DA:22,0
DA:23,0
DA:25,0
DA:36,0
DA:37,0
DA:38,0
DA:40,0
DA:41,0
DA:54,0
DA:55,0
DA:56,0
DA:58,0
DA:59,0
DA:74,0
DA:75,0
DA:76,0
DA:79,0
DA:80,0
DA:81,0
DA:83,0
DA:84,0
DA:98,0
DA:104,0
DA:106,0
DA:108,0
DA:116,0
DA:119,0
LF:27
LH:0
BRDA:22,0,0,0
BRDA:38,1,0,0
BRDA:38,1,1,0
BRDA:56,2,0,0
BRDA:56,2,1,0
BRDA:56,3,0,0
BRDA:56,3,1,0
BRDA:74,4,0,0
BRDA:115,5,0,0
BRDA:119,6,0,0
BRDA:119,6,1,0
BRF:11
BRH:0
end_of_record
TN:
SF:client/src/components/CategoryCard.tsx
FN:64,CategoryCard
FNF:1
FNH:0
FNDA:0,CategoryCard
DA:22,0
DA:31,0
DA:64,0
DA:65,0
DA:66,0
DA:68,0
LF:6
LH:0
BRDA:65,0,0,0
BRDA:65,0,1,0
BRDA:66,1,0,0
BRDA:66,1,1,0
BRF:4
BRH:0
end_of_record
TN:
SF:client/src/components/Header.tsx
FN:33,Header
FN:211,(anonymous_1)
FNF:2
FNH:0
FNDA:0,Header
FNDA:0,(anonymous_1)
DA:34,0
DA:36,0
DA:211,0
LF:3
LH:0
BRDA:164,0,0,0
BRDA:164,0,1,0
BRDA:164,1,0,0
BRDA:164,1,1,0
BRDA:164,2,0,0
BRDA:164,2,1,0
BRDA:165,3,0,0
BRDA:165,3,1,0
BRDA:165,3,2,0
BRDA:165,4,0,0
BRDA:165,4,1,0
BRDA:165,5,0,0
BRDA:165,5,1,0
BRDA:165,6,0,0
BRDA:165,6,1,0
BRDA:165,7,0,0
BRDA:165,7,1,0
BRDA:169,8,0,0
BRDA:169,8,1,0
BRDA:169,8,2,0
BRDA:169,9,0,0
BRDA:169,9,1,0
BRDA:169,10,0,0
BRDA:169,10,1,0
BRDA:169,11,0,0
BRDA:169,11,1,0
BRDA:169,12,0,0
BRDA:169,12,1,0
BRDA:169,13,0,0
BRDA:169,13,1,0
BRDA:169,14,0,0
BRDA:169,14,1,0
BRDA:169,15,0,0
BRDA:169,15,1,0
BRDA:169,16,0,0
BRDA:169,16,1,0
BRDA:178,17,0,0
BRDA:178,17,1,0
BRDA:178,18,0,0
BRDA:178,18,1,0
BRDA:178,19,0,0
BRDA:178,19,1,0
BRDA:178,20,0,0
BRDA:178,20,1,0
BRDA:178,21,0,0
BRDA:178,21,1,0
BRDA:178,22,0,0
BRDA:178,22,1,0
BRDA:180,23,0,0
BRDA:180,23,1,0
BRDA:180,24,0,0
BRDA:180,24,1,0
BRDA:180,25,0,0
BRDA:180,25,1,0
BRDA:184,26,0,0
BRDA:184,26,1,0
BRDA:184,27,0,0
BRDA:184,27,1,0
BRDA:190,28,0,0
BRDA:190,28,1,0
BRDA:190,29,0,0
BRDA:190,29,1,0
BRDA:190,30,0,0
BRDA:190,30,1,0
BRDA:190,31,0,0
BRDA:190,31,1,0
BRDA:190,32,0,0
BRDA:190,32,1,0
BRF:68
BRH:0
end_of_record
TN:
SF:client/src/components/ListingCard.tsx
FN:42,ListingCard
FN:64,(anonymous_2)
FN:65,(anonymous_3)
FN:68,(anonymous_4)
FN:74,(anonymous_5)
FN:78,(anonymous_6)
FN:82,(anonymous_7)
FN:86,(anonymous_8)
FN:129,(anonymous_9)
FNF:9
FNH:0
FNDA:0,ListingCard
FNDA:0,(anonymous_2)
FNDA:0,(anonymous_3)
FNDA:0,(anonymous_4)
FNDA:0,(anonymous_5)
FNDA:0,(anonymous_6)
FNDA:0,(anonymous_7)
FNDA:0,(anonymous_8)
FNDA:0,(anonymous_9)
DA:42,0
DA:43,0
DA:44,0
DA:46,0
DA:55,0
DA:64,0
DA:65,0
DA:68,0
DA:69,0
DA:70,0
DA:71,0
DA:74,0
DA:75,0
DA:76,0
DA:77,0
DA:78,0
DA:82,0
DA:83,0
DA:84,0
DA:85,0
DA:86,0
DA:90,0
DA:130,0
LF:23
LH:0
BRDA:77,0,0,0
BRDA:85,1,0,0
BRDA:86,2,0,0
BRDA:86,2,1,0
BRDA:100,3,0,0
BRDA:100,3,1,0
BRDA:100,4,0,0
BRDA:100,4,1,0
BRDA:110,5,0,0
BRDA:110,5,1,0
BRDA:133,6,0,0
BRDA:133,6,1,0
BRDA:151,7,0,0
BRDA:151,7,1,0
BRDA:163,8,0,0
BRDA:163,8,1,0
BRDA:170,9,0,0
BRDA:170,9,1,0
BRDA:178,10,0,0
BRDA:178,10,1,0
BRDA:182,11,0,0
BRDA:182,11,1,0
BRDA:183,12,0,0
BRDA:183,12,1,0
BRDA:186,13,0,0
BRDA:186,13,1,0
BRDA:186,13,2,0
BRDA:186,14,0,0
BRDA:186,14,1,0
BRDA:186,15,0,0
BRDA:186,15,1,0
BRDA:186,16,0,0
BRDA:186,16,1,0
BRDA:186,17,0,0
BRDA:186,17,1,0
BRDA:191,18,0,0
BRDA:191,18,1,0
BRDA:193,19,0,0
BRDA:193,19,1,0
BRDA:206,20,0,0
BRDA:206,20,1,0
BRDA:215,21,0,0
BRDA:215,21,1,0
BRDA:218,22,0,0
BRDA:218,22,1,0
BRDA:218,22,2,0
BRDA:219,23,0,0
BRDA:219,23,1,0
BRDA:221,24,0,0
BRDA:221,24,1,0
BRDA:236,25,0,0
BRDA:236,25,1,0
BRDA:249,26,0,0
BRDA:249,26,1,0
BRDA:253,27,0,0
BRDA:253,27,1,0
BRDA:257,28,0,0
BRDA:257,28,1,0
BRF:58
BRH:0
end_of_record
TN:
SF:client/src/components/Navigation.tsx
FN:31,Navigation
FN:33,(anonymous_1)
FN:45,(anonymous_2)
FN:46,(anonymous_3)
FN:54,(anonymous_4)
FN:56,(anonymous_5)
FN:64,(anonymous_6)
FN:84,(anonymous_7)
FN:86,(anonymous_8)
FN:94,(anonymous_9)
FN:111,(anonymous_10)
FN:117,(anonymous_11)
FN:125,(anonymous_12)
FN:144,(anonymous_13)
FN:153,(anonymous_14)
FN:164,(anonymous_15)
FN:166,(anonymous_16)
FN:236,(anonymous_17)
FN:237,(anonymous_18)
FN:248,(anonymous_19)
FN:252,(anonymous_20)
FN:266,(anonymous_21)
FN:268,(anonymous_22)
FN:271,(anonymous_23)
FN:305,(anonymous_24)
FN:313,(anonymous_25)
FN:329,(anonymous_26)
FN:330,(anonymous_27)
FN:353,(anonymous_28)
FN:369,(anonymous_29)
FN:370,(anonymous_30)
FN:393,(anonymous_31)
FN:408,(anonymous_32)
FN:428,(anonymous_33)
FN:448,(anonymous_34)
FN:468,(anonymous_35)
FN:488,(anonymous_36)
FN:508,(anonymous_37)
FN:523,(anonymous_38)
FNF:39
FNH:0
FNDA:0,Navigation
FNDA:0,(anonymous_1)
FNDA:0,(anonymous_2)
FNDA:0,(anonymous_3)
FNDA:0,(anonymous_4)
FNDA:0,(anonymous_5)
FNDA:0,(anonymous_6)
FNDA:0,(anonymous_7)
FNDA:0,(anonymous_8)
FNDA:0,(anonymous_9)
FNDA:0,(anonymous_10)
FNDA:0,(anonymous_11)
FNDA:0,(anonymous_12)
FNDA:0,(anonymous_13)
FNDA:0,(anonymous_14)
FNDA:0,(anonymous_15)
FNDA:0,(anonymous_16)
FNDA:0,(anonymous_17)
FNDA:0,(anonymous_18)
FNDA:0,(anonymous_19)
FNDA:0,(anonymous_20)
FNDA:0,(anonymous_21)
FNDA:0,(anonymous_22)
FNDA:0,(anonymous_23)
FNDA:0,(anonymous_24)
FNDA:0,(anonymous_25)
FNDA:0,(anonymous_26)
FNDA:0,(anonymous_27)
FNDA:0,(anonymous_28)
FNDA:0,(anonymous_29)
FNDA:0,(anonymous_30)
FNDA:0,(anonymous_31)
FNDA:0,(anonymous_32)
FNDA:0,(anonymous_33)
FNDA:0,(anonymous_34)
FNDA:0,(anonymous_35)
FNDA:0,(anonymous_36)
FNDA:0,(anonymous_37)
FNDA:0,(anonymous_38)
DA:33,0
DA:34,0
DA:38,0
DA:39,0
DA:40,0
DA:41,0
DA:42,0
DA:45,0
DA:46,0
DA:47,0
DA:50,0
DA:54,0
DA:56,0
DA:57,0
DA:64,0
DA:65,0
DA:66,0
DA:68,0
DA:69,0
DA:70,0
DA:73,0
DA:76,0
DA:80,0
DA:81,0
DA:84,0
DA:86,0
DA:87,0
DA:94,0
DA:95,0
DA:96,0
DA:98,0
DA:99,0
DA:102,0
DA:105,0
DA:106,0
DA:107,0
DA:111,0
DA:112,0
DA:113,0
DA:114,0
DA:117,0
DA:118,0
DA:125,0
DA:126,0
DA:127,0
DA:129,0
DA:130,0
DA:132,0
DA:136,0
DA:137,0
DA:138,0
DA:144,0
DA:145,0
DA:146,0
DA:147,0
DA:148,0
DA:153,0
DA:154,0
DA:156,0
DA:157,0
DA:158,0
DA:162,0
DA:163,0
DA:164,0
DA:166,0
DA:167,0
DA:168,0
DA:169,0
DA:170,0
DA:173,0
DA:175,0
DA:176,0
DA:177,0
DA:178,0
DA:179,0
DA:180,0
DA:183,0
DA:184,0
DA:185,0
DA:186,0
DA:187,0
DA:188,0
DA:191,0
DA:192,0
DA:193,0
DA:194,0
DA:195,0
DA:197,0
DA:200,0
DA:201,0
DA:202,0
DA:203,0
DA:204,0
DA:206,0
DA:209,0
DA:210,0
DA:211,0
DA:212,0
DA:215,0
DA:216,0
DA:217,0
DA:218,0
DA:219,0
DA:222,0
DA:223,0
DA:224,0
DA:225,0
DA:226,0
DA:228,0
DA:231,0
DA:236,0
DA:237,0
DA:238,0
DA:239,0
DA:240,0
DA:243,0
DA:247,0
DA:248,0
DA:252,0
DA:253,0
DA:255,0
DA:266,0
DA:267,0
DA:268,0
DA:271,0
DA:272,0
DA:273,0
DA:274,0
DA:275,0
DA:276,0
DA:277,0
DA:282,0
DA:306,0
DA:308,0
DA:309,0
DA:313,0
DA:329,0
DA:330,0
DA:345,0
DA:349,0
DA:353,0
DA:369,0
DA:370,0
DA:393,0
DA:409,0
DA:429,0
DA:449,0
DA:469,0
DA:489,0
DA:510,0
DA:515,0
DA:525,0
DA:531,0
LF:153
LH:0
BRDA:68,0,0,0
BRDA:69,1,0,0
BRDA:69,1,1,0
BRDA:69,2,0,0
BRDA:69,2,1,0
BRDA:69,3,0,0
BRDA:69,3,1,0
BRDA:69,4,0,0
BRDA:69,4,1,0
BRDA:70,5,0,0
BRDA:70,5,1,0
BRDA:89,6,0,0
BRDA:89,6,1,0
BRDA:98,7,0,0
BRDA:113,8,0,0
BRDA:113,9,0,0
BRDA:113,9,1,0
BRDA:113,9,2,0
BRDA:120,10,0,0
BRDA:120,10,1,0
BRDA:129,11,0,0
BRDA:145,12,0,0
BRDA:145,13,0,0
BRDA:145,13,1,0
BRDA:147,14,0,0
BRDA:154,15,0,0
BRDA:157,16,0,0
BRDA:157,16,1,0
BRDA:157,17,0,0
BRDA:157,17,1,0
BRDA:158,18,0,0
BRDA:158,18,1,0
BRDA:163,19,0,0
BRDA:163,19,1,0
BRDA:168,20,0,0
BRDA:170,21,0,0
BRDA:170,21,1,0
BRDA:170,22,0,0
BRDA:170,22,1,0
BRDA:173,23,0,0
BRDA:173,23,1,0
BRDA:173,23,2,0
BRDA:173,23,3,0
BRDA:173,23,4,0
BRDA:173,23,5,0
BRDA:173,23,6,0
BRDA:173,23,7,0
BRDA:175,24,0,0
BRDA:177,25,0,0
BRDA:177,25,1,0
BRDA:178,26,0,0
BRDA:178,26,1,0
BRDA:179,27,0,0
BRDA:179,27,1,0
BRDA:179,28,0,0
BRDA:179,28,1,0
BRDA:183,29,0,0
BRDA:185,30,0,0
BRDA:185,30,1,0
BRDA:186,31,0,0
BRDA:186,31,1,0
BRDA:187,32,0,0
BRDA:187,32,1,0
BRDA:187,33,0,0
BRDA:187,33,1,0
BRDA:191,34,0,0
BRDA:194,35,0,0
BRDA:200,36,0,0
BRDA:203,37,0,0
BRDA:209,38,0,0
BRDA:215,39,0,0
BRDA:225,40,0,0
BRDA:226,41,0,0
BRDA:226,41,1,0
BRDA:226,42,0,0
BRDA:226,42,1,0
BRDA:238,43,0,0
BRDA:239,44,0,0
BRDA:239,44,1,0
BRDA:239,45,0,0
BRDA:239,45,1,0
BRDA:239,46,0,0
BRDA:239,46,1,0
BRDA:239,47,0,0
BRDA:239,47,1,0
BRDA:240,48,0,0
BRDA:240,48,1,0
BRDA:253,49,0,0
BRDA:267,50,0,0
BRDA:272,51,0,0
BRDA:272,51,1,0
BRDA:272,52,0,0
BRDA:272,52,1,0
BRDA:275,53,0,0
BRDA:308,54,0,0
BRDA:320,55,0,0
BRDA:320,55,1,0
BRDA:323,56,0,0
BRDA:323,56,1,0
BRDA:335,57,0,0
BRDA:335,57,1,0
BRDA:360,58,0,0
BRDA:360,58,1,0
BRDA:363,59,0,0
BRDA:363,59,1,0
BRDA:375,60,0,0
BRDA:375,60,1,0
BRDA:388,61,0,0
BRDA:388,61,1,0
BRDA:391,62,0,0
BRDA:391,62,1,0
BRDA:393,63,0,0
BRDA:393,63,1,0
BRDA:397,64,0,0
BRDA:397,64,1,0
BRDA:402,65,0,0
BRDA:402,65,1,0
BRDA:508,66,0,0
BRDA:508,66,1,0
BRDA:547,67,0,0
BRDA:547,67,1,0
BRF:121
BRH:0
end_of_record
TN:
SF:client/src/components/SimpleCategoryPage.tsx
FN:106,SimpleCategoryPage
FN:108,(anonymous_1)
FN:216,(anonymous_2)
FNF:3
FNH:0
FNDA:0,SimpleCategoryPage
FNDA:0,(anonymous_1)
FNDA:0,(anonymous_2)
DA:35,0
DA:108,0
DA:109,0
DA:115,0
DA:118,0
DA:124,0
DA:127,0
DA:217,0
LF:8
LH:0
BRDA:243,0,0,0
BRDA:243,0,1,0
BRDA:251,1,0,0
BRDA:251,1,1,0
BRF:4
BRH:0
end_of_record
TN:
SF:client/src/components/UserCard.tsx
FN:28,UserCard
FN:35,(anonymous_2)
FNF:2
FNH:0
FNDA:0,UserCard
FNDA:0,(anonymous_2)
DA:28,0
DA:29,0
DA:31,0
DA:35,0
DA:36,0
DA:37,0
DA:38,0
DA:41,0
DA:42,0
DA:95,0
LF:10
LH:0
BRDA:28,0,0,0
BRDA:28,1,0,0
BRDA:31,2,0,0
BRDA:31,2,1,0
BRDA:31,3,0,0
BRDA:31,3,1,0
BRDA:33,4,0,0
BRDA:33,4,1,0
BRDA:41,5,0,0
BRDA:44,6,0,0
BRDA:44,6,1,0
BRDA:47,7,0,0
BRDA:47,7,1,0
BRDA:52,8,0,0
BRDA:52,8,1,0
BRDA:52,8,2,0
BRDA:52,9,0,0
BRDA:52,9,1,0
BRDA:52,10,0,0
BRDA:52,10,1,0
BRDA:52,11,0,0
BRDA:52,11,1,0
BRDA:52,12,0,0
BRDA:52,12,1,0
BRDA:60,13,0,0
BRDA:60,13,1,0
BRDA:65,14,0,0
BRDA:65,14,1,0
BRDA:70,15,0,0
BRDA:70,15,1,0
BRDA:73,16,0,0
BRDA:73,16,1,0
BRDA:75,17,0,0
BRDA:75,17,1,0
BRDA:78,18,0,0
BRDA:78,18,1,0
BRDA:98,19,0,0
BRDA:98,19,1,0
BRDA:103,20,0,0
BRDA:103,20,1,0
BRDA:108,21,0,0
BRDA:108,21,1,0
BRDA:108,21,2,0
BRDA:108,22,0,0
BRDA:108,22,1,0
BRDA:108,23,0,0
BRDA:108,23,1,0
BRDA:108,24,0,0
BRDA:108,24,1,0
BRDA:108,25,0,0
BRDA:108,25,1,0
BRDA:118,26,0,0
BRDA:118,26,1,0
BRDA:123,27,0,0
BRDA:123,27,1,0
BRDA:128,28,0,0
BRDA:128,28,1,0
BRDA:138,29,0,0
BRDA:138,29,1,0
BRDA:144,30,0,0
BRDA:144,30,1,0
BRDA:150,31,0,0
BRDA:150,31,1,0
BRDA:157,32,0,0
BRDA:157,32,1,0
BRDA:160,33,0,0
BRDA:160,33,1,0
BRDA:161,34,0,0
BRDA:161,34,1,0
BRDA:164,35,0,0
BRDA:164,35,1,0
BRF:71
BRH:0
end_of_record
TN:
SF:client/src/components/analytics/FilterAnalyticsDashboard.tsx
FN:110,FilterAnalyticsDashboard
FN:144,(anonymous_9)
FN:151,(anonymous_10)
FN:152,(anonymous_11)
FN:153,(anonymous_12)
FN:162,(anonymous_13)
FN:163,(anonymous_14)
FN:186,(anonymous_15)
FN:195,(anonymous_16)
FN:198,(anonymous_17)
FN:202,(anonymous_18)
FN:208,(anonymous_19)
FN:217,(anonymous_20)
FN:217,(anonymous_21)
FN:218,(anonymous_22)
FN:224,(anonymous_23)
FN:231,(anonymous_24)
FN:242,(anonymous_25)
FN:242,(anonymous_26)
FN:263,(anonymous_27)
FN:263,(anonymous_28)
FN:265,(anonymous_29)
FN:285,(anonymous_30)
FN:286,(anonymous_31)
FN:292,(anonymous_32)
FN:297,(anonymous_33)
FN:299,(anonymous_34)
FN:322,(anonymous_35)
FN:323,(anonymous_36)
FN:330,(anonymous_37)
FN:332,(anonymous_38)
FN:339,(anonymous_39)
FN:349,(anonymous_40)
FN:399,(anonymous_41)
FN:406,(anonymous_42)
FN:416,(anonymous_43)
FN:423,(anonymous_44)
FN:433,(anonymous_45)
FN:440,(anonymous_46)
FN:451,(anonymous_47)
FN:458,(anonymous_48)
FN:469,(anonymous_49)
FN:473,(anonymous_50)
FN:493,(anonymous_51)
FN:497,(anonymous_52)
FN:533,(anonymous_53)
FN:540,(anonymous_54)
FN:546,(anonymous_55)
FN:577,(anonymous_56)
FN:582,(anonymous_57)
FN:614,MetricCard
FN:654,TrendIndicator
FN:664,SeverityBadge
FN:682,ReportCard
FN:712,ChartCard
FN:730,TableCard
FN:738,(anonymous_64)
FN:746,(anonymous_65)
FN:748,(anonymous_66)
FN:770,InsightCard
FN:800,RecommendationCard
FNF:61
FNH:0
FNDA:0,FilterAnalyticsDashboard
FNDA:0,(anonymous_9)
FNDA:0,(anonymous_10)
FNDA:0,(anonymous_11)
FNDA:0,(anonymous_12)
FNDA:0,(anonymous_13)
FNDA:0,(anonymous_14)
FNDA:0,(anonymous_15)
FNDA:0,(anonymous_16)
FNDA:0,(anonymous_17)
FNDA:0,(anonymous_18)
FNDA:0,(anonymous_19)
FNDA:0,(anonymous_20)
FNDA:0,(anonymous_21)
FNDA:0,(anonymous_22)
FNDA:0,(anonymous_23)
FNDA:0,(anonymous_24)
FNDA:0,(anonymous_25)
FNDA:0,(anonymous_26)
FNDA:0,(anonymous_27)
FNDA:0,(anonymous_28)
FNDA:0,(anonymous_29)
FNDA:0,(anonymous_30)
FNDA:0,(anonymous_31)
FNDA:0,(anonymous_32)
FNDA:0,(anonymous_33)
FNDA:0,(anonymous_34)
FNDA:0,(anonymous_35)
FNDA:0,(anonymous_36)
FNDA:0,(anonymous_37)
FNDA:0,(anonymous_38)
FNDA:0,(anonymous_39)
FNDA:0,(anonymous_40)
FNDA:0,(anonymous_41)
FNDA:0,(anonymous_42)
FNDA:0,(anonymous_43)
FNDA:0,(anonymous_44)
FNDA:0,(anonymous_45)
FNDA:0,(anonymous_46)
FNDA:0,(anonymous_47)
FNDA:0,(anonymous_48)
FNDA:0,(anonymous_49)
FNDA:0,(anonymous_50)
FNDA:0,(anonymous_51)
FNDA:0,(anonymous_52)
FNDA:0,(anonymous_53)
FNDA:0,(anonymous_54)
FNDA:0,(anonymous_55)
FNDA:0,(anonymous_56)
FNDA:0,(anonymous_57)
FNDA:0,MetricCard
FNDA:0,TrendIndicator
FNDA:0,SeverityBadge
FNDA:0,ReportCard
FNDA:0,ChartCard
FNDA:0,TableCard
FNDA:0,(anonymous_64)
FNDA:0,(anonymous_65)
FNDA:0,(anonymous_66)
FNDA:0,InsightCard
FNDA:0,RecommendationCard
DA:115,0
DA:116,0
DA:124,0
DA:125,0
DA:144,0
DA:151,0
DA:152,0
DA:153,0
DA:162,0
DA:163,0
DA:183,0
DA:184,0
DA:186,0
DA:187,0
DA:188,0
DA:195,0
DA:196,0
DA:198,0
DA:199,0
DA:202,0
DA:208,0
DA:209,0
DA:217,0
DA:218,0
DA:220,0
DA:221,0
DA:222,0
DA:224,0
DA:231,0
DA:242,0
DA:243,0
DA:246,0
DA:247,0
DA:250,0
DA:251,0
DA:254,0
DA:255,0
DA:257,0
DA:263,0
DA:264,0
DA:265,0
DA:267,0
DA:268,0
DA:281,0
DA:284,0
DA:285,0
DA:286,0
DA:292,0
DA:296,0
DA:297,0
DA:299,0
DA:306,0
DA:322,0
DA:323,0
DA:324,0
DA:330,0
DA:331,0
DA:332,0
DA:333,0
DA:339,0
DA:340,0
DA:341,0
DA:349,0
DA:350,0
DA:399,0
DA:400,0
DA:402,0
DA:404,0
DA:407,0
DA:416,0
DA:417,0
DA:419,0
DA:421,0
DA:424,0
DA:433,0
DA:434,0
DA:436,0
DA:441,0
DA:451,0
DA:452,0
DA:454,0
DA:459,0
DA:469,0
DA:470,0
DA:474,0
DA:493,0
DA:494,0
DA:498,0
DA:522,0
DA:533,0
DA:540,0
DA:546,0
DA:577,0
DA:582,0
DA:627,0
DA:655,0
DA:656,0
DA:658,0
DA:665,0
DA:672,0
DA:691,0
DA:713,0
DA:731,0
DA:739,0
DA:747,0
DA:749,0
DA:771,0
DA:801,0
LF:108
LH:0
BRDA:115,0,0,0
BRDA:175,1,0,0
BRDA:175,1,1,0
BRDA:196,2,0,0
BRDA:233,3,0,0
BRDA:233,3,1,0
BRDA:267,4,0,0
BRDA:296,5,0,0
BRDA:296,5,1,0
BRDA:296,6,0,0
BRDA:296,6,1,0
BRDA:296,7,0,0
BRDA:296,7,1,0
BRDA:324,8,0,0
BRDA:324,8,1,0
BRDA:324,9,0,0
BRDA:324,9,1,0
BRDA:333,10,0,0
BRDA:333,10,1,0
BRDA:333,11,0,0
BRDA:333,11,1,0
BRDA:341,12,0,0
BRDA:341,12,1,0
BRDA:341,13,0,0
BRDA:341,13,1,0
BRDA:400,14,0,0
BRDA:400,15,0,0
BRDA:400,15,1,0
BRDA:417,16,0,0
BRDA:417,17,0,0
BRDA:417,17,1,0
BRDA:434,18,0,0
BRDA:434,19,0,0
BRDA:434,19,1,0
BRDA:452,20,0,0
BRDA:452,21,0,0
BRDA:452,21,1,0
BRDA:511,22,0,0
BRDA:511,22,1,0
BRDA:537,23,0,0
BRDA:537,23,1,0
BRDA:556,24,0,0
BRDA:556,24,1,0
BRDA:581,25,0,0
BRDA:581,25,1,0
BRDA:581,26,0,0
BRDA:581,26,1,0
BRDA:640,27,0,0
BRDA:640,27,1,0
BRDA:641,28,0,0
BRDA:641,28,1,0
BRDA:643,29,0,0
BRDA:643,29,1,0
BRDA:655,30,0,0
BRDA:655,30,1,0
BRDA:655,31,0,0
BRDA:655,31,1,0
BRDA:656,32,0,0
BRDA:656,32,1,0
BRDA:656,33,0,0
BRDA:656,33,1,0
BRDA:694,34,0,0
BRDA:694,34,1,0
BRDA:758,35,0,0
BRDA:758,35,1,0
BRDA:783,36,0,0
BRDA:783,36,1,0
BRDA:784,37,0,0
BRDA:784,37,1,0
BRDA:785,38,0,0
BRDA:785,38,1,0
BRDA:812,39,0,0
BRDA:812,39,1,0
BRDA:813,40,0,0
BRDA:813,40,1,0
BRDA:814,41,0,0
BRDA:814,41,1,0
BRF:77
BRH:0
end_of_record
TN:
SF:client/src/components/analytics/FilterAnalyticsTracker.tsx
FN:89,generateSessionId
FN:96,getUserAgent
FN:103,getCurrentURL
FN:110,getReferrerURL
FN:120,FilterAnalyticsTracker
FN:150,(anonymous_5)
FN:162,(anonymous_6)
FN:163,(anonymous_7)
FN:170,(anonymous_8)
FN:171,(anonymous_9)
FN:177,(anonymous_10)
FN:178,(anonymous_11)
FN:186,(anonymous_12)
FN:198,(anonymous_13)
FN:211,(anonymous_14)
FN:235,(anonymous_15)
FN:246,(anonymous_16)
FN:257,(anonymous_17)
FN:270,(anonymous_18)
FN:289,(anonymous_19)
FN:302,(anonymous_20)
FN:316,(anonymous_21)
FN:332,(anonymous_22)
FN:338,(anonymous_23)
FN:349,(anonymous_24)
FN:355,(anonymous_25)
FN:365,(anonymous_26)
FN:368,(anonymous_27)
FN:379,(anonymous_28)
FN:383,(anonymous_29)
FN:419,(anonymous_30)
FN:431,(anonymous_31)
FN:441,(anonymous_32)
FN:476,(anonymous_33)
FN:503,(anonymous_34)
FN:557,useFilterAnalyticsTracker
FN:575,(anonymous_36)
FN:576,(anonymous_37)
FN:583,(anonymous_38)
FN:584,(anonymous_39)
FN:590,(anonymous_40)
FN:591,(anonymous_41)
FN:599,(anonymous_42)
FN:611,(anonymous_43)
FNF:44
FNH:0
FNDA:0,generateSessionId
FNDA:0,getUserAgent
FNDA:0,getCurrentURL
FNDA:0,getReferrerURL
FNDA:0,FilterAnalyticsTracker
FNDA:0,(anonymous_5)
FNDA:0,(anonymous_6)
FNDA:0,(anonymous_7)
FNDA:0,(anonymous_8)
FNDA:0,(anonymous_9)
FNDA:0,(anonymous_10)
FNDA:0,(anonymous_11)
FNDA:0,(anonymous_12)
FNDA:0,(anonymous_13)
FNDA:0,(anonymous_14)
FNDA:0,(anonymous_15)
FNDA:0,(anonymous_16)
FNDA:0,(anonymous_17)
FNDA:0,(anonymous_18)
FNDA:0,(anonymous_19)
FNDA:0,(anonymous_20)
FNDA:0,(anonymous_21)
FNDA:0,(anonymous_22)
FNDA:0,(anonymous_23)
FNDA:0,(anonymous_24)
FNDA:0,(anonymous_25)
FNDA:0,(anonymous_26)
FNDA:0,(anonymous_27)
FNDA:0,(anonymous_28)
FNDA:0,(anonymous_29)
FNDA:0,(anonymous_30)
FNDA:0,(anonymous_31)
FNDA:0,(anonymous_32)
FNDA:0,(anonymous_33)
FNDA:0,(anonymous_34)
FNDA:0,useFilterAnalyticsTracker
FNDA:0,(anonymous_36)
FNDA:0,(anonymous_37)
FNDA:0,(anonymous_38)
FNDA:0,(anonymous_39)
FNDA:0,(anonymous_40)
FNDA:0,(anonymous_41)
FNDA:0,(anonymous_42)
FNDA:0,(anonymous_43)
DA:90,0
DA:97,0
DA:104,0
DA:111,0
DA:134,0
DA:138,0
DA:150,0
DA:151,0
DA:153,0
DA:154,0
DA:157,0
DA:162,0
DA:163,0
DA:170,0
DA:171,0
DA:177,0
DA:178,0
DA:186,0
DA:187,0
DA:189,0
DA:198,0
DA:206,0
DA:207,0
DA:211,0
DA:212,0
DA:235,0
DA:236,0
DA:246,0
DA:247,0
DA:257,0
DA:258,0
DA:270,0
DA:271,0
DA:284,0
DA:285,0
DA:289,0
DA:290,0
DA:302,0
DA:303,0
DA:305,0
DA:316,0
DA:317,0
DA:319,0
DA:332,0
DA:333,0
DA:334,0
DA:338,0
DA:339,0
DA:342,0
DA:343,0
DA:345,0
DA:347,0
DA:349,0
DA:350,0
DA:355,0
DA:356,0
DA:358,0
DA:359,0
DA:365,0
DA:366,0
DA:368,0
DA:369,0
DA:370,0
DA:374,0
DA:379,0
DA:380,0
DA:382,0
DA:383,0
DA:384,0
DA:385,0
DA:388,0
DA:420,0
DA:431,0
DA:432,0
DA:434,0
DA:436,0
DA:442,0
DA:476,0
DA:477,0
DA:479,0
DA:503,0
DA:522,0
DA:565,0
DA:575,0
DA:576,0
DA:583,0
DA:584,0
DA:590,0
DA:591,0
DA:599,0
DA:600,0
DA:602,0
DA:611,0
DA:620,0
LF:94
LH:0
BRDA:97,0,0,0
BRDA:97,0,1,0
BRDA:104,1,0,0
BRDA:104,1,1,0
BRDA:111,2,0,0
BRDA:111,2,1,0
BRDA:121,3,0,0
BRDA:122,4,0,0
BRDA:123,5,0,0
BRDA:124,6,0,0
BRDA:125,7,0,0
BRDA:126,8,0,0
BRDA:129,9,0,0
BRDA:153,10,0,0
BRDA:187,11,0,0
BRDA:203,12,0,0
BRDA:203,12,1,0
BRDA:206,13,0,0
BRDA:222,14,0,0
BRDA:222,14,1,0
BRDA:223,15,0,0
BRDA:223,15,1,0
BRDA:223,16,0,0
BRDA:223,16,1,0
BRDA:223,17,0,0
BRDA:223,17,1,0
BRDA:224,18,0,0
BRDA:224,18,1,0
BRDA:224,19,0,0
BRDA:224,19,1,0
BRDA:224,20,0,0
BRDA:224,20,1,0
BRDA:225,21,0,0
BRDA:225,21,1,0
BRDA:225,22,0,0
BRDA:225,22,1,0
BRDA:225,23,0,0
BRDA:225,23,1,0
BRDA:226,24,0,0
BRDA:226,24,1,0
BRDA:226,25,0,0
BRDA:226,25,1,0
BRDA:226,26,0,0
BRDA:226,26,1,0
BRDA:227,27,0,0
BRDA:227,27,1,0
BRDA:227,28,0,0
BRDA:227,28,1,0
BRDA:227,29,0,0
BRDA:227,29,1,0
BRDA:228,30,0,0
BRDA:228,30,1,0
BRDA:284,31,0,0
BRDA:303,32,0,0
BRDA:317,33,0,0
BRDA:333,34,0,0
BRDA:333,35,0,0
BRDA:333,35,1,0
BRDA:339,36,0,0
BRDA:339,37,0,0
BRDA:339,37,1,0
BRDA:343,38,0,0
BRDA:343,38,1,0
BRDA:343,39,0,0
BRDA:343,39,1,0
BRDA:343,40,0,0
BRDA:343,40,1,0
BRDA:345,41,0,0
BRDA:356,42,0,0
BRDA:356,43,0,0
BRDA:356,43,1,0
BRDA:356,43,2,0
BRDA:358,44,0,0
BRDA:369,45,0,0
BRDA:380,46,0,0
BRDA:380,47,0,0
BRDA:380,47,1,0
BRDA:384,48,0,0
BRDA:384,48,1,0
BRDA:411,49,0,0
BRDA:411,49,1,0
BRDA:432,50,0,0
BRDA:432,51,0,0
BRDA:432,51,1,0
BRDA:445,52,0,0
BRDA:445,52,1,0
BRDA:447,53,0,0
BRDA:447,53,1,0
BRDA:461,54,0,0
BRDA:461,54,1,0
BRDA:461,54,2,0
BRDA:477,55,0,0
BRDA:483,56,0,0
BRDA:483,56,1,0
BRDA:485,57,0,0
BRDA:485,57,1,0
BRDA:490,58,0,0
BRDA:490,58,1,0
BRDA:510,59,0,0
BRDA:510,59,1,0
BRDA:514,60,0,0
BRDA:514,60,1,0
BRDA:530,61,0,0
BRDA:530,61,1,0
BRDA:532,62,0,0
BRDA:532,62,1,0
BRDA:540,63,0,0
BRDA:540,63,1,0
BRDA:557,64,0,0
BRDA:600,65,0,0
BRDA:616,66,0,0
BRDA:616,66,1,0
BRF:112
BRH:0
end_of_record
TN:
SF:client/src/components/analytics/FilterDebugPanel.tsx
FN:84,FilterDebugPanel
FN:115,(anonymous_1)
FN:125,(anonymous_2)
FN:130,(anonymous_3)
FN:134,(anonymous_4)
FN:152,(anonymous_5)
FN:153,(anonymous_6)
FN:159,(anonymous_7)
FN:160,(anonymous_8)
FN:166,(anonymous_9)
FN:167,(anonymous_10)
FN:170,(anonymous_11)
FN:175,(anonymous_12)
FN:181,(anonymous_13)
FN:187,(anonymous_14)
FN:188,(anonymous_15)
FN:194,(anonymous_16)
FN:200,(anonymous_17)
FN:217,(anonymous_18)
FN:225,(anonymous_19)
FN:233,(anonymous_20)
FN:255,(anonymous_21)
FN:259,(anonymous_22)
FN:263,(anonymous_23)
FN:288,(anonymous_24)
FN:305,(anonymous_25)
FN:323,(anonymous_26)
FN:366,(anonymous_27)
FN:378,(anonymous_28)
FN:406,(anonymous_29)
FN:447,(anonymous_30)
FN:452,(anonymous_31)
FN:477,(anonymous_32)
FN:486,(anonymous_33)
FN:508,(anonymous_34)
FN:513,(anonymous_35)
FN:530,(anonymous_36)
FN:554,(anonymous_37)
FN:600,(anonymous_38)
FN:611,(anonymous_39)
FN:615,(anonymous_40)
FN:628,(anonymous_41)
FN:683,useFilterDebugPanel
FN:695,(anonymous_43)
FN:696,(anonymous_44)
FN:702,(anonymous_45)
FN:708,(anonymous_46)
FN:714,(anonymous_47)
FN:715,(anonymous_48)
FNF:49
FNH:0
FNDA:0,FilterDebugPanel
FNDA:0,(anonymous_1)
FNDA:0,(anonymous_2)
FNDA:0,(anonymous_3)
FNDA:0,(anonymous_4)
FNDA:0,(anonymous_5)
FNDA:0,(anonymous_6)
FNDA:0,(anonymous_7)
FNDA:0,(anonymous_8)
FNDA:0,(anonymous_9)
FNDA:0,(anonymous_10)
FNDA:0,(anonymous_11)
FNDA:0,(anonymous_12)
FNDA:0,(anonymous_13)
FNDA:0,(anonymous_14)
FNDA:0,(anonymous_15)
FNDA:0,(anonymous_16)
FNDA:0,(anonymous_17)
FNDA:0,(anonymous_18)
FNDA:0,(anonymous_19)
FNDA:0,(anonymous_20)
FNDA:0,(anonymous_21)
FNDA:0,(anonymous_22)
FNDA:0,(anonymous_23)
FNDA:0,(anonymous_24)
FNDA:0,(anonymous_25)
FNDA:0,(anonymous_26)
FNDA:0,(anonymous_27)
FNDA:0,(anonymous_28)
FNDA:0,(anonymous_29)
FNDA:0,(anonymous_30)
FNDA:0,(anonymous_31)
FNDA:0,(anonymous_32)
FNDA:0,(anonymous_33)
FNDA:0,(anonymous_34)
FNDA:0,(anonymous_35)
FNDA:0,(anonymous_36)
FNDA:0,(anonymous_37)
FNDA:0,(anonymous_38)
FNDA:0,(anonymous_39)
FNDA:0,(anonymous_40)
FNDA:0,(anonymous_41)
FNDA:0,useFilterDebugPanel
FNDA:0,(anonymous_43)
FNDA:0,(anonymous_44)
FNDA:0,(anonymous_45)
FNDA:0,(anonymous_46)
FNDA:0,(anonymous_47)
FNDA:0,(anonymous_48)
DA:101,0
DA:105,0
DA:115,0
DA:116,0
DA:118,0
DA:119,0
DA:122,0
DA:125,0
DA:126,0
DA:127,0
DA:129,0
DA:130,0
DA:133,0
DA:134,0
DA:137,0
DA:152,0
DA:153,0
DA:159,0
DA:160,0
DA:166,0
DA:167,0
DA:170,0
DA:175,0
DA:176,0
DA:181,0
DA:187,0
DA:188,0
DA:194,0
DA:195,0
DA:200,0
DA:205,0
DA:212,0
DA:213,0
DA:217,0
DA:218,0
DA:219,0
DA:225,0
DA:226,0
DA:227,0
DA:233,0
DA:234,0
DA:240,0
DA:241,0
DA:242,0
DA:243,0
DA:244,0
DA:245,0
DA:246,0
DA:247,0
DA:249,0
DA:255,0
DA:256,0
DA:257,0
DA:258,0
DA:259,0
DA:260,0
DA:261,0
DA:262,0
DA:263,0
DA:264,0
DA:265,0
DA:267,0
DA:274,0
DA:282,0
DA:285,0
DA:288,0
DA:289,0
DA:292,0
DA:293,0
DA:296,0
DA:297,0
DA:299,0
DA:305,0
DA:306,0
DA:307,0
DA:315,0
DA:323,0
DA:324,0
DA:326,0
DA:366,0
DA:378,0
DA:406,0
DA:407,0
DA:409,0
DA:447,0
DA:453,0
DA:477,0
DA:478,0
DA:480,0
DA:486,0
DA:508,0
DA:514,0
DA:530,0
DA:531,0
DA:555,0
DA:600,0
DA:601,0
DA:608,0
DA:612,0
DA:615,0
DA:628,0
DA:636,0
DA:638,0
DA:687,0
DA:695,0
DA:696,0
DA:702,0
DA:703,0
DA:708,0
DA:714,0
DA:715,0
DA:721,0
LF:112
LH:0
BRDA:85,0,0,0
BRDA:86,1,0,0
BRDA:87,2,0,0
BRDA:88,3,0,0
BRDA:89,4,0,0
BRDA:90,5,0,0
BRDA:91,6,0,0
BRDA:92,7,0,0
BRDA:93,8,0,0
BRDA:94,9,0,0
BRDA:96,10,0,0
BRDA:118,11,0,0
BRDA:129,12,0,0
BRDA:129,12,1,0
BRDA:133,13,0,0
BRDA:133,13,1,0
BRDA:141,14,0,0
BRDA:141,14,1,0
BRDA:143,15,0,0
BRDA:143,15,1,0
BRDA:169,16,0,0
BRDA:169,16,1,0
BRDA:212,17,0,0
BRDA:260,18,0,0
BRDA:260,18,1,0
BRDA:260,19,0,0
BRDA:260,19,1,0
BRDA:261,20,0,0
BRDA:265,21,0,0
BRDA:265,21,1,0
BRDA:265,22,0,0
BRDA:265,22,1,0
BRDA:278,23,0,0
BRDA:278,23,1,0
BRDA:324,24,0,0
BRDA:385,25,0,0
BRDA:385,25,1,0
BRDA:393,26,0,0
BRDA:393,26,1,0
BRDA:397,27,0,0
BRDA:397,27,1,0
BRDA:407,28,0,0
BRDA:464,29,0,0
BRDA:464,29,1,0
BRDA:478,30,0,0
BRDA:558,31,0,0
BRDA:558,31,1,0
BRDA:560,32,0,0
BRDA:560,32,1,0
BRDA:562,33,0,0
BRDA:562,33,1,0
BRDA:577,34,0,0
BRDA:577,34,1,0
BRDA:577,34,2,0
BRDA:585,35,0,0
BRDA:585,35,1,0
BRDA:617,36,0,0
BRDA:617,36,1,0
BRDA:628,37,0,0
BRDA:628,37,1,0
BRDA:628,38,0,0
BRDA:628,38,1,0
BRDA:636,39,0,0
BRDA:648,40,0,0
BRDA:648,40,1,0
BRDA:651,41,0,0
BRDA:651,41,1,0
BRDA:683,42,0,0
BRDA:710,43,0,0
BRDA:710,43,1,0
BRF:70
BRH:0
end_of_record
TN:
SF:client/src/components/analytics/FilterPerformanceMonitor.tsx
FN:104,FilterPerformanceMonitor
FN:131,(anonymous_1)
FN:143,(anonymous_2)
FN:144,(anonymous_3)
FN:151,(anonymous_4)
FN:152,(anonymous_5)
FN:158,(anonymous_6)
FN:159,(anonymous_7)
FN:166,(anonymous_8)
FN:167,(anonymous_9)
FN:173,(anonymous_10)
FN:202,(anonymous_11)
FN:297,(anonymous_12)
FN:303,(anonymous_13)
FN:320,(anonymous_14)
FN:329,(anonymous_15)
FN:335,(anonymous_16)
FN:340,(anonymous_17)
FN:345,(anonymous_18)
FN:349,(anonymous_19)
FN:350,(anonymous_20)
FN:381,(anonymous_21)
FN:391,(anonymous_22)
FN:414,(anonymous_23)
FN:487,useFilterPerformanceMonitor
FN:501,(anonymous_25)
FN:502,(anonymous_26)
FN:509,(anonymous_27)
FN:510,(anonymous_28)
FN:516,(anonymous_29)
FN:517,(anonymous_30)
FN:524,(anonymous_31)
FN:525,(anonymous_32)
FNF:33
FNH:0
FNDA:0,FilterPerformanceMonitor
FNDA:0,(anonymous_1)
FNDA:0,(anonymous_2)
FNDA:0,(anonymous_3)
FNDA:0,(anonymous_4)
FNDA:0,(anonymous_5)
FNDA:0,(anonymous_6)
FNDA:0,(anonymous_7)
FNDA:0,(anonymous_8)
FNDA:0,(anonymous_9)
FNDA:0,(anonymous_10)
FNDA:0,(anonymous_11)
FNDA:0,(anonymous_12)
FNDA:0,(anonymous_13)
FNDA:0,(anonymous_14)
FNDA:0,(anonymous_15)
FNDA:0,(anonymous_16)
FNDA:0,(anonymous_17)
FNDA:0,(anonymous_18)
FNDA:0,(anonymous_19)
FNDA:0,(anonymous_20)
FNDA:0,(anonymous_21)
FNDA:0,(anonymous_22)
FNDA:0,(anonymous_23)
FNDA:0,useFilterPerformanceMonitor
FNDA:0,(anonymous_25)
FNDA:0,(anonymous_26)
FNDA:0,(anonymous_27)
FNDA:0,(anonymous_28)
FNDA:0,(anonymous_29)
FNDA:0,(anonymous_30)
FNDA:0,(anonymous_31)
FNDA:0,(anonymous_32)
DA:85,0
DA:116,0
DA:120,0
DA:131,0
DA:132,0
DA:134,0
DA:135,0
DA:138,0
DA:143,0
DA:144,0
DA:151,0
DA:152,0
DA:158,0
DA:159,0
DA:166,0
DA:167,0
DA:173,0
DA:174,0
DA:177,0
DA:180,0
DA:181,0
DA:182,0
DA:184,0
DA:199,0
DA:202,0
DA:203,0
DA:204,0
DA:207,0
DA:208,0
DA:218,0
DA:219,0
DA:229,0
DA:230,0
DA:240,0
DA:241,0
DA:251,0
DA:252,0
DA:262,0
DA:263,0
DA:273,0
DA:274,0
DA:284,0
DA:285,0
DA:294,0
DA:297,0
DA:298,0
DA:300,0
DA:301,0
DA:303,0
DA:304,0
DA:305,0
DA:307,0
DA:316,0
DA:317,0
DA:320,0
DA:321,0
DA:322,0
DA:329,0
DA:330,0
DA:331,0
DA:335,0
DA:336,0
DA:338,0
DA:340,0
DA:345,0
DA:346,0
DA:348,0
DA:349,0
DA:350,0
DA:352,0
DA:381,0
DA:382,0
DA:384,0
DA:386,0
DA:392,0
DA:414,0
DA:415,0
DA:417,0
DA:452,0
DA:492,0
DA:501,0
DA:502,0
DA:509,0
DA:510,0
DA:516,0
DA:517,0
DA:524,0
DA:525,0
DA:531,0
LF:89
LH:0
BRDA:105,0,0,0
BRDA:106,1,0,0
BRDA:107,2,0,0
BRDA:108,3,0,0
BRDA:111,4,0,0
BRDA:134,5,0,0
BRDA:180,6,0,0
BRDA:180,6,1,0
BRDA:186,7,0,0
BRDA:186,7,1,0
BRDA:186,8,0,0
BRDA:186,8,1,0
BRDA:186,9,0,0
BRDA:186,9,1,0
BRDA:187,10,0,0
BRDA:187,10,1,0
BRDA:187,11,0,0
BRDA:187,11,1,0
BRDA:187,12,0,0
BRDA:187,12,1,0
BRDA:188,13,0,0
BRDA:188,13,1,0
BRDA:188,14,0,0
BRDA:188,14,1,0
BRDA:188,15,0,0
BRDA:188,15,1,0
BRDA:189,16,0,0
BRDA:189,16,1,0
BRDA:189,17,0,0
BRDA:189,17,1,0
BRDA:189,18,0,0
BRDA:189,18,1,0
BRDA:191,19,0,0
BRDA:191,19,1,0
BRDA:191,20,0,0
BRDA:191,20,1,0
BRDA:191,21,0,0
BRDA:191,21,1,0
BRDA:195,22,0,0
BRDA:195,22,1,0
BRDA:207,23,0,0
BRDA:209,24,0,0
BRDA:209,24,1,0
BRDA:218,25,0,0
BRDA:220,26,0,0
BRDA:220,26,1,0
BRDA:229,27,0,0
BRDA:231,28,0,0
BRDA:231,28,1,0
BRDA:240,29,0,0
BRDA:242,30,0,0
BRDA:242,30,1,0
BRDA:251,31,0,0
BRDA:262,32,0,0
BRDA:273,33,0,0
BRDA:284,34,0,0
BRDA:298,35,0,0
BRDA:316,36,0,0
BRDA:321,37,0,0
BRDA:330,38,0,0
BRDA:330,39,0,0
BRDA:330,39,1,0
BRDA:336,40,0,0
BRDA:336,41,0,0
BRDA:336,41,1,0
BRDA:346,42,0,0
BRDA:346,43,0,0
BRDA:346,43,1,0
BRDA:382,44,0,0
BRDA:382,45,0,0
BRDA:382,45,1,0
BRDA:395,46,0,0
BRDA:395,46,1,0
BRDA:397,47,0,0
BRDA:397,47,1,0
BRDA:415,48,0,0
BRDA:421,49,0,0
BRDA:421,49,1,0
BRDA:423,50,0,0
BRDA:423,50,1,0
BRDA:428,51,0,0
BRDA:428,51,1,0
BRDA:440,52,0,0
BRDA:440,52,1,0
BRDA:444,53,0,0
BRDA:444,53,1,0
BRDA:460,54,0,0
BRDA:460,54,1,0
BRDA:462,55,0,0
BRDA:462,55,1,0
BRDA:470,56,0,0
BRDA:470,56,1,0
BRDA:474,57,0,0
BRDA:474,57,1,0
BRDA:487,58,0,0
BRF:95
BRH:0
end_of_record
TN:
SF:client/src/components/common/ErrorBoundary.tsx
FN:16,(anonymous_0)
FN:45,(anonymous_1)
FN:21,(anonymous_2)
FN:25,(anonymous_3)
FN:51,(anonymous_4)
FNF:5
FNH:0
FNDA:0,(anonymous_0)
FNDA:0,(anonymous_1)
FNDA:0,(anonymous_2)
FNDA:0,(anonymous_3)
FNDA:0,(anonymous_4)
DA:17,0
DA:18,0
DA:22,0
DA:26,0
DA:27,0
DA:28,0
DA:45,0
DA:46,0
DA:47,0
DA:52,0
DA:53,0
DA:54,0
DA:70,0
LF:13
LH:0
BRDA:46,0,0,0
BRDA:34,1,0,0
BRDA:34,1,1,0
BRDA:35,2,0,0
BRDA:35,2,1,0
BRDA:52,3,0,0
BRDA:53,4,0,0
BRF:7
BRH:0
end_of_record
TN:
SF:client/src/components/examples/VideoExample.tsx
FN:7,(anonymous_0)
FNF:1
FNH:0
FNDA:0,(anonymous_0)
DA:7,0
DA:9,0
DA:15,0
DA:21,0
LF:4
LH:0
BRF:0
BRH:0
end_of_record
TN:
SF:client/src/components/filters/EnterpriseFilterSidebar.tsx
FN:1442,(anonymous_0)
FN:1450,(anonymous_1)
FN:1472,(anonymous_2)
FN:1474,(anonymous_3)
FN:1491,(anonymous_4)
FN:1501,(anonymous_5)
FN:1511,(anonymous_6)
FN:1528,(anonymous_7)
FN:1580,(anonymous_8)
FN:1581,(anonymous_9)
FN:1584,(anonymous_10)
FN:1596,(anonymous_11)
FN:1613,(anonymous_12)
FN:1616,(anonymous_13)
FN:1627,(anonymous_14)
FN:1628,(anonymous_15)
FN:1631,(anonymous_16)
FN:1641,(anonymous_17)
FN:1642,(anonymous_18)
FN:1647,(anonymous_19)
FN:1653,(anonymous_20)
FN:1654,(anonymous_21)
FN:1657,(anonymous_22)
FN:1667,(anonymous_23)
FN:1668,(anonymous_24)
FN:1674,(anonymous_25)
FN:1675,(anonymous_26)
FN:1681,(anonymous_27)
FN:1682,(anonymous_28)
FN:1685,(anonymous_29)
FN:1695,(anonymous_30)
FN:1696,(anonymous_31)
FN:1699,(anonymous_32)
FN:1710,(anonymous_33)
FN:1716,(anonymous_34)
FN:1737,(anonymous_35)
FN:1793,(anonymous_36)
FN:1813,(anonymous_37)
FN:1823,(anonymous_38)
FN:1860,(anonymous_39)
FN:1876,(anonymous_40)
FN:1882,(anonymous_41)
FN:1887,(anonymous_42)
FN:1911,(anonymous_43)
FN:1916,(anonymous_44)
FN:1940,(anonymous_45)
FN:1943,(anonymous_46)
FN:1972,(anonymous_47)
FN:1977,(anonymous_48)
FN:2000,(anonymous_49)
FN:2005,(anonymous_50)
FN:2075,(anonymous_51)
FN:2080,(anonymous_52)
FNF:53
FNH:0
FNDA:0,(anonymous_0)
FNDA:0,(anonymous_1)
FNDA:0,(anonymous_2)
FNDA:0,(anonymous_3)
FNDA:0,(anonymous_4)
FNDA:0,(anonymous_5)
FNDA:0,(anonymous_6)
FNDA:0,(anonymous_7)
FNDA:0,(anonymous_8)
FNDA:0,(anonymous_9)
FNDA:0,(anonymous_10)
FNDA:0,(anonymous_11)
FNDA:0,(anonymous_12)
FNDA:0,(anonymous_13)
FNDA:0,(anonymous_14)
FNDA:0,(anonymous_15)
FNDA:0,(anonymous_16)
FNDA:0,(anonymous_17)
FNDA:0,(anonymous_18)
FNDA:0,(anonymous_19)
FNDA:0,(anonymous_20)
FNDA:0,(anonymous_21)
FNDA:0,(anonymous_22)
FNDA:0,(anonymous_23)
FNDA:0,(anonymous_24)
FNDA:0,(anonymous_25)
FNDA:0,(anonymous_26)
FNDA:0,(anonymous_27)
FNDA:0,(anonymous_28)
FNDA:0,(anonymous_29)
FNDA:0,(anonymous_30)
FNDA:0,(anonymous_31)
FNDA:0,(anonymous_32)
FNDA:0,(anonymous_33)
FNDA:0,(anonymous_34)
FNDA:0,(anonymous_35)
FNDA:0,(anonymous_36)
FNDA:0,(anonymous_37)
FNDA:0,(anonymous_38)
FNDA:0,(anonymous_39)
FNDA:0,(anonymous_40)
FNDA:0,(anonymous_41)
FNDA:0,(anonymous_42)
FNDA:0,(anonymous_43)
FNDA:0,(anonymous_44)
FNDA:0,(anonymous_45)
FNDA:0,(anonymous_46)
FNDA:0,(anonymous_47)
FNDA:0,(anonymous_48)
FNDA:0,(anonymous_49)
FNDA:0,(anonymous_50)
FNDA:0,(anonymous_51)
FNDA:0,(anonymous_52)
DA:99,0
DA:100,0
DA:103,0
DA:1383,0
DA:1396,0
DA:1401,0
DA:1409,0
DA:1416,0
DA:1431,0
DA:1442,0
DA:1450,0
DA:1452,0
DA:1453,0
DA:1455,0
DA:1468,0
DA:1472,0
DA:1473,0
DA:1474,0
DA:1481,0
DA:1482,0
DA:1491,0
DA:1501,0
DA:1502,0
DA:1503,0
DA:1505,0
DA:1511,0
DA:1512,0
DA:1513,0
DA:1521,0
DA:1523,0
DA:1528,0
DA:1580,0
DA:1581,0
DA:1582,0
DA:1583,0
DA:1584,0
DA:1587,0
DA:1594,0
DA:1596,0
DA:1598,0
DA:1601,0
DA:1603,0
DA:1604,0
DA:1607,0
DA:1608,0
DA:1609,0
DA:1613,0
DA:1614,0
DA:1615,0
DA:1616,0
DA:1619,0
DA:1624,0
DA:1627,0
DA:1628,0
DA:1629,0
DA:1630,0
DA:1631,0
DA:1634,0
DA:1641,0
DA:1642,0
DA:1647,0
DA:1648,0
DA:1650,0
DA:1653,0
DA:1654,0
DA:1655,0
DA:1656,0
DA:1657,0
DA:1660,0
DA:1667,0
DA:1668,0
DA:1674,0
DA:1675,0
DA:1681,0
DA:1682,0
DA:1683,0
DA:1684,0
DA:1685,0
DA:1688,0
DA:1695,0
DA:1696,0
DA:1697,0
DA:1698,0
DA:1699,0
DA:1702,0
DA:1710,0
DA:1711,0
DA:1712,0
DA:1716,0
DA:1717,0
DA:1718,0
DA:1719,0
DA:1722,0
DA:1723,0
DA:1724,0
DA:1727,0
DA:1729,0
DA:1743,0
DA:1745,0
DA:1746,0
DA:1748,0
DA:1749,0
DA:1751,0
DA:1758,0
DA:1759,0
DA:1760,0
DA:1763,0
DA:1764,0
DA:1765,0
DA:1795,0
DA:1796,0
DA:1797,0
DA:1798,0
DA:1799,0
DA:1801,0
DA:1813,0
DA:1817,0
DA:1818,0
DA:1820,0
DA:1823,0
DA:1849,0
DA:1861,0
DA:1876,0
DA:1883,0
DA:1887,0
DA:1912,0
DA:1916,0
DA:1941,0
DA:1943,0
DA:1973,0
DA:1977,0
DA:2001,0
DA:2005,0
DA:2076,0
DA:2080,0
DA:2122,0
DA:2125,0
LF:137
LH:0
BRDA:1444,0,0,0
BRDA:1446,1,0,0
BRDA:1447,2,0,0
BRDA:1452,3,0,0
BRDA:1452,3,1,0
BRDA:1452,4,0,0
BRDA:1452,4,1,0
BRDA:1452,5,0,0
BRDA:1452,5,1,0
BRDA:1452,6,0,0
BRDA:1452,6,1,0
BRDA:1453,7,0,0
BRDA:1453,7,1,0
BRDA:1453,8,0,0
BRDA:1453,8,1,0
BRDA:1453,9,0,0
BRDA:1453,9,1,0
BRDA:1473,10,0,0
BRDA:1473,10,1,0
BRDA:1481,11,0,0
BRDA:1583,12,0,0
BRDA:1583,12,1,0
BRDA:1601,13,0,0
BRDA:1603,14,0,0
BRDA:1615,15,0,0
BRDA:1615,15,1,0
BRDA:1630,16,0,0
BRDA:1630,16,1,0
BRDA:1656,17,0,0
BRDA:1656,17,1,0
BRDA:1684,18,0,0
BRDA:1684,18,1,0
BRDA:1698,19,0,0
BRDA:1698,19,1,0
BRDA:1716,20,0,0
BRDA:1717,21,0,0
BRDA:1717,21,1,0
BRDA:1722,22,0,0
BRDA:1722,22,1,0
BRDA:1722,23,0,0
BRDA:1722,23,1,0
BRDA:1722,24,0,0
BRDA:1722,24,1,0
BRDA:1722,25,0,0
BRDA:1722,25,1,0
BRDA:1723,26,0,0
BRDA:1723,26,1,0
BRDA:1723,27,0,0
BRDA:1723,27,1,0
BRDA:1723,28,0,0
BRDA:1723,28,1,0
BRDA:1723,29,0,0
BRDA:1723,29,1,0
BRDA:1724,30,0,0
BRDA:1724,30,1,0
BRDA:1727,31,0,0
BRDA:1727,31,1,0
BRDA:1727,32,0,0
BRDA:1727,32,1,0
BRDA:1727,33,0,0
BRDA:1727,33,1,0
BRDA:1727,34,0,0
BRDA:1727,34,1,0
BRDA:1732,35,0,0
BRDA:1732,35,1,0
BRDA:1733,36,0,0
BRDA:1733,36,1,0
BRDA:1743,37,0,0
BRDA:1743,37,1,0
BRDA:1746,38,0,0
BRDA:1746,38,1,0
BRDA:1746,39,0,0
BRDA:1746,39,1,0
BRDA:1749,40,0,0
BRDA:1749,41,0,0
BRDA:1749,41,1,0
BRDA:1749,41,2,0
BRDA:1758,42,0,0
BRDA:1764,43,0,0
BRDA:1764,44,0,0
BRDA:1764,44,1,0
BRDA:1772,45,0,0
BRDA:1772,45,1,0
BRDA:1774,46,0,0
BRDA:1774,46,1,0
BRDA:1776,47,0,0
BRDA:1776,47,1,0
BRDA:1783,48,0,0
BRDA:1783,48,1,0
BRDA:1791,49,0,0
BRDA:1791,49,1,0
BRDA:1791,49,2,0
BRDA:1791,49,3,0
BRDA:1791,49,4,0
BRDA:1796,50,0,0
BRDA:1796,50,1,0
BRDA:1798,51,0,0
BRDA:1799,52,0,0
BRDA:1799,52,1,0
BRDA:1799,53,0,0
BRDA:1799,53,1,0
BRDA:1834,54,0,0
BRDA:1834,54,1,0
BRDA:1897,55,0,0
BRDA:1897,55,1,0
BRDA:1946,56,0,0
BRDA:1946,56,1,0
BRDA:1951,57,0,0
BRDA:1951,57,1,0
BRDA:1955,58,0,0
BRDA:1955,58,1,0
BRDA:2113,59,0,0
BRDA:2113,59,1,0
BRF:113
BRH:0
end_of_record
TN:
SF:client/src/components/filters/FilterChip.tsx
FN:56,FilterChip
FN:74,(anonymous_1)
FN:158,(anonymous_2)
FN:177,(anonymous_3)
FN:182,(anonymous_4)
FN:188,(anonymous_5)
FN:209,(anonymous_6)
FN:218,(anonymous_7)
FN:225,(anonymous_8)
FN:235,(anonymous_9)
FN:275,FilterChipGroup
FN:292,(anonymous_11)
FN:299,(anonymous_12)
FN:306,(anonymous_13)
FN:327,(anonymous_14)
FN:335,(anonymous_15)
FN:341,(anonymous_16)
FN:347,(anonymous_17)
FN:355,(anonymous_18)
FN:357,(anonymous_19)
FN:378,(anonymous_20)
FNF:21
FNH:0
FNDA:0,FilterChip
FNDA:0,(anonymous_1)
FNDA:0,(anonymous_2)
FNDA:0,(anonymous_3)
FNDA:0,(anonymous_4)
FNDA:0,(anonymous_5)
FNDA:0,(anonymous_6)
FNDA:0,(anonymous_7)
FNDA:0,(anonymous_8)
FNDA:0,(anonymous_9)
FNDA:0,FilterChipGroup
FNDA:0,(anonymous_11)
FNDA:0,(anonymous_12)
FNDA:0,(anonymous_13)
FNDA:0,(anonymous_14)
FNDA:0,(anonymous_15)
FNDA:0,(anonymous_16)
FNDA:0,(anonymous_17)
FNDA:0,(anonymous_18)
FNDA:0,(anonymous_19)
FNDA:0,(anonymous_20)
DA:74,0
DA:75,0
DA:89,0
DA:91,0
DA:92,0
DA:94,0
DA:95,0
DA:97,0
DA:101,0
DA:103,0
DA:104,0
DA:106,0
DA:108,0
DA:110,0
DA:111,0
DA:113,0
DA:115,0
DA:117,0
DA:118,0
DA:120,0
DA:122,0
DA:124,0
DA:125,0
DA:127,0
DA:129,0
DA:131,0
DA:132,0
DA:134,0
DA:136,0
DA:138,0
DA:139,0
DA:141,0
DA:145,0
DA:146,0
DA:148,0
DA:151,0
DA:152,0
DA:155,0
DA:158,0
DA:159,0
DA:177,0
DA:178,0
DA:179,0
DA:182,0
DA:183,0
DA:184,0
DA:185,0
DA:188,0
DA:189,0
DA:191,0
DA:194,0
DA:195,0
DA:196,0
DA:199,0
DA:200,0
DA:201,0
DA:203,0
DA:209,0
DA:218,0
DA:225,0
DA:226,0
DA:228,0
DA:235,0
DA:236,0
DA:238,0
DA:255,0
DA:292,0
DA:293,0
DA:294,0
DA:296,0
DA:299,0
DA:300,0
DA:301,0
DA:303,0
DA:306,0
DA:307,0
DA:309,0
DA:311,0
DA:312,0
DA:314,0
DA:315,0
DA:317,0
DA:320,0
DA:321,0
DA:324,0
DA:327,0
DA:335,0
DA:336,0
DA:337,0
DA:341,0
DA:342,0
DA:343,0
DA:347,0
DA:348,0
DA:349,0
DA:355,0
DA:356,0
DA:358,0
DA:378,0
DA:379,0
DA:381,0
DA:395,0
LF:102
LH:0
BRDA:60,0,0,0
BRDA:62,1,0,0
BRDA:63,2,0,0
BRDA:64,3,0,0
BRDA:65,4,0,0
BRDA:66,5,0,0
BRDA:89,6,0,0
BRDA:89,6,1,0
BRDA:89,6,2,0
BRDA:101,7,0,0
BRDA:101,7,1,0
BRDA:101,7,2,0
BRDA:101,7,3,0
BRDA:101,7,4,0
BRDA:101,7,5,0
BRDA:103,8,0,0
BRDA:103,8,1,0
BRDA:110,9,0,0
BRDA:110,9,1,0
BRDA:117,10,0,0
BRDA:117,10,1,0
BRDA:124,11,0,0
BRDA:124,11,1,0
BRDA:131,12,0,0
BRDA:131,12,1,0
BRDA:138,13,0,0
BRDA:138,13,1,0
BRDA:145,14,0,0
BRDA:145,14,1,0
BRDA:151,15,0,0
BRDA:178,16,0,0
BRDA:178,17,0,0
BRDA:178,17,1,0
BRDA:184,18,0,0
BRDA:184,19,0,0
BRDA:184,19,1,0
BRDA:189,20,0,0
BRDA:191,21,0,0
BRDA:191,21,1,0
BRDA:191,21,2,0
BRDA:191,21,3,0
BRDA:199,22,0,0
BRDA:199,23,0,0
BRDA:199,23,1,0
BRDA:211,24,0,0
BRDA:211,24,1,0
BRDA:214,25,0,0
BRDA:214,25,1,0
BRDA:214,26,0,0
BRDA:214,26,1,0
BRDA:226,27,0,0
BRDA:236,28,0,0
BRDA:279,29,0,0
BRDA:281,30,0,0
BRDA:282,31,0,0
BRDA:283,32,0,0
BRDA:293,33,0,0
BRDA:293,34,0,0
BRDA:293,34,1,0
BRDA:300,35,0,0
BRDA:300,36,0,0
BRDA:300,36,1,0
BRDA:309,37,0,0
BRDA:309,37,1,0
BRDA:309,37,2,0
BRDA:320,38,0,0
BRDA:329,39,0,0
BRDA:329,39,1,0
BRDA:329,39,2,0
BRDA:336,40,0,0
BRDA:342,41,0,0
BRDA:348,42,0,0
BRDA:366,43,0,0
BRDA:366,43,1,0
BRDA:366,43,2,0
BRDA:379,44,0,0
BRDA:379,45,0,0
BRDA:379,45,1,0
BRDA:383,46,0,0
BRDA:383,46,1,0
BRDA:387,47,0,0
BRDA:387,47,1,0
BRF:82
BRH:0
end_of_record
TN:
SF:client/src/components/filters/FilterDropdown.tsx
FN:67,FilterDropdown
FN:106,(anonymous_1)
FN:112,(anonymous_2)
FN:119,(anonymous_3)
FN:120,(anonymous_4)
FN:123,(anonymous_5)
FN:130,(anonymous_6)
FN:136,(anonymous_7)
FN:140,(anonymous_8)
FN:154,(anonymous_9)
FN:192,(anonymous_10)
FN:220,(anonymous_11)
FN:223,(anonymous_12)
FN:234,(anonymous_13)
FN:241,(anonymous_14)
FN:247,(anonymous_15)
FN:250,(anonymous_16)
FN:260,(anonymous_17)
FN:262,(anonymous_18)
FN:273,(anonymous_19)
FN:274,(anonymous_20)
FN:289,(anonymous_21)
FN:307,(anonymous_22)
FN:313,(anonymous_23)
FN:315,(anonymous_24)
FN:325,(anonymous_25)
FN:333,(anonymous_26)
FN:338,(anonymous_27)
FN:347,(anonymous_28)
FN:348,(anonymous_29)
FN:351,(anonymous_30)
FN:352,(anonymous_31)
FN:354,(anonymous_32)
FN:362,(anonymous_33)
FN:369,(anonymous_34)
FN:379,(anonymous_35)
FN:388,(anonymous_36)
FN:474,(anonymous_37)
FN:505,(anonymous_38)
FN:517,(anonymous_39)
FN:554,(anonymous_40)
FN:555,(anonymous_41)
FNF:42
FNH:0
FNDA:0,FilterDropdown
FNDA:0,(anonymous_1)
FNDA:0,(anonymous_2)
FNDA:0,(anonymous_3)
FNDA:0,(anonymous_4)
FNDA:0,(anonymous_5)
FNDA:0,(anonymous_6)
FNDA:0,(anonymous_7)
FNDA:0,(anonymous_8)
FNDA:0,(anonymous_9)
FNDA:0,(anonymous_10)
FNDA:0,(anonymous_11)
FNDA:0,(anonymous_12)
FNDA:0,(anonymous_13)
FNDA:0,(anonymous_14)
FNDA:0,(anonymous_15)
FNDA:0,(anonymous_16)
FNDA:0,(anonymous_17)
FNDA:0,(anonymous_18)
FNDA:0,(anonymous_19)
FNDA:0,(anonymous_20)
FNDA:0,(anonymous_21)
FNDA:0,(anonymous_22)
FNDA:0,(anonymous_23)
FNDA:0,(anonymous_24)
FNDA:0,(anonymous_25)
FNDA:0,(anonymous_26)
FNDA:0,(anonymous_27)
FNDA:0,(anonymous_28)
FNDA:0,(anonymous_29)
FNDA:0,(anonymous_30)
FNDA:0,(anonymous_31)
FNDA:0,(anonymous_32)
FNDA:0,(anonymous_33)
FNDA:0,(anonymous_34)
FNDA:0,(anonymous_35)
FNDA:0,(anonymous_36)
FNDA:0,(anonymous_37)
FNDA:0,(anonymous_38)
FNDA:0,(anonymous_39)
FNDA:0,(anonymous_40)
FNDA:0,(anonymous_41)
DA:91,0
DA:100,0
DA:101,0
DA:102,0
DA:106,0
DA:107,0
DA:108,0
DA:111,0
DA:112,0
DA:113,0
DA:119,0
DA:120,0
DA:123,0
DA:124,0
DA:125,0
DA:128,0
DA:129,0
DA:130,0
DA:131,0
DA:133,0
DA:136,0
DA:137,0
DA:140,0
DA:141,0
DA:147,0
DA:148,0
DA:151,0
DA:154,0
DA:155,0
DA:175,0
DA:176,0
DA:178,0
DA:181,0
DA:182,0
DA:185,0
DA:186,0
DA:189,0
DA:192,0
DA:193,0
DA:209,0
DA:210,0
DA:212,0
DA:215,0
DA:220,0
DA:221,0
DA:223,0
DA:229,0
DA:230,0
DA:234,0
DA:235,0
DA:239,0
DA:240,0
DA:241,0
DA:243,0
DA:246,0
DA:247,0
DA:250,0
DA:255,0
DA:256,0
DA:260,0
DA:261,0
DA:262,0
DA:268,0
DA:269,0
DA:273,0
DA:274,0
DA:280,0
DA:281,0
DA:284,0
DA:285,0
DA:289,0
DA:290,0
DA:292,0
DA:294,0
DA:295,0
DA:296,0
DA:297,0
DA:298,0
DA:301,0
DA:303,0
DA:306,0
DA:307,0
DA:308,0
DA:311,0
DA:312,0
DA:313,0
DA:315,0
DA:320,0
DA:323,0
DA:324,0
DA:325,0
DA:330,0
DA:333,0
DA:334,0
DA:338,0
DA:339,0
DA:340,0
DA:341,0
DA:347,0
DA:348,0
DA:351,0
DA:352,0
DA:353,0
DA:354,0
DA:358,0
DA:359,0
DA:362,0
DA:363,0
DA:369,0
DA:379,0
DA:388,0
DA:389,0
DA:474,0
DA:475,0
DA:477,0
DA:505,0
DA:506,0
DA:518,0
DA:519,0
DA:520,0
DA:522,0
DA:534,0
DA:535,0
DA:536,0
DA:537,0
DA:539,0
DA:542,0
DA:543,0
DA:546,0
DA:554,0
DA:555,0
DA:613,0
LF:132
LH:0
BRDA:70,0,0,0
BRDA:72,1,0,0
BRDA:73,2,0,0
BRDA:74,3,0,0
BRDA:75,4,0,0
BRDA:76,5,0,0
BRDA:78,6,0,0
BRDA:82,7,0,0
BRDA:83,8,0,0
BRDA:84,9,0,0
BRDA:85,10,0,0
BRDA:107,11,0,0
BRDA:107,12,0,0
BRDA:107,12,1,0
BRDA:113,13,0,0
BRDA:113,13,1,0
BRDA:113,13,2,0
BRDA:113,13,3,0
BRDA:124,14,0,0
BRDA:128,15,0,0
BRDA:129,16,0,0
BRDA:131,17,0,0
BRDA:131,17,1,0
BRDA:131,18,0,0
BRDA:131,18,1,0
BRDA:131,19,0,0
BRDA:131,19,1,0
BRDA:137,20,0,0
BRDA:137,20,1,0
BRDA:137,21,0,0
BRDA:137,21,1,0
BRDA:137,22,0,0
BRDA:137,22,1,0
BRDA:147,23,0,0
BRDA:175,24,0,0
BRDA:175,24,1,0
BRDA:181,25,0,0
BRDA:185,26,0,0
BRDA:209,27,0,0
BRDA:209,27,1,0
BRDA:221,28,0,0
BRDA:229,29,0,0
BRDA:229,30,0,0
BRDA:229,30,1,0
BRDA:235,31,0,0
BRDA:239,32,0,0
BRDA:239,32,1,0
BRDA:240,33,0,0
BRDA:240,33,1,0
BRDA:255,34,0,0
BRDA:268,35,0,0
BRDA:280,36,0,0
BRDA:284,37,0,0
BRDA:290,38,0,0
BRDA:292,39,0,0
BRDA:292,39,1,0
BRDA:292,39,2,0
BRDA:292,39,3,0
BRDA:292,39,4,0
BRDA:295,40,0,0
BRDA:295,40,1,0
BRDA:295,41,0,0
BRDA:295,41,1,0
BRDA:297,42,0,0
BRDA:312,43,0,0
BRDA:312,43,1,0
BRDA:324,44,0,0
BRDA:339,45,0,0
BRDA:339,46,0,0
BRDA:339,46,1,0
BRDA:353,47,0,0
BRDA:353,48,0,0
BRDA:353,48,1,0
BRDA:358,49,0,0
BRDA:383,50,0,0
BRDA:383,50,1,0
BRDA:399,51,0,0
BRDA:399,51,1,0
BRDA:425,52,0,0
BRDA:425,52,1,0
BRDA:425,52,2,0
BRDA:433,53,0,0
BRDA:433,53,1,0
BRDA:433,53,2,0
BRDA:448,54,0,0
BRDA:448,54,1,0
BRDA:475,55,0,0
BRDA:489,56,0,0
BRDA:489,56,1,0
BRDA:512,57,0,0
BRDA:512,57,1,0
BRDA:534,58,0,0
BRDA:534,58,1,0
BRDA:536,59,0,0
BRDA:536,59,1,0
BRDA:542,60,0,0
BRDA:559,61,0,0
BRDA:559,61,1,0
BRDA:567,62,0,0
BRDA:567,62,1,0
BRDA:576,63,0,0
BRDA:576,63,1,0
BRDA:576,63,2,0
BRDA:582,64,0,0
BRDA:582,64,1,0
BRDA:626,65,0,0
BRDA:626,65,1,0
BRF:107
BRH:0
end_of_record
TN:
SF:client/src/components/filters/FilterSidebar.tsx
FN:12,FilterSidebar
FNF:1
FNH:0
FNDA:0,FilterSidebar
DA:13,0
LF:1
LH:0
BRF:0
BRH:0
end_of_record
TN:
SF:client/src/components/filters/HierarchicalCategorySidebar.tsx
FN:64,(anonymous_7)
FN:102,(anonymous_8)
FN:103,(anonymous_9)
FN:109,(anonymous_10)
FN:110,(anonymous_11)
FN:129,(anonymous_12)
FN:142,(anonymous_13)
FN:143,(anonymous_14)
FN:143,(anonymous_15)
FN:166,(anonymous_16)
FN:177,(anonymous_17)
FN:209,(anonymous_18)
FN:215,(anonymous_19)
FN:226,(anonymous_20)
FN:250,(anonymous_21)
FN:298,(anonymous_22)
FN:310,(anonymous_23)
FN:338,(anonymous_24)
FN:354,(anonymous_25)
FN:355,(anonymous_26)
FN:355,(anonymous_27)
FN:394,(anonymous_28)
FN:403,(anonymous_29)
FN:404,(anonymous_30)
FN:427,(anonymous_31)
FN:441,(anonymous_32)
FN:475,(anonymous_33)
FN:495,findCategoryPath
FN:507,findNodePath
FN:521,findNodeById
FN:533,findParentNode
FN:547,isNodeSelected
FN:553,expandPathToSelection
FN:563,expandNodePath
FN:578,toggleNodeExpansion
FN:579,(anonymous_42)
FN:591,updateExpansionState
FN:592,(anonymous_44)
FN:605,hasSelectedChild
FN:617,collapseAllNodes
FN:618,(anonymous_47)
FNF:41
FNH:0
FNDA:0,(anonymous_7)
FNDA:0,(anonymous_8)
FNDA:0,(anonymous_9)
FNDA:0,(anonymous_10)
FNDA:0,(anonymous_11)
FNDA:0,(anonymous_12)
FNDA:0,(anonymous_13)
FNDA:0,(anonymous_14)
FNDA:0,(anonymous_15)
FNDA:0,(anonymous_16)
FNDA:0,(anonymous_17)
FNDA:0,(anonymous_18)
FNDA:0,(anonymous_19)
FNDA:0,(anonymous_20)
FNDA:0,(anonymous_21)
FNDA:0,(anonymous_22)
FNDA:0,(anonymous_23)
FNDA:0,(anonymous_24)
FNDA:0,(anonymous_25)
FNDA:0,(anonymous_26)
FNDA:0,(anonymous_27)
FNDA:0,(anonymous_28)
FNDA:0,(anonymous_29)
FNDA:0,(anonymous_30)
FNDA:0,(anonymous_31)
FNDA:0,(anonymous_32)
FNDA:0,(anonymous_33)
FNDA:0,findCategoryPath
FNDA:0,findNodePath
FNDA:0,findNodeById
FNDA:0,findParentNode
FNDA:0,isNodeSelected
FNDA:0,expandPathToSelection
FNDA:0,expandNodePath
FNDA:0,toggleNodeExpansion
FNDA:0,(anonymous_42)
FNDA:0,updateExpansionState
FNDA:0,(anonymous_44)
FNDA:0,hasSelectedChild
FNDA:0,collapseAllNodes
FNDA:0,(anonymous_47)
DA:65,0
DA:66,0
DA:69,0
DA:70,0
DA:81,0
DA:85,0
DA:86,0
DA:87,0
DA:88,0
DA:89,0
DA:92,0
DA:97,0
DA:99,0
DA:103,0
DA:104,0
DA:105,0
DA:106,0
DA:110,0
DA:112,0
DA:113,0
DA:115,0
DA:119,0
DA:120,0
DA:129,0
DA:135,0
DA:136,0
DA:137,0
DA:138,0
DA:139,0
DA:142,0
DA:143,0
DA:144,0
DA:145,0
DA:147,0
DA:149,0
DA:150,0
DA:152,0
DA:153,0
DA:155,0
DA:156,0
DA:158,0
DA:162,0
DA:166,0
DA:167,0
DA:168,0
DA:169,0
DA:170,0
DA:171,0
DA:177,0
DA:178,0
DA:181,0
DA:182,0
DA:184,0
DA:185,0
DA:186,0
DA:188,0
DA:189,0
DA:190,0
DA:191,0
DA:192,0
DA:194,0
DA:195,0
DA:196,0
DA:197,0
DA:200,0
DA:201,0
DA:204,0
DA:205,0
DA:209,0
DA:210,0
DA:211,0
DA:215,0
DA:216,0
DA:217,0
DA:218,0
DA:221,0
DA:222,0
DA:226,0
DA:227,0
DA:228,0
DA:229,0
DA:230,0
DA:232,0
DA:233,0
DA:234,0
DA:236,0
DA:237,0
DA:238,0
DA:240,0
DA:244,0
DA:245,0
DA:251,0
DA:260,0
DA:261,0
DA:271,0
DA:299,0
DA:311,0
DA:338,0
DA:345,0
DA:346,0
DA:347,0
DA:350,0
DA:351,0
DA:354,0
DA:355,0
DA:356,0
DA:357,0
DA:370,0
DA:371,0
DA:373,0
DA:375,0
DA:390,0
DA:394,0
DA:395,0
DA:396,0
DA:397,0
DA:398,0
DA:399,0
DA:403,0
DA:404,0
DA:406,0
DA:408,0
DA:416,0
DA:417,0
DA:419,0
DA:427,0
DA:442,0
DA:443,0
DA:476,0
DA:496,0
DA:497,0
DA:499,0
DA:500,0
DA:501,0
DA:502,0
DA:504,0
DA:508,0
DA:509,0
DA:510,0
DA:513,0
DA:514,0
DA:515,0
DA:518,0
DA:522,0
DA:523,0
DA:524,0
DA:527,0
DA:528,0
DA:530,0
DA:534,0
DA:535,0
DA:536,0
DA:537,0
DA:540,0
DA:541,0
DA:544,0
DA:548,0
DA:554,0
DA:556,0
DA:557,0
DA:558,0
DA:564,0
DA:565,0
DA:566,0
DA:569,0
DA:570,0
DA:571,0
DA:572,0
DA:575,0
DA:579,0
DA:580,0
DA:581,0
DA:584,0
DA:592,0
DA:593,0
DA:597,0
DA:606,0
DA:607,0
DA:608,0
DA:610,0
DA:611,0
DA:614,0
DA:618,0
LF:183
LH:0
BRDA:86,0,0,0
BRDA:86,0,1,0
BRDA:88,1,0,0
BRDA:104,2,0,0
BRDA:105,3,0,0
BRDA:112,4,0,0
BRDA:133,5,0,0
BRDA:149,6,0,0
BRDA:149,6,1,0
BRDA:155,7,0,0
BRDA:155,7,1,0
BRDA:167,8,0,0
BRDA:167,9,0,0
BRDA:167,9,1,0
BRDA:169,10,0,0
BRDA:181,11,0,0
BRDA:181,11,1,0
BRDA:186,12,0,0
BRDA:186,12,1,0
BRDA:189,13,0,0
BRDA:189,13,1,0
BRDA:189,14,0,0
BRDA:189,14,1,0
BRDA:192,15,0,0
BRDA:195,16,0,0
BRDA:195,16,1,0
BRDA:195,17,0,0
BRDA:195,17,1,0
BRDA:196,18,0,0
BRDA:196,18,1,0
BRDA:196,19,0,0
BRDA:196,19,1,0
BRDA:228,20,0,0
BRDA:230,21,0,0
BRDA:232,22,0,0
BRDA:234,23,0,0
BRDA:236,24,0,0
BRDA:238,25,0,0
BRDA:244,26,0,0
BRDA:260,27,0,0
BRDA:277,28,0,0
BRDA:277,28,1,0
BRDA:292,29,0,0
BRDA:292,29,1,0
BRDA:365,30,0,0
BRDA:365,30,1,0
BRDA:376,31,0,0
BRDA:376,31,1,0
BRDA:396,32,0,0
BRDA:397,33,0,0
BRDA:398,34,0,0
BRDA:406,35,0,0
BRDA:416,36,0,0
BRDA:416,36,1,0
BRDA:435,37,0,0
BRDA:435,37,1,0
BRDA:439,38,0,0
BRDA:439,38,1,0
BRDA:447,39,0,0
BRDA:447,39,1,0
BRDA:449,40,0,0
BRDA:449,40,1,0
BRDA:473,41,0,0
BRDA:473,41,1,0
BRDA:473,41,2,0
BRDA:497,42,0,0
BRDA:500,43,0,0
BRDA:501,44,0,0
BRDA:502,45,0,0
BRDA:509,46,0,0
BRDA:514,47,0,0
BRDA:523,48,0,0
BRDA:528,49,0,0
BRDA:536,50,0,0
BRDA:541,51,0,0
BRDA:548,52,0,0
BRDA:548,52,1,0
BRDA:548,52,2,0
BRDA:557,53,0,0
BRDA:565,54,0,0
BRDA:570,55,0,0
BRDA:580,56,0,0
BRDA:593,57,0,0
BRDA:593,57,1,0
BRDA:593,57,2,0
BRDA:607,58,0,0
BRDA:607,59,0,0
BRDA:607,59,1,0
BRDA:610,60,0,0
BRF:89
BRH:0
end_of_record
TN:
SF:client/src/components/filters/PerformanceOptimizedFilterSidebar.tsx
FN:60,(anonymous_0)
FN:64,(anonymous_1)
FN:71,(anonymous_2)
FN:75,(anonymous_3)
FN:107,(anonymous_4)
FN:111,(anonymous_5)
FN:118,(anonymous_6)
FN:131,(anonymous_7)
FN:132,(anonymous_8)
FN:137,(anonymous_9)
FN:141,(anonymous_10)
FN:159,(anonymous_11)
FN:175,(anonymous_12)
FN:181,(anonymous_13)
FN:190,(anonymous_14)
FN:190,(anonymous_15)
FN:211,(anonymous_16)
FN:215,(anonymous_17)
FN:218,(anonymous_18)
FN:246,(anonymous_19)
FN:250,(anonymous_20)
FN:253,(anonymous_21)
FN:281,(anonymous_22)
FN:285,(anonymous_23)
FN:288,(anonymous_24)
FN:318,(anonymous_25)
FN:322,(anonymous_26)
FN:326,(anonymous_27)
FN:330,(anonymous_28)
FN:334,(anonymous_29)
FN:340,(anonymous_30)
FN:345,(anonymous_31)
FN:348,(anonymous_32)
FN:355,(anonymous_33)
FN:363,(anonymous_34)
FN:368,(anonymous_35)
FN:371,(anonymous_36)
FN:378,(anonymous_37)
FN:470,(anonymous_38)
FN:477,(anonymous_39)
FN:480,(anonymous_40)
FN:484,(anonymous_41)
FN:515,(anonymous_42)
FN:523,(anonymous_43)
FN:526,(anonymous_44)
FN:530,(anonymous_45)
FNF:46
FNH:0
FNDA:0,(anonymous_0)
FNDA:0,(anonymous_1)
FNDA:0,(anonymous_2)
FNDA:0,(anonymous_3)
FNDA:0,(anonymous_4)
FNDA:0,(anonymous_5)
FNDA:0,(anonymous_6)
FNDA:0,(anonymous_7)
FNDA:0,(anonymous_8)
FNDA:0,(anonymous_9)
FNDA:0,(anonymous_10)
FNDA:0,(anonymous_11)
FNDA:0,(anonymous_12)
FNDA:0,(anonymous_13)
FNDA:0,(anonymous_14)
FNDA:0,(anonymous_15)
FNDA:0,(anonymous_16)
FNDA:0,(anonymous_17)
FNDA:0,(anonymous_18)
FNDA:0,(anonymous_19)
FNDA:0,(anonymous_20)
FNDA:0,(anonymous_21)
FNDA:0,(anonymous_22)
FNDA:0,(anonymous_23)
FNDA:0,(anonymous_24)
FNDA:0,(anonymous_25)
FNDA:0,(anonymous_26)
FNDA:0,(anonymous_27)
FNDA:0,(anonymous_28)
FNDA:0,(anonymous_29)
FNDA:0,(anonymous_30)
FNDA:0,(anonymous_31)
FNDA:0,(anonymous_32)
FNDA:0,(anonymous_33)
FNDA:0,(anonymous_34)
FNDA:0,(anonymous_35)
FNDA:0,(anonymous_36)
FNDA:0,(anonymous_37)
FNDA:0,(anonymous_38)
FNDA:0,(anonymous_39)
FNDA:0,(anonymous_40)
FNDA:0,(anonymous_41)
FNDA:0,(anonymous_42)
FNDA:0,(anonymous_43)
FNDA:0,(anonymous_44)
FNDA:0,(anonymous_45)
DA:57,0
DA:61,0
DA:65,0
DA:66,0
DA:68,0
DA:72,0
DA:76,0
DA:78,0
DA:86,0
DA:87,0
DA:89,0
DA:91,0
DA:92,0
DA:108,0
DA:112,0
DA:118,0
DA:131,0
DA:132,0
DA:133,0
DA:137,0
DA:141,0
DA:155,0
DA:160,0
DA:161,0
DA:175,0
DA:176,0
DA:177,0
DA:181,0
DA:182,0
DA:183,0
DA:189,0
DA:190,0
DA:191,0
DA:192,0
DA:194,0
DA:195,0
DA:211,0
DA:212,0
DA:214,0
DA:215,0
DA:216,0
DA:217,0
DA:218,0
DA:221,0
DA:227,0
DA:228,0
DA:229,0
DA:233,0
DA:234,0
DA:246,0
DA:247,0
DA:249,0
DA:250,0
DA:251,0
DA:252,0
DA:253,0
DA:256,0
DA:262,0
DA:263,0
DA:264,0
DA:268,0
DA:269,0
DA:281,0
DA:282,0
DA:284,0
DA:285,0
DA:286,0
DA:287,0
DA:288,0
DA:291,0
DA:297,0
DA:298,0
DA:299,0
DA:303,0
DA:304,0
DA:318,0
DA:319,0
DA:322,0
DA:323,0
DA:326,0
DA:327,0
DA:330,0
DA:331,0
DA:334,0
DA:335,0
DA:340,0
DA:341,0
DA:345,0
DA:349,0
DA:355,0
DA:363,0
DA:364,0
DA:368,0
DA:372,0
DA:378,0
DA:388,0
DA:389,0
DA:402,0
DA:403,0
DA:408,0
DA:466,0
DA:470,0
DA:477,0
DA:478,0
DA:480,0
DA:481,0
DA:484,0
DA:485,0
DA:486,0
DA:490,0
DA:511,0
DA:515,0
DA:523,0
DA:524,0
DA:526,0
DA:527,0
DA:530,0
DA:531,0
DA:532,0
DA:536,0
DA:552,0
DA:556,0
DA:565,0
LF:123
LH:0
BRDA:65,0,0,0
BRDA:75,1,0,0
BRDA:78,2,0,0
BRDA:78,2,1,0
BRDA:91,3,0,0
BRDA:108,4,0,0
BRDA:108,4,1,0
BRDA:121,5,0,0
BRDA:122,6,0,0
BRDA:123,7,0,0
BRDA:124,8,0,0
BRDA:125,9,0,0
BRDA:126,10,0,0
BRDA:127,11,0,0
BRDA:160,12,0,0
BRDA:176,13,0,0
BRDA:182,14,0,0
BRDA:182,15,0,0
BRDA:182,15,1,0
BRDA:194,16,0,0
BRDA:199,17,0,0
BRDA:199,17,1,0
BRDA:217,18,0,0
BRDA:217,18,1,0
BRDA:228,19,0,0
BRDA:233,20,0,0
BRDA:238,21,0,0
BRDA:238,21,1,0
BRDA:252,22,0,0
BRDA:252,22,1,0
BRDA:263,23,0,0
BRDA:268,24,0,0
BRDA:273,25,0,0
BRDA:273,25,1,0
BRDA:287,26,0,0
BRDA:287,26,1,0
BRDA:298,27,0,0
BRDA:303,28,0,0
BRDA:308,29,0,0
BRDA:308,29,1,0
BRDA:388,30,0,0
BRDA:402,31,0,0
BRDA:411,32,0,0
BRDA:411,32,1,0
BRDA:414,33,0,0
BRDA:414,33,1,0
BRDA:416,34,0,0
BRDA:416,34,1,0
BRDA:430,35,0,0
BRDA:430,35,1,0
BRDA:433,36,0,0
BRDA:433,36,1,0
BRDA:446,37,0,0
BRDA:446,37,1,0
BRDA:446,37,2,0
BRDA:452,38,0,0
BRDA:452,38,1,0
BRDA:452,39,0,0
BRDA:452,39,1,0
BRDA:452,40,0,0
BRDA:452,40,1,0
BRDA:453,41,0,0
BRDA:453,41,1,0
BRDA:453,42,0,0
BRDA:453,42,1,0
BRDA:453,43,0,0
BRDA:453,43,1,0
BRDA:481,44,0,0
BRDA:481,44,1,0
BRDA:485,45,0,0
BRDA:486,46,0,0
BRDA:486,46,1,0
BRDA:493,47,0,0
BRDA:493,47,1,0
BRDA:499,48,0,0
BRDA:499,48,1,0
BRDA:502,49,0,0
BRDA:502,49,1,0
BRDA:527,50,0,0
BRDA:527,50,1,0
BRDA:531,51,0,0
BRDA:532,52,0,0
BRDA:532,52,1,0
BRDA:545,53,0,0
BRDA:545,53,1,0
BRF:85
BRH:0
end_of_record
TN:
SF:client/src/components/filters/ProductGrid.tsx
FN:30,ListingCard
FN:75,(anonymous_1)
FN:133,(anonymous_2)
FN:182,ProductGrid
FN:192,(anonymous_4)
FN:210,(anonymous_5)
FN:252,(anonymous_6)
FN:282,(anonymous_7)
FN:298,(anonymous_8)
FN:307,(anonymous_9)
FN:345,(anonymous_10)
FNF:11
FNH:0
FNDA:0,ListingCard
FNDA:0,(anonymous_1)
FNDA:0,(anonymous_2)
FNDA:0,ProductGrid
FNDA:0,(anonymous_4)
FNDA:0,(anonymous_5)
FNDA:0,(anonymous_6)
FNDA:0,(anonymous_7)
FNDA:0,(anonymous_8)
FNDA:0,(anonymous_9)
FNDA:0,(anonymous_10)
DA:31,0
DA:33,0
DA:34,0
DA:75,0
DA:113,0
DA:133,0
DA:190,0
DA:192,0
DA:193,0
DA:196,0
DA:197,0
DA:210,0
DA:211,0
DA:213,0
DA:220,0
DA:228,0
DA:237,0
DA:239,0
DA:253,0
DA:283,0
DA:298,0
DA:307,0
DA:346,0
LF:23
LH:0
BRDA:33,0,0,0
BRDA:37,1,0,0
BRDA:37,1,1,0
BRDA:37,2,0,0
BRDA:37,2,1,0
BRDA:37,3,0,0
BRDA:37,3,1,0
BRDA:54,4,0,0
BRDA:54,4,1,0
BRDA:57,5,0,0
BRDA:57,5,1,0
BRDA:57,6,0,0
BRDA:57,6,1,0
BRDA:61,7,0,0
BRDA:61,7,1,0
BRDA:63,8,0,0
BRDA:63,8,1,0
BRDA:79,9,0,0
BRDA:79,9,1,0
BRDA:95,10,0,0
BRDA:95,10,1,0
BRDA:100,11,0,0
BRDA:100,11,1,0
BRDA:104,12,0,0
BRDA:104,12,1,0
BRDA:116,13,0,0
BRDA:116,13,1,0
BRDA:116,14,0,0
BRDA:116,14,1,0
BRDA:116,15,0,0
BRDA:116,15,1,0
BRDA:137,16,0,0
BRDA:137,16,1,0
BRDA:144,17,0,0
BRDA:144,17,1,0
BRDA:151,18,0,0
BRDA:151,18,1,0
BRDA:155,19,0,0
BRDA:155,19,1,0
BRDA:157,20,0,0
BRDA:157,20,1,0
BRDA:163,21,0,0
BRDA:163,21,1,0
BRDA:169,22,0,0
BRDA:169,22,1,0
BRDA:173,23,0,0
BRDA:173,23,1,0
BRDA:188,24,0,0
BRDA:196,25,0,0
BRDA:211,26,0,0
BRDA:211,26,1,0
BRDA:211,26,2,0
BRDA:211,26,3,0
BRDA:265,27,0,0
BRDA:265,27,1,0
BRDA:267,28,0,0
BRDA:267,28,1,0
BRDA:297,29,0,0
BRDA:297,29,1,0
BRDA:306,30,0,0
BRDA:306,30,1,0
BRDA:319,31,0,0
BRDA:319,31,1,0
BRDA:339,32,0,0
BRDA:339,32,1,0
BRDA:357,33,0,0
BRDA:357,33,1,0
BRF:67
BRH:0
end_of_record
TN:
SF:client/src/components/filters/SocialSidebar.tsx
FN:65,(anonymous_0)
FN:101,(anonymous_1)
FN:111,(anonymous_2)
FN:116,(anonymous_3)
FN:125,(anonymous_4)
FN:138,(anonymous_5)
FN:141,(anonymous_6)
FN:162,(anonymous_7)
FN:178,(anonymous_8)
FN:184,(anonymous_9)
FN:194,(anonymous_10)
FN:197,(anonymous_11)
FN:219,(anonymous_12)
FN:233,(anonymous_13)
FN:244,(anonymous_14)
FN:253,(anonymous_15)
FN:256,(anonymous_16)
FNF:17
FNH:0
FNDA:0,(anonymous_0)
FNDA:0,(anonymous_1)
FNDA:0,(anonymous_2)
FNDA:0,(anonymous_3)
FNDA:0,(anonymous_4)
FNDA:0,(anonymous_5)
FNDA:0,(anonymous_6)
FNDA:0,(anonymous_7)
FNDA:0,(anonymous_8)
FNDA:0,(anonymous_9)
FNDA:0,(anonymous_10)
FNDA:0,(anonymous_11)
FNDA:0,(anonymous_12)
FNDA:0,(anonymous_13)
FNDA:0,(anonymous_14)
FNDA:0,(anonymous_15)
FNDA:0,(anonymous_16)
DA:37,0
DA:65,0
DA:78,0
DA:79,0
DA:82,0
DA:96,0
DA:97,0
DA:98,0
DA:101,0
DA:102,0
DA:103,0
DA:104,0
DA:106,0
DA:108,0
DA:111,0
DA:112,0
DA:113,0
DA:116,0
DA:117,0
DA:120,0
DA:125,0
DA:139,0
DA:141,0
DA:162,0
DA:178,0
DA:184,0
DA:195,0
DA:197,0
DA:219,0
DA:233,0
DA:244,0
DA:254,0
DA:256,0
DA:277,0
LF:34
LH:0
BRDA:76,0,0,0
BRDA:96,1,0,0
BRDA:103,2,0,0
BRDA:103,2,1,0
BRDA:129,3,0,0
BRDA:129,3,1,0
BRDA:136,4,0,0
BRDA:136,4,1,0
BRDA:143,5,0,0
BRDA:143,5,1,0
BRDA:166,6,0,0
BRDA:166,6,1,0
BRDA:173,7,0,0
BRDA:173,7,1,0
BRDA:186,8,0,0
BRDA:186,8,1,0
BRDA:199,9,0,0
BRDA:199,9,1,0
BRDA:223,10,0,0
BRDA:223,10,1,0
BRDA:230,11,0,0
BRDA:230,11,1,0
BRDA:235,12,0,0
BRDA:235,12,1,0
BRDA:258,13,0,0
BRDA:258,13,1,0
BRF:26
BRH:0
end_of_record
TN:
SF:client/src/components/filters/UnifiedFilterSidebar.tsx
FN:67,UnifiedFilterSidebar
FN:126,(anonymous_1)
FN:151,(anonymous_2)
FN:164,(anonymous_3)
FN:174,(anonymous_4)
FN:187,(anonymous_5)
FN:196,(anonymous_6)
FN:207,(anonymous_7)
FN:218,(anonymous_8)
FN:231,(anonymous_9)
FN:238,(anonymous_10)
FN:244,(anonymous_11)
FN:251,(anonymous_12)
FN:314,(anonymous_13)
FN:386,(anonymous_14)
FN:403,(anonymous_15)
FN:428,(anonymous_16)
FN:464,UnifiedFilterSection
FN:474,(anonymous_18)
FN:483,(anonymous_19)
FN:494,(anonymous_20)
FN:509,(anonymous_21)
FN:561,UnifiedFilterOption
FN:571,(anonymous_23)
FN:576,(anonymous_24)
FNF:25
FNH:0
FNDA:0,UnifiedFilterSidebar
FNDA:0,(anonymous_1)
FNDA:0,(anonymous_2)
FNDA:0,(anonymous_3)
FNDA:0,(anonymous_4)
FNDA:0,(anonymous_5)
FNDA:0,(anonymous_6)
FNDA:0,(anonymous_7)
FNDA:0,(anonymous_8)
FNDA:0,(anonymous_9)
FNDA:0,(anonymous_10)
FNDA:0,(anonymous_11)
FNDA:0,(anonymous_12)
FNDA:0,(anonymous_13)
FNDA:0,(anonymous_14)
FNDA:0,(anonymous_15)
FNDA:0,(anonymous_16)
FNDA:0,UnifiedFilterSection
FNDA:0,(anonymous_18)
FNDA:0,(anonymous_19)
FNDA:0,(anonymous_20)
FNDA:0,(anonymous_21)
FNDA:0,UnifiedFilterOption
FNDA:0,(anonymous_23)
FNDA:0,(anonymous_24)
DA:98,0
DA:116,0
DA:122,0
DA:126,0
DA:127,0
DA:138,0
DA:139,0
DA:141,0
DA:144,0
DA:145,0
DA:148,0
DA:151,0
DA:152,0
DA:164,0
DA:165,0
DA:174,0
DA:175,0
DA:187,0
DA:188,0
DA:189,0
DA:191,0
DA:192,0
DA:196,0
DA:197,0
DA:198,0
DA:200,0
DA:201,0
DA:202,0
DA:207,0
DA:208,0
DA:209,0
DA:211,0
DA:212,0
DA:213,0
DA:218,0
DA:219,0
DA:220,0
DA:222,0
DA:223,0
DA:224,0
DA:231,0
DA:238,0
DA:244,0
DA:251,0
DA:252,0
DA:314,0
DA:315,0
DA:386,0
DA:387,0
DA:404,0
DA:429,0
DA:450,0
DA:472,0
DA:474,0
DA:475,0
DA:476,0
DA:478,0
DA:479,0
DA:483,0
DA:484,0
DA:494,0
DA:495,0
DA:509,0
DA:510,0
DA:520,0
DA:571,0
DA:572,0
DA:573,0
DA:576,0
DA:577,0
DA:596,0
DA:597,0
DA:599,0
DA:602,0
DA:603,0
DA:605,0
DA:608,0
DA:609,0
DA:612,0
DA:615,0
LF:80
LH:0
BRDA:68,0,0,0
BRDA:70,1,0,0
BRDA:71,2,0,0
BRDA:72,3,0,0
BRDA:73,4,0,0
BRDA:74,5,0,0
BRDA:75,6,0,0
BRDA:76,7,0,0
BRDA:77,8,0,0
BRDA:78,9,0,0
BRDA:79,10,0,0
BRDA:138,11,0,0
BRDA:138,11,1,0
BRDA:144,12,0,0
BRDA:191,13,0,0
BRDA:200,14,0,0
BRDA:200,14,1,0
BRDA:201,15,0,0
BRDA:211,16,0,0
BRDA:211,16,1,0
BRDA:212,17,0,0
BRDA:222,18,0,0
BRDA:222,18,1,0
BRDA:223,19,0,0
BRDA:239,20,0,0
BRDA:239,20,1,0
BRDA:246,21,0,0
BRDA:246,21,1,0
BRDA:261,22,0,0
BRDA:261,22,1,0
BRDA:277,23,0,0
BRDA:277,23,1,0
BRDA:277,23,2,0
BRDA:287,24,0,0
BRDA:287,24,1,0
BRDA:287,24,2,0
BRDA:316,25,0,0
BRDA:316,25,1,0
BRDA:344,26,0,0
BRDA:344,26,1,0
BRDA:388,27,0,0
BRDA:388,27,1,0
BRDA:388,27,2,0
BRDA:413,28,0,0
BRDA:413,28,1,0
BRDA:413,28,2,0
BRDA:467,29,0,0
BRDA:469,30,0,0
BRDA:478,31,0,0
BRDA:516,32,0,0
BRDA:516,32,1,0
BRDA:533,33,0,0
BRDA:533,33,1,0
BRDA:565,34,0,0
BRDA:567,35,0,0
BRDA:569,36,0,0
BRDA:572,37,0,0
BRDA:572,38,0,0
BRDA:572,38,1,0
BRDA:596,39,0,0
BRDA:596,39,1,0
BRDA:602,40,0,0
BRDA:602,40,1,0
BRDA:608,41,0,0
BRDA:622,42,0,0
BRDA:622,42,1,0
BRDA:635,43,0,0
BRDA:635,43,1,0
BRDA:650,44,0,0
BRDA:650,44,1,0
BRF:70
BRH:0
end_of_record
TN:
SF:client/src/components/grid/EnterpriseGridHeader.tsx
FN:42,(anonymous_0)
FN:70,(anonymous_1)
FN:71,(anonymous_2)
FN:121,(anonymous_3)
FNF:4
FNH:0
FNDA:0,(anonymous_0)
FNDA:0,(anonymous_1)
FNDA:0,(anonymous_2)
FNDA:0,(anonymous_3)
DA:28,0
DA:42,0
DA:51,0
DA:60,0
DA:61,0
DA:62,0
DA:70,0
DA:71,0
DA:72,0
DA:74,0
DA:79,0
DA:122,0
DA:143,0
LF:13
LH:0
BRDA:48,0,0,0
BRDA:60,1,0,0
BRDA:71,2,0,0
BRDA:71,2,1,0
BRDA:96,3,0,0
BRDA:96,3,1,0
BRDA:98,4,0,0
BRDA:98,4,1,0
BRDA:129,5,0,0
BRDA:129,5,1,0
BRF:10
BRH:0
end_of_record
TN:
SF:client/src/components/grid/EnterpriseProductGrid.tsx
FN:145,(anonymous_0)
FN:155,(anonymous_1)
FN:159,(anonymous_2)
FN:164,(anonymous_3)
FN:175,(anonymous_4)
FN:206,(anonymous_5)
FN:224,(anonymous_6)
FN:236,(anonymous_7)
FN:251,(anonymous_8)
FN:299,(anonymous_9)
FN:350,(anonymous_10)
FN:365,(anonymous_11)
FN:381,(anonymous_12)
FN:389,(anonymous_13)
FN:396,(anonymous_14)
FN:403,(anonymous_15)
FN:410,(anonymous_16)
FN:413,(anonymous_17)
FN:418,(anonymous_18)
FN:423,(anonymous_19)
FN:430,(anonymous_20)
FN:484,(anonymous_21)
FN:488,(anonymous_22)
FN:499,(anonymous_23)
FNF:24
FNH:0
FNDA:0,(anonymous_0)
FNDA:0,(anonymous_1)
FNDA:0,(anonymous_2)
FNDA:0,(anonymous_3)
FNDA:0,(anonymous_4)
FNDA:0,(anonymous_5)
FNDA:0,(anonymous_6)
FNDA:0,(anonymous_7)
FNDA:0,(anonymous_8)
FNDA:0,(anonymous_9)
FNDA:0,(anonymous_10)
FNDA:0,(anonymous_11)
FNDA:0,(anonymous_12)
FNDA:0,(anonymous_13)
FNDA:0,(anonymous_14)
FNDA:0,(anonymous_15)
FNDA:0,(anonymous_16)
FNDA:0,(anonymous_17)
FNDA:0,(anonymous_18)
FNDA:0,(anonymous_19)
FNDA:0,(anonymous_20)
FNDA:0,(anonymous_21)
FNDA:0,(anonymous_22)
FNDA:0,(anonymous_23)
DA:76,0
DA:104,0
DA:118,0
DA:127,0
DA:145,0
DA:152,0
DA:153,0
DA:155,0
DA:156,0
DA:159,0
DA:160,0
DA:161,0
DA:164,0
DA:166,0
DA:167,0
DA:170,0
DA:172,0
DA:175,0
DA:207,0
DA:225,0
DA:226,0
DA:237,0
DA:252,0
DA:253,0
DA:300,0
DA:301,0
DA:347,0
DA:350,0
DA:362,0
DA:365,0
DA:367,0
DA:368,0
DA:371,0
DA:373,0
DA:378,0
DA:381,0
DA:382,0
DA:383,0
DA:384,0
DA:386,0
DA:389,0
DA:390,0
DA:392,0
DA:394,0
DA:396,0
DA:397,0
DA:398,0
DA:399,0
DA:403,0
DA:404,0
DA:405,0
DA:406,0
DA:410,0
DA:413,0
DA:414,0
DA:418,0
DA:423,0
DA:424,0
DA:430,0
DA:431,0
DA:435,0
DA:436,0
DA:446,0
DA:447,0
DA:448,0
DA:462,0
DA:463,0
DA:465,0
DA:484,0
DA:489,0
DA:500,0
DA:514,0
DA:517,0
LF:73
LH:0
BRDA:167,0,0,0
BRDA:167,0,1,0
BRDA:170,1,0,0
BRDA:170,1,1,0
BRDA:180,2,0,0
BRDA:180,2,1,0
BRDA:186,3,0,0
BRDA:186,3,1,0
BRDA:191,4,0,0
BRDA:191,4,1,0
BRDA:204,5,0,0
BRDA:204,5,1,0
BRDA:204,5,2,0
BRDA:259,6,0,0
BRDA:259,6,1,0
BRDA:285,7,0,0
BRDA:285,7,1,0
BRDA:314,8,0,0
BRDA:314,8,1,0
BRDA:351,9,0,0
BRDA:357,10,0,0
BRDA:358,11,0,0
BRDA:359,12,0,0
BRDA:367,13,0,0
BRDA:367,14,0,0
BRDA:367,14,1,0
BRDA:371,15,0,0
BRDA:371,15,1,0
BRDA:371,16,0,0
BRDA:371,16,1,0
BRDA:373,17,0,0
BRDA:373,17,1,0
BRDA:374,18,0,0
BRDA:374,18,1,0
BRDA:375,19,0,0
BRDA:375,19,1,0
BRDA:382,20,0,0
BRDA:382,21,0,0
BRDA:382,21,1,0
BRDA:383,22,0,0
BRDA:383,22,1,0
BRDA:383,23,0,0
BRDA:383,23,1,0
BRDA:390,24,0,0
BRDA:394,25,0,0
BRDA:394,25,1,0
BRDA:394,25,2,0
BRDA:394,25,3,0
BRDA:394,25,4,0
BRDA:394,25,5,0
BRDA:394,25,6,0
BRDA:435,26,0,0
BRDA:446,27,0,0
BRDA:454,28,0,0
BRDA:454,28,1,0
BRDA:454,29,0,0
BRDA:454,29,1,0
BRDA:454,30,0,0
BRDA:454,30,1,0
BRDA:462,31,0,0
BRDA:462,31,1,0
BRDA:462,32,0,0
BRDA:462,32,1,0
BRDA:462,33,0,0
BRDA:462,33,1,0
BRDA:463,34,0,0
BRDA:463,34,1,0
BRDA:463,35,0,0
BRDA:463,35,1,0
BRDA:463,36,0,0
BRDA:463,36,1,0
BRDA:473,37,0,0
BRDA:473,37,1,0
BRDA:476,38,0,0
BRDA:476,38,1,0
BRF:75
BRH:0
end_of_record
TN:
SF:client/src/components/grid/SocialProductCard.tsx
FN:75,(anonymous_0)
FN:114,(anonymous_1)
FN:154,(anonymous_2)
FN:175,(anonymous_3)
FN:186,(anonymous_4)
FN:195,(anonymous_5)
FNF:6
FNH:0
FNDA:0,(anonymous_0)
FNDA:0,(anonymous_1)
FNDA:0,(anonymous_2)
FNDA:0,(anonymous_3)
FNDA:0,(anonymous_4)
FNDA:0,(anonymous_5)
DA:45,0
DA:75,0
DA:84,0
DA:93,0
DA:94,0
DA:95,0
DA:98,0
DA:115,0
DA:154,0
DA:175,0
DA:186,0
DA:195,0
DA:207,0
LF:13
LH:0
BRDA:81,0,0,0
BRDA:93,1,0,0
BRDA:112,2,0,0
BRDA:112,2,1,0
BRDA:112,2,2,0
BRDA:139,3,0,0
BRDA:139,3,1,0
BRDA:161,4,0,0
BRDA:161,4,1,0
BRDA:161,5,0,0
BRDA:161,5,1,0
BRDA:179,6,0,0
BRDA:179,6,1,0
BRF:13
BRH:0
end_of_record
TN:
SF:client/src/components/integration/FilterIntegrationAdapter.tsx
FN:83,migrateLegacyFilterState
FN:210,convertToLegacyFilterCriteria
FN:235,FilterIntegrationAdapter
FN:256,(anonymous_4)
FN:280,(anonymous_5)
FN:284,(anonymous_6)
FN:289,(anonymous_7)
FN:327,LegacyFilterSidebarAdapter
FN:343,(anonymous_9)
FN:352,(anonymous_10)
FN:357,(anonymous_11)
FN:362,(anonymous_12)
FN:380,(anonymous_13)
FN:385,(anonymous_14)
FN:398,(anonymous_15)
FN:403,(anonymous_16)
FN:415,(anonymous_17)
FN:430,LegacyEnterpriseFilterSidebarAdapter
FN:446,(anonymous_19)
FN:455,(anonymous_20)
FN:460,(anonymous_21)
FN:465,(anonymous_22)
FN:483,(anonymous_23)
FN:488,(anonymous_24)
FN:501,(anonymous_25)
FN:506,(anonymous_26)
FN:518,(anonymous_27)
FNF:27
FNH:0
FNDA:0,migrateLegacyFilterState
FNDA:0,convertToLegacyFilterCriteria
FNDA:0,FilterIntegrationAdapter
FNDA:0,(anonymous_4)
FNDA:0,(anonymous_5)
FNDA:0,(anonymous_6)
FNDA:0,(anonymous_7)
FNDA:0,LegacyFilterSidebarAdapter
FNDA:0,(anonymous_9)
FNDA:0,(anonymous_10)
FNDA:0,(anonymous_11)
FNDA:0,(anonymous_12)
FNDA:0,(anonymous_13)
FNDA:0,(anonymous_14)
FNDA:0,(anonymous_15)
FNDA:0,(anonymous_16)
FNDA:0,(anonymous_17)
FNDA:0,LegacyEnterpriseFilterSidebarAdapter
FNDA:0,(anonymous_19)
FNDA:0,(anonymous_20)
FNDA:0,(anonymous_21)
FNDA:0,(anonymous_22)
FNDA:0,(anonymous_23)
FNDA:0,(anonymous_24)
FNDA:0,(anonymous_25)
FNDA:0,(anonymous_26)
FNDA:0,(anonymous_27)
DA:84,0
DA:85,0
DA:87,0
DA:89,0
DA:90,0
DA:91,0
DA:95,0
DA:96,0
DA:97,0
DA:101,0
DA:102,0
DA:103,0
DA:107,0
DA:108,0
DA:109,0
DA:113,0
DA:114,0
DA:115,0
DA:119,0
DA:120,0
DA:121,0
DA:125,0
DA:126,0
DA:127,0
DA:131,0
DA:132,0
DA:133,0
DA:137,0
DA:138,0
DA:141,0
DA:142,0
DA:145,0
DA:146,0
DA:149,0
DA:155,0
DA:156,0
DA:157,0
DA:161,0
DA:162,0
DA:163,0
DA:167,0
DA:168,0
DA:171,0
DA:172,0
DA:176,0
DA:194,0
DA:202,0
DA:203,0
DA:211,0
DA:256,0
DA:257,0
DA:258,0
DA:261,0
DA:263,0
DA:264,0
DA:265,0
DA:266,0
DA:268,0
DA:271,0
DA:272,0
DA:275,0
DA:280,0
DA:281,0
DA:284,0
DA:285,0
DA:289,0
DA:290,0
DA:291,0
DA:295,0
DA:300,0
DA:331,0
DA:332,0
DA:340,0
DA:343,0
DA:344,0
DA:346,0
DA:347,0
DA:352,0
DA:353,0
DA:357,0
DA:358,0
DA:362,0
DA:363,0
DA:364,0
DA:368,0
DA:381,0
DA:385,0
DA:399,0
DA:403,0
DA:415,0
DA:434,0
DA:435,0
DA:443,0
DA:446,0
DA:447,0
DA:449,0
DA:450,0
DA:455,0
DA:456,0
DA:460,0
DA:461,0
DA:465,0
DA:466,0
DA:467,0
DA:471,0
DA:484,0
DA:488,0
DA:502,0
DA:506,0
DA:518,0
LF:110
LH:0
BRDA:89,0,0,0
BRDA:89,1,0,0
BRDA:89,1,1,0
BRDA:95,2,0,0
BRDA:95,2,1,0
BRDA:96,3,0,0
BRDA:96,4,0,0
BRDA:96,4,1,0
BRDA:101,5,0,0
BRDA:101,5,1,0
BRDA:102,6,0,0
BRDA:102,7,0,0
BRDA:102,7,1,0
BRDA:107,8,0,0
BRDA:107,8,1,0
BRDA:108,9,0,0
BRDA:108,10,0,0
BRDA:108,10,1,0
BRDA:113,11,0,0
BRDA:113,11,1,0
BRDA:114,12,0,0
BRDA:114,13,0,0
BRDA:114,13,1,0
BRDA:119,14,0,0
BRDA:119,14,1,0
BRDA:120,15,0,0
BRDA:120,16,0,0
BRDA:120,16,1,0
BRDA:125,17,0,0
BRDA:125,17,1,0
BRDA:126,18,0,0
BRDA:126,19,0,0
BRDA:126,19,1,0
BRDA:131,20,0,0
BRDA:131,20,1,0
BRDA:132,21,0,0
BRDA:132,22,0,0
BRDA:132,22,1,0
BRDA:137,23,0,0
BRDA:137,23,1,0
BRDA:138,24,0,0
BRDA:138,24,1,0
BRDA:141,25,0,0
BRDA:141,25,1,0
BRDA:142,26,0,0
BRDA:142,26,1,0
BRDA:145,27,0,0
BRDA:145,27,1,0
BRDA:146,28,0,0
BRDA:146,28,1,0
BRDA:149,29,0,0
BRDA:149,29,1,0
BRDA:156,30,0,0
BRDA:156,31,0,0
BRDA:156,31,1,0
BRDA:162,32,0,0
BRDA:162,33,0,0
BRDA:162,33,1,0
BRDA:167,34,0,0
BRDA:171,35,0,0
BRDA:171,36,0,0
BRDA:171,36,1,0
BRDA:186,37,0,0
BRDA:186,37,1,0
BRDA:187,38,0,0
BRDA:187,38,1,0
BRDA:188,39,0,0
BRDA:188,39,1,0
BRDA:189,40,0,0
BRDA:189,40,1,0
BRDA:189,41,0,0
BRDA:189,41,1,0
BRDA:191,42,0,0
BRDA:191,42,1,0
BRDA:202,43,0,0
BRDA:202,43,1,0
BRDA:239,44,0,0
BRDA:240,45,0,0
BRDA:241,46,0,0
BRDA:242,47,0,0
BRDA:243,48,0,0
BRDA:244,49,0,0
BRDA:248,50,0,0
BRDA:249,51,0,0
BRDA:250,52,0,0
BRDA:251,53,0,0
BRDA:252,54,0,0
BRDA:257,55,0,0
BRDA:257,56,0,0
BRDA:257,56,1,0
BRDA:263,57,0,0
BRDA:265,58,0,0
BRDA:271,59,0,0
BRDA:290,60,0,0
BRDA:290,61,0,0
BRDA:290,61,1,0
BRDA:346,62,0,0
BRDA:346,63,0,0
BRDA:346,63,1,0
BRDA:363,64,0,0
BRDA:363,65,0,0
BRDA:363,65,1,0
BRDA:413,66,0,0
BRDA:413,66,1,0
BRDA:413,67,0,0
BRDA:413,67,1,0
BRDA:449,68,0,0
BRDA:449,69,0,0
BRDA:449,69,1,0
BRDA:466,70,0,0
BRDA:466,71,0,0
BRDA:466,71,1,0
BRDA:516,72,0,0
BRDA:516,72,1,0
BRDA:516,73,0,0
BRDA:516,73,1,0
BRF:116
BRH:0
end_of_record
TN:
SF:client/src/components/layout/EnterprisePageLayout.tsx
FN:49,(anonymous_0)
FNF:1
FNH:0
FNDA:0,(anonymous_0)
DA:24,0
DA:36,0
DA:42,0
DA:49,0
DA:60,0
DA:66,0
DA:73,0
DA:80,0
DA:88,0
DA:123,0
DA:126,0
LF:11
LH:0
BRDA:53,0,0,0
BRDA:54,1,0,0
BRDA:55,2,0,0
BRDA:56,3,0,0
BRDA:68,4,0,0
BRDA:68,4,1,0
BRDA:70,5,0,0
BRDA:70,5,1,0
BRDA:77,6,0,0
BRDA:77,6,1,0
BRDA:84,7,0,0
BRDA:84,7,1,0
BRDA:111,8,0,0
BRDA:111,8,1,0
BRF:14
BRH:0
end_of_record
TN:
SF:client/src/components/layout/SocialLayoutStrategy.tsx
FN:44,(anonymous_0)
FNF:1
FNH:0
FNDA:0,(anonymous_0)
DA:23,0
DA:34,0
DA:44,0
DA:54,0
DA:64,0
DA:65,0
DA:67,0
DA:78,0
DA:84,0
DA:98,0
LF:10
LH:0
BRDA:48,0,0,0
BRDA:49,1,0,0
BRDA:50,2,0,0
BRDA:51,3,0,0
BRDA:64,4,0,0
BRF:5
BRH:0
end_of_record
TN:
SF:client/src/components/mobile/ResponsiveFilterSidebar.tsx
FN:66,ResponsiveFilterSidebar
FN:103,(anonymous_2)
FN:110,(anonymous_3)
FN:111,(anonymous_4)
FN:113,(anonymous_5)
FN:120,(anonymous_6)
FN:125,(anonymous_7)
FN:127,(anonymous_8)
FN:141,(anonymous_9)
FN:151,(anonymous_10)
FN:152,(anonymous_11)
FN:163,(anonymous_12)
FN:166,(anonymous_13)
FN:170,(anonymous_14)
FN:174,(anonymous_15)
FN:182,(anonymous_16)
FN:194,(anonymous_17)
FN:202,(anonymous_18)
FN:220,(anonymous_19)
FN:233,(anonymous_20)
FN:263,(anonymous_21)
FN:279,(anonymous_22)
FN:288,(anonymous_23)
FN:306,(anonymous_24)
FN:307,(anonymous_25)
FN:315,(anonymous_26)
FN:316,(anonymous_27)
FN:319,(anonymous_28)
FN:320,(anonymous_29)
FN:328,(anonymous_30)
FN:337,(anonymous_31)
FN:352,(anonymous_32)
FN:362,(anonymous_33)
FN:371,(anonymous_34)
FN:380,(anonymous_35)
FN:382,(anonymous_36)
FN:392,(anonymous_37)
FN:428,(anonymous_38)
FN:447,(anonymous_39)
FN:521,ResponsiveFilterContent
FN:531,(anonymous_41)
FN:540,(anonymous_42)
FN:549,(anonymous_43)
FN:558,(anonymous_44)
FN:567,(anonymous_45)
FN:590,ResponsiveFilterSection
FN:608,(anonymous_47)
FN:620,(anonymous_48)
FN:625,(anonymous_49)
FN:640,ResponsiveFilterOption
FNF:50
FNH:0
FNDA:0,ResponsiveFilterSidebar
FNDA:0,(anonymous_2)
FNDA:0,(anonymous_3)
FNDA:0,(anonymous_4)
FNDA:0,(anonymous_5)
FNDA:0,(anonymous_6)
FNDA:0,(anonymous_7)
FNDA:0,(anonymous_8)
FNDA:0,(anonymous_9)
FNDA:0,(anonymous_10)
FNDA:0,(anonymous_11)
FNDA:0,(anonymous_12)
FNDA:0,(anonymous_13)
FNDA:0,(anonymous_14)
FNDA:0,(anonymous_15)
FNDA:0,(anonymous_16)
FNDA:0,(anonymous_17)
FNDA:0,(anonymous_18)
FNDA:0,(anonymous_19)
FNDA:0,(anonymous_20)
FNDA:0,(anonymous_21)
FNDA:0,(anonymous_22)
FNDA:0,(anonymous_23)
FNDA:0,(anonymous_24)
FNDA:0,(anonymous_25)
FNDA:0,(anonymous_26)
FNDA:0,(anonymous_27)
FNDA:0,(anonymous_28)
FNDA:0,(anonymous_29)
FNDA:0,(anonymous_30)
FNDA:0,(anonymous_31)
FNDA:0,(anonymous_32)
FNDA:0,(anonymous_33)
FNDA:0,(anonymous_34)
FNDA:0,(anonymous_35)
FNDA:0,(anonymous_36)
FNDA:0,(anonymous_37)
FNDA:0,(anonymous_38)
FNDA:0,(anonymous_39)
FNDA:0,ResponsiveFilterContent
FNDA:0,(anonymous_41)
FNDA:0,(anonymous_42)
FNDA:0,(anonymous_43)
FNDA:0,(anonymous_44)
FNDA:0,(anonymous_45)
FNDA:0,ResponsiveFilterSection
FNDA:0,(anonymous_47)
FNDA:0,(anonymous_48)
FNDA:0,(anonymous_49)
FNDA:0,ResponsiveFilterOption
DA:73,0
DA:74,0
DA:84,0
DA:85,0
DA:98,0
DA:99,0
DA:100,0
DA:101,0
DA:103,0
DA:110,0
DA:111,0
DA:112,0
DA:113,0
DA:117,0
DA:120,0
DA:121,0
DA:122,0
DA:125,0
DA:126,0
DA:127,0
DA:137,0
DA:138,0
DA:139,0
DA:141,0
DA:142,0
DA:143,0
DA:144,0
DA:151,0
DA:152,0
DA:163,0
DA:164,0
DA:166,0
DA:167,0
DA:170,0
DA:171,0
DA:174,0
DA:175,0
DA:178,0
DA:179,0
DA:180,0
DA:182,0
DA:183,0
DA:184,0
DA:185,0
DA:194,0
DA:195,0
DA:196,0
DA:202,0
DA:220,0
DA:221,0
DA:223,0
DA:224,0
DA:225,0
DA:226,0
DA:227,0
DA:230,0
DA:231,0
DA:233,0
DA:247,0
DA:263,0
DA:264,0
DA:266,0
DA:267,0
DA:268,0
DA:271,0
DA:272,0
DA:275,0
DA:278,0
DA:279,0
DA:288,0
DA:289,0
DA:291,0
DA:292,0
DA:294,0
DA:296,0
DA:297,0
DA:299,0
DA:306,0
DA:307,0
DA:308,0
DA:309,0
DA:315,0
DA:316,0
DA:317,0
DA:319,0
DA:320,0
DA:321,0
DA:328,0
DA:329,0
DA:330,0
DA:333,0
DA:334,0
DA:335,0
DA:337,0
DA:338,0
DA:339,0
DA:342,0
DA:343,0
DA:345,0
DA:346,0
DA:349,0
DA:350,0
DA:352,0
DA:356,0
DA:362,0
DA:363,0
DA:364,0
DA:371,0
DA:372,0
DA:373,0
DA:380,0
DA:381,0
DA:382,0
DA:383,0
DA:392,0
DA:393,0
DA:409,0
DA:410,0
DA:411,0
DA:412,0
DA:413,0
DA:417,0
DA:418,0
DA:419,0
DA:422,0
DA:428,0
DA:429,0
DA:447,0
DA:448,0
DA:450,0
DA:460,0
DA:522,0
DA:524,0
DA:531,0
DA:540,0
DA:549,0
DA:558,0
DA:567,0
DA:603,0
DA:605,0
DA:608,0
DA:621,0
DA:625,0
DA:651,0
DA:673,0
LF:145
LH:0
BRDA:72,0,0,0
BRDA:117,1,0,0
BRDA:117,1,1,0
BRDA:117,2,0,0
BRDA:117,2,1,0
BRDA:164,3,0,0
BRDA:221,4,0,0
BRDA:221,5,0,0
BRDA:221,5,1,0
BRDA:230,6,0,0
BRDA:230,7,0,0
BRDA:230,7,1,0
BRDA:247,8,0,0
BRDA:247,8,1,0
BRDA:247,9,0,0
BRDA:247,9,1,0
BRDA:264,10,0,0
BRDA:264,11,0,0
BRDA:264,11,1,0
BRDA:271,12,0,0
BRDA:271,12,1,0
BRDA:271,13,0,0
BRDA:271,13,1,0
BRDA:289,14,0,0
BRDA:289,14,1,0
BRDA:291,15,0,0
BRDA:291,16,0,0
BRDA:291,16,1,0
BRDA:296,17,0,0
BRDA:296,18,0,0
BRDA:296,18,1,0
BRDA:309,19,0,0
BRDA:309,19,1,0
BRDA:309,20,0,0
BRDA:309,20,1,0
BRDA:317,21,0,0
BRDA:317,21,1,0
BRDA:321,22,0,0
BRDA:321,22,1,0
BRDA:321,23,0,0
BRDA:321,23,1,0
BRDA:329,24,0,0
BRDA:334,25,0,0
BRDA:334,25,1,0
BRDA:334,26,0,0
BRDA:334,26,1,0
BRDA:334,27,0,0
BRDA:334,27,1,0
BRDA:345,28,0,0
BRDA:349,29,0,0
BRDA:349,29,1,0
BRDA:363,30,0,0
BRDA:372,31,0,0
BRDA:372,32,0,0
BRDA:372,32,1,0
BRDA:401,33,0,0
BRDA:401,33,1,0
BRDA:402,34,0,0
BRDA:402,34,1,0
BRDA:402,35,0,0
BRDA:402,35,1,0
BRDA:409,36,0,0
BRDA:417,37,0,0
BRDA:417,38,0,0
BRDA:417,38,1,0
BRDA:437,39,0,0
BRDA:437,39,1,0
BRDA:438,40,0,0
BRDA:438,40,1,0
BRDA:463,41,0,0
BRDA:463,41,1,0
BRDA:500,42,0,0
BRDA:500,42,1,0
BRDA:504,43,0,0
BRDA:504,43,1,0
BRDA:572,44,0,0
BRDA:572,44,1,0
BRDA:595,45,0,0
BRDA:615,46,0,0
BRDA:615,46,1,0
BRDA:618,47,0,0
BRDA:618,47,1,0
BRDA:644,48,0,0
BRDA:654,49,0,0
BRDA:654,49,1,0
BRDA:658,50,0,0
BRDA:658,50,1,0
BRDA:660,51,0,0
BRDA:660,51,1,0
BRF:89
BRH:0
end_of_record
TN:
SF:client/src/components/navigation/NavigationFilterConsumer.tsx
FN:72,NavigationFilterConsumer
FN:77,(anonymous_1)
FN:132,NavigationFilterConsumerWithSelector
FN:138,(anonymous_3)
FN:148,(anonymous_4)
FN:194,NavigationFilterActionConsumer
FN:199,(anonymous_6)
FN:254,NavigationFilterComputedConsumer
FN:259,(anonymous_8)
FN:314,NavigationFilterUtilitiesConsumer
FN:319,(anonymous_10)
FN:373,useNavigationFilterState
FN:381,useNavigationFilterActions
FN:389,useNavigationFilterComputed
FN:397,useNavigationFilterUtilities
FN:405,useNavigationFilterSelector
FN:407,(anonymous_16)
FNF:17
FNH:0
FNDA:0,NavigationFilterConsumer
FNDA:0,(anonymous_1)
FNDA:0,NavigationFilterConsumerWithSelector
FNDA:0,(anonymous_3)
FNDA:0,(anonymous_4)
FNDA:0,NavigationFilterActionConsumer
FNDA:0,(anonymous_6)
FNDA:0,NavigationFilterComputedConsumer
FNDA:0,(anonymous_8)
FNDA:0,NavigationFilterUtilitiesConsumer
FNDA:0,(anonymous_10)
FNDA:0,useNavigationFilterState
FNDA:0,useNavigationFilterActions
FNDA:0,useNavigationFilterComputed
FNDA:0,useNavigationFilterUtilities
FNDA:0,useNavigationFilterSelector
FNDA:0,(anonymous_16)
DA:77,0
DA:78,0
DA:80,0
DA:81,0
DA:85,0
DA:86,0
DA:87,0
DA:89,0
DA:90,0
DA:92,0
DA:93,0
DA:96,0
DA:138,0
DA:139,0
DA:141,0
DA:142,0
DA:146,0
DA:147,0
DA:148,0
DA:149,0
DA:151,0
DA:152,0
DA:154,0
DA:155,0
DA:158,0
DA:199,0
DA:200,0
DA:202,0
DA:203,0
DA:207,0
DA:208,0
DA:209,0
DA:211,0
DA:212,0
DA:214,0
DA:215,0
DA:218,0
DA:259,0
DA:260,0
DA:262,0
DA:263,0
DA:267,0
DA:268,0
DA:269,0
DA:271,0
DA:272,0
DA:274,0
DA:275,0
DA:278,0
DA:319,0
DA:320,0
DA:322,0
DA:323,0
DA:327,0
DA:328,0
DA:329,0
DA:331,0
DA:332,0
DA:334,0
DA:335,0
DA:338,0
DA:374,0
DA:375,0
DA:382,0
DA:383,0
DA:390,0
DA:391,0
DA:398,0
DA:399,0
DA:406,0
DA:407,0
LF:71
LH:0
BRDA:80,0,0,0
BRDA:89,1,0,0
BRDA:89,1,1,0
BRDA:92,2,0,0
BRDA:141,3,0,0
BRDA:151,4,0,0
BRDA:151,4,1,0
BRDA:154,5,0,0
BRDA:202,6,0,0
BRDA:211,7,0,0
BRDA:211,7,1,0
BRDA:214,8,0,0
BRDA:262,9,0,0
BRDA:271,10,0,0
BRDA:271,10,1,0
BRDA:274,11,0,0
BRDA:322,12,0,0
BRDA:331,13,0,0
BRDA:331,13,1,0
BRDA:334,14,0,0
BRF:20
BRH:0
end_of_record
TN:
SF:client/src/components/navigation/NavigationFilterProvider.tsx
FN:132,(anonymous_0)
FN:137,(anonymous_1)
FN:141,(anonymous_2)
FN:149,(anonymous_3)
FN:189,(anonymous_4)
FN:211,NavigationFilterProvider
FN:249,(anonymous_6)
FN:301,(anonymous_7)
FN:326,useNavigationFilter
FNF:9
FNH:0
FNDA:0,(anonymous_0)
FNDA:0,(anonymous_1)
FNDA:0,(anonymous_2)
FNDA:0,(anonymous_3)
FNDA:0,(anonymous_4)
FNDA:0,NavigationFilterProvider
FNDA:0,(anonymous_6)
FNDA:0,(anonymous_7)
FNDA:0,useNavigationFilter
DA:121,0
DA:133,0
DA:134,0
DA:138,0
DA:142,0
DA:144,0
DA:145,0
DA:150,0
DA:151,0
DA:152,0
DA:155,0
DA:189,0
DA:201,0
DA:228,0
DA:239,0
DA:249,0
DA:250,0
DA:301,0
DA:302,0
DA:304,0
DA:305,0
DA:311,0
DA:327,0
DA:329,0
DA:330,0
DA:336,0
LF:26
LH:0
BRDA:144,0,0,0
BRDA:150,1,0,0
BRDA:151,2,0,0
BRDA:177,3,0,0
BRDA:177,3,1,0
BRDA:214,4,0,0
BRDA:215,5,0,0
BRDA:216,6,0,0
BRDA:217,7,0,0
BRDA:218,8,0,0
BRDA:221,9,0,0
BRDA:222,10,0,0
BRDA:223,11,0,0
BRDA:224,12,0,0
BRDA:304,13,0,0
BRDA:329,14,0,0
BRF:16
BRH:0
end_of_record
TN:
SF:client/src/components/navigation/NavigationFilterSync.tsx
FN:55,NavigationFilterSync
FN:81,(anonymous_8)
FN:93,(anonymous_9)
FN:94,(anonymous_10)
FN:105,(anonymous_11)
FN:106,(anonymous_12)
FN:118,(anonymous_13)
FN:119,(anonymous_14)
FN:130,(anonymous_15)
FN:130,(anonymous_16)
FN:137,(anonymous_17)
FN:150,(anonymous_18)
FN:150,(anonymous_19)
FN:157,(anonymous_20)
FN:172,(anonymous_21)
FN:178,(anonymous_22)
FN:181,(anonymous_23)
FN:185,(anonymous_24)
FN:188,(anonymous_25)
FN:189,(anonymous_26)
FN:198,(anonymous_27)
FN:235,(anonymous_28)
FN:242,(anonymous_29)
FN:251,(anonymous_30)
FN:260,(anonymous_31)
FN:297,useNavigationFilterSync
FN:306,(anonymous_33)
FN:306,(anonymous_34)
FN:308,(anonymous_35)
FN:311,(anonymous_36)
FN:313,(anonymous_37)
FN:321,(anonymous_38)
FN:329,(anonymous_39)
FN:329,(anonymous_40)
FN:331,(anonymous_41)
FN:334,(anonymous_42)
FN:336,(anonymous_43)
FN:344,(anonymous_44)
FN:352,(anonymous_45)
FN:369,buildURLParams
FN:470,parseURLParams
FNF:41
FNH:0
FNDA:0,NavigationFilterSync
FNDA:0,(anonymous_8)
FNDA:0,(anonymous_9)
FNDA:0,(anonymous_10)
FNDA:0,(anonymous_11)
FNDA:0,(anonymous_12)
FNDA:0,(anonymous_13)
FNDA:0,(anonymous_14)
FNDA:0,(anonymous_15)
FNDA:0,(anonymous_16)
FNDA:0,(anonymous_17)
FNDA:0,(anonymous_18)
FNDA:0,(anonymous_19)
FNDA:0,(anonymous_20)
FNDA:0,(anonymous_21)
FNDA:0,(anonymous_22)
FNDA:0,(anonymous_23)
FNDA:0,(anonymous_24)
FNDA:0,(anonymous_25)
FNDA:0,(anonymous_26)
FNDA:0,(anonymous_27)
FNDA:0,(anonymous_28)
FNDA:0,(anonymous_29)
FNDA:0,(anonymous_30)
FNDA:0,(anonymous_31)
FNDA:0,useNavigationFilterSync
FNDA:0,(anonymous_33)
FNDA:0,(anonymous_34)
FNDA:0,(anonymous_35)
FNDA:0,(anonymous_36)
FNDA:0,(anonymous_37)
FNDA:0,(anonymous_38)
FNDA:0,(anonymous_39)
FNDA:0,(anonymous_40)
FNDA:0,(anonymous_41)
FNDA:0,(anonymous_42)
FNDA:0,(anonymous_43)
FNDA:0,(anonymous_44)
FNDA:0,(anonymous_45)
FNDA:0,buildURLParams
FNDA:0,parseURLParams
DA:68,0
DA:72,0
DA:81,0
DA:82,0
DA:84,0
DA:85,0
DA:88,0
DA:93,0
DA:94,0
DA:100,0
DA:101,0
DA:105,0
DA:106,0
DA:113,0
DA:114,0
DA:118,0
DA:119,0
DA:125,0
DA:126,0
DA:130,0
DA:131,0
DA:133,0
DA:134,0
DA:137,0
DA:141,0
DA:143,0
DA:145,0
DA:146,0
DA:150,0
DA:151,0
DA:153,0
DA:154,0
DA:157,0
DA:161,0
DA:163,0
DA:165,0
DA:166,0
DA:172,0
DA:173,0
DA:174,0
DA:178,0
DA:179,0
DA:181,0
DA:182,0
DA:185,0
DA:188,0
DA:189,0
DA:190,0
DA:191,0
DA:198,0
[...]
DA:408,0
DA:419,0
DA:420,0
DA:422,0
DA:423,0
DA:425,0
DA:439,0
DA:441,0
DA:444,0
DA:445,0
DA:447,0
DA:448,0
DA:452,0
DA:453,0
DA:454,0
DA:455,0
DA:457,0
DA:463,0
DA:464,0
DA:468,0
DA:473,0
DA:475,0
DA:476,0
DA:484,0
DA:485,0
DA:487,0
DA:498,0
DA:499,0
DA:500,0
DA:508,0
DA:510,0
DA:511,0
DA:514,0
DA:515,0
DA:516,0
DA:517,0
DA:519,0
DA:524,0
DA:525,0
DA:526,0
DA:527,0
DA:529,0
DA:534,0
DA:535,0
DA:537,0
DA:538,0
DA:544,0
DA:547,0
DA:549,0
DA:550,0
DA:558,0
DA:559,0
DA:561,0
DA:563,0
DA:567,0
DA:570,0
DA:571,0
DA:577,0
DA:580,0
DA:581,0
DA:591,0
DA:594,0
DA:604,0
DA:605,0
DA:608,0
DA:615,0
LF:182
LH:0
BRDA:51,0,0,0
BRDA:51,0,1,0
BRDA:54,1,0,0
BRDA:54,1,1,0
BRDA:67,2,0,0
BRDA:67,2,1,0
BRDA:78,3,0,0
BRDA:81,4,0,0
BRDA:90,5,0,0
BRDA:90,5,1,0
BRDA:96,6,0,0
BRDA:96,6,1,0
BRDA:101,7,0,0
BRDA:118,8,0,0
BRDA:118,8,1,0
BRDA:147,9,0,0
BRDA:147,9,1,0
BRDA:149,10,0,0
BRDA:154,11,0,0
BRDA:154,11,1,0
BRDA:157,12,0,0
BRDA:160,13,0,0
BRDA:163,14,0,0
BRDA:169,15,0,0
BRDA:170,16,0,0
BRDA:173,17,0,0
BRDA:176,18,0,0
BRDA:183,19,0,0
BRDA:183,20,0,0
BRDA:183,20,1,0
BRDA:183,20,2,0
BRDA:187,21,0,0
BRDA:187,21,1,0
BRDA:187,22,0,0
BRDA:187,22,1,0
BRDA:192,23,0,0
BRDA:229,24,0,0
BRDA:254,25,0,0
BRDA:254,25,1,0
BRDA:266,26,0,0
BRDA:272,27,0,0
BRDA:295,28,0,0
BRDA:297,29,0,0
BRDA:404,30,0,0
BRDA:420,31,0,0
BRDA:420,31,1,0
BRDA:427,32,0,0
BRDA:427,32,1,0
BRDA:441,33,0,0
BRDA:441,33,1,0
BRDA:444,34,0,0
BRDA:445,35,0,0
BRDA:445,35,1,0
BRDA:447,36,0,0
BRDA:448,37,0,0
BRDA:448,37,1,0
BRDA:452,38,0,0
BRDA:454,39,0,0
BRDA:454,39,1,0
BRDA:463,40,0,0
BRDA:514,41,0,0
BRDA:516,42,0,0
BRDA:524,43,0,0
BRDA:526,44,0,0
BRDA:534,45,0,0
BRDA:537,46,0,0
BRDA:547,47,0,0
BRDA:547,47,1,0
BRDA:547,48,0,0
BRDA:547,48,1,0
BRDA:561,49,0,0
BRDA:561,50,0,0
BRDA:561,50,1,0
BRDA:570,51,0,0
BRDA:591,52,0,0
BRDA:604,53,0,0
BRDA:604,54,0,0
BRDA:604,54,1,0
BRF:78
BRH:0
end_of_record
TN:
SF:client/src/services/routing/FashionRouteService.ts
FN:30,(anonymous_0)
FN:34,(anonymous_1)
FN:41,(anonymous_2)
FN:125,(anonymous_3)
FN:138,(anonymous_4)
FN:161,(anonymous_5)
FN:193,(anonymous_6)
FN:202,(anonymous_7)
FN:211,(anonymous_8)
FN:223,(anonymous_9)
FN:263,(anonymous_10)
FN:272,(anonymous_11)
FN:281,(anonymous_12)
FN:290,(anonymous_13)
FNF:14
FNH:0
FNDA:0,(anonymous_0)
FNDA:0,(anonymous_1)
FNDA:0,(anonymous_2)
FNDA:0,(anonymous_3)
FNDA:0,(anonymous_4)
FNDA:0,(anonymous_5)
FNDA:0,(anonymous_6)
FNDA:0,(anonymous_7)
FNDA:0,(anonymous_8)
FNDA:0,(anonymous_9)
FNDA:0,(anonymous_10)
FNDA:0,(anonymous_11)
FNDA:0,(anonymous_12)
FNDA:0,(anonymous_13)
DA:28,0
DA:31,0
DA:35,0
DA:36,0
DA:38,0
DA:42,0
DA:125,0
DA:126,0
DA:139,0
DA:140,0
DA:141,0
DA:143,0
DA:145,0
DA:146,0
DA:149,0
DA:150,0
DA:153,0
DA:162,0
DA:164,0
DA:165,0
DA:168,0
DA:169,0
DA:170,0
DA:173,0
DA:177,0
DA:178,0
DA:181,0
DA:182,0
DA:185,0
DA:194,0
DA:195,0
DA:203,0
DA:212,0
DA:213,0
DA:228,0
DA:229,0
DA:230,0
DA:237,0
DA:238,0
DA:239,0
DA:241,0
DA:242,0
DA:243,0
DA:244,0
DA:245,0
DA:248,0
DA:249,0
DA:250,0
DA:251,0
DA:252,0
DA:255,0
DA:264,0
DA:273,0
DA:282,0
DA:291,0
DA:296,0
LF:56
LH:0
BRDA:35,0,0,0
BRDA:140,1,0,0
BRDA:140,1,1,0
BRDA:141,2,0,0
BRDA:141,2,1,0
BRDA:145,3,0,0
BRDA:149,4,0,0
BRDA:164,5,0,0
BRDA:164,6,0,0
BRDA:164,6,1,0
BRDA:169,7,0,0
BRDA:177,8,0,0
BRDA:181,9,0,0
BRDA:229,10,0,0
BRDA:241,11,0,0
BRDA:248,12,0,0
BRDA:251,13,0,0
BRDA:251,13,1,0
BRF:18
BRH:0
end_of_record
TN:
SF:client/src/services/routing/NavigationService.ts
FN:12,(anonymous_0)
FN:14,(anonymous_1)
FN:24,(anonymous_2)
FN:36,(anonymous_3)
FN:50,(anonymous_4)
FN:58,(anonymous_5)
FN:65,(anonymous_6)
FN:79,(anonymous_7)
FN:103,(anonymous_8)
FNF:9
FNH:0
FNDA:0,(anonymous_0)
FNDA:0,(anonymous_1)
FNDA:0,(anonymous_2)
FNDA:0,(anonymous_3)
FNDA:0,(anonymous_4)
FNDA:0,(anonymous_5)
FNDA:0,(anonymous_6)
FNDA:0,(anonymous_7)
FNDA:0,(anonymous_8)
DA:15,0
DA:16,0
DA:18,0
DA:25,0
DA:26,0
DA:37,0
DA:39,0
DA:40,0
DA:41,0
DA:44,0
DA:51,0
DA:52,0
DA:59,0
DA:66,0
DA:67,0
DA:84,0
DA:85,0
DA:86,0
DA:89,0
DA:90,0
DA:92,0
DA:109,0
DA:112,0
DA:113,0
DA:122,0
DA:124,0
DA:125,0
DA:127,0
DA:133,0
DA:137,0
LF:30
LH:0
BRDA:15,0,0,0
BRDA:27,1,0,0
BRDA:27,1,1,0
BRDA:27,2,0,0
BRDA:27,2,1,0
BRDA:39,3,0,0
BRDA:67,4,0,0
BRDA:67,4,1,0
BRDA:67,5,0,0
BRDA:67,5,1,0
BRDA:85,6,0,0
BRDA:85,6,1,0
BRDA:86,7,0,0
BRDA:86,7,1,0
BRDA:89,8,0,0
BRDA:89,9,0,0
BRDA:89,9,1,0
BRDA:90,10,0,0
BRDA:112,11,0,0
BRDA:122,12,0,0
BRDA:122,13,0,0
BRDA:122,13,1,0
BRDA:124,14,0,0
BRDA:124,15,0,0
BRDA:124,15,1,0
BRF:25
BRH:0
end_of_record
TN:
SF:client/src/services/routing/RouteConfigService.ts
FN:11,(anonymous_0)
FN:15,(anonymous_1)
FN:22,(anonymous_2)
FN:109,(anonymous_3)
FN:113,(anonymous_4)
FN:117,(anonymous_5)
FN:121,(anonymous_6)
FN:136,(anonymous_7)
FN:163,(anonymous_8)
FNF:9
FNH:0
FNDA:0,(anonymous_0)
FNDA:0,(anonymous_1)
FNDA:0,(anonymous_2)
FNDA:0,(anonymous_3)
FNDA:0,(anonymous_4)
FNDA:0,(anonymous_5)
FNDA:0,(anonymous_6)
FNDA:0,(anonymous_7)
FNDA:0,(anonymous_8)
DA:7,0
DA:8,0
DA:9,0
DA:12,0
DA:16,0
DA:17,0
DA:19,0
DA:24,0
DA:36,0
DA:48,0
DA:60,0
DA:72,0
DA:84,0
DA:96,0
DA:110,0
DA:114,0
DA:118,0
DA:122,0
DA:123,0
DA:125,0
DA:137,0
DA:139,0
DA:140,0
DA:143,0
DA:157,0
DA:158,0
DA:164,0
DA:166,0
DA:167,0
DA:170,0
DA:171,0
DA:172,0
DA:175,0
DA:179,0
LF:34
LH:0
BRDA:16,0,0,0
BRDA:129,1,0,0
BRDA:129,1,1,0
BRDA:129,2,0,0
BRDA:129,2,1,0
BRDA:129,3,0,0
BRDA:129,3,1,0
BRDA:131,4,0,0
BRDA:131,4,1,0
BRDA:131,5,0,0
BRDA:131,5,1,0
BRDA:131,6,0,0
BRDA:131,6,1,0
BRDA:139,7,0,0
BRDA:152,8,0,0
BRDA:152,8,1,0
BRDA:152,9,0,0
BRDA:152,9,1,0
BRDA:152,10,0,0
BRDA:152,10,1,0
BRDA:166,11,0,0
BRDA:166,12,0,0
BRDA:166,12,1,0
BRDA:170,13,0,0
BRF:24
BRH:0
end_of_record
TN:
SF:client/src/services/routing/RouteGuardService.ts
FN:11,(anonymous_7)
FN:16,(anonymous_8)
FN:26,(anonymous_10)
FN:30,(anonymous_11)
FN:41,(anonymous_13)
FN:46,(anonymous_14)
FN:53,(anonymous_15)
FN:57,(anonymous_16)
FN:84,(anonymous_18)
FNF:9
FNH:0
FNDA:0,(anonymous_7)
FNDA:0,(anonymous_8)
FNDA:0,(anonymous_10)
FNDA:0,(anonymous_11)
FNDA:0,(anonymous_13)
FNDA:0,(anonymous_14)
FNDA:0,(anonymous_15)
FNDA:0,(anonymous_16)
FNDA:0,(anonymous_18)
DA:12,0
DA:13,0
DA:14,0
DA:17,0
DA:18,0
DA:19,0
DA:21,0
DA:27,0
DA:28,0
DA:33,0
DA:39,0
DA:42,0
DA:43,0
DA:47,0
DA:48,0
DA:50,0
DA:54,0
DA:62,0
DA:63,0
DA:65,0
DA:66,0
DA:67,0
DA:70,0
DA:72,0
DA:73,0
DA:81,0
DA:85,0
DA:89,0
LF:28
LH:0
BRDA:47,0,0,0
BRDA:65,1,0,0
BRDA:72,2,0,0
BRF:3
BRH:0
end_of_record
TN:
SF:client/src/services/routing/RouteUtils.ts
FN:4,slugify
FN:14,capitalize
FNF:2
FNH:1
FNDA:407,slugify
FNDA:0,capitalize
DA:4,1
DA:5,407
DA:14,1
DA:15,0
DA:16,0
LF:5
LH:3
BRDA:15,0,0,0
BRF:1
BRH:0
end_of_record
TN:
SF:client/src/services/routing/UnifiedCategoryRoutingService.ts
FN:11,(anonymous_0)
FN:45,(anonymous_1)
FN:52,(anonymous_2)
FN:65,(anonymous_3)
FN:67,(anonymous_4)
FN:77,(anonymous_5)
FN:109,(anonymous_6)
FN:118,(anonymous_7)
FN:146,(anonymous_8)
FN:147,(anonymous_9)
FN:157,(anonymous_10)
FN:165,(anonymous_11)
FN:183,(anonymous_12)
FN:190,(anonymous_13)
FNF:14
FNH:0
FNDA:0,(anonymous_0)
FNDA:0,(anonymous_1)
FNDA:0,(anonymous_2)
FNDA:0,(anonymous_3)
FNDA:0,(anonymous_4)
FNDA:0,(anonymous_5)
FNDA:0,(anonymous_6)
FNDA:0,(anonymous_7)
FNDA:0,(anonymous_8)
FNDA:0,(anonymous_9)
FNDA:0,(anonymous_10)
FNDA:0,(anonymous_11)
FNDA:0,(anonymous_12)
FNDA:0,(anonymous_13)
DA:11,0
DA:46,0
DA:47,0
DA:53,0
DA:54,0
DA:68,0
DA:69,0
DA:71,0
DA:79,0
DA:80,0
DA:81,0
DA:85,0
DA:88,0
DA:94,0
DA:110,0
DA:113,0
DA:114,0
DA:118,0
DA:119,0
DA:120,0
DA:124,0
DA:125,0
DA:126,0
DA:131,0
DA:132,0
DA:133,0
DA:137,0
DA:147,0
DA:148,0
DA:149,0
DA:151,0
DA:159,0
DA:167,0
DA:169,0
DA:170,0
DA:173,0
DA:174,0
DA:177,0
DA:184,0
DA:191,0
DA:196,0
LF:41
LH:0
BRDA:68,0,0,0
BRDA:80,1,0,0
BRDA:90,2,0,0
BRDA:90,2,1,0
BRDA:91,3,0,0
BRDA:91,3,1,0
BRDA:113,4,0,0
BRDA:113,5,0,0
BRDA:113,5,1,0
BRDA:119,6,0,0
BRDA:124,7,0,0
BRDA:125,8,0,0
BRDA:125,9,0,0
BRDA:125,9,1,0
BRDA:131,10,0,0
BRDA:132,11,0,0
BRDA:132,12,0,0
BRDA:132,12,1,0
BRDA:148,13,0,0
BRDA:159,14,0,0
BRDA:159,14,1,0
BRDA:169,15,0,0
BRDA:173,16,0,0
BRF:23
BRH:0
end_of_record
TN:
SF:client/src/services/styling/CategoryStylingAspects.ts
FN:87,(anonymous_7)
FN:126,(anonymous_8)
FN:150,(anonymous_10)
FN:173,(anonymous_12)
FN:189,(anonymous_14)
FN:204,(anonymous_16)
FN:207,(anonymous_17)
FN:215,(anonymous_18)
FN:221,(anonymous_19)
FN:246,(anonymous_20)
FN:256,(anonymous_21)
FN:261,(anonymous_23)
FN:266,(anonymous_25)
FN:276,(anonymous_27)
FN:281,(anonymous_29)
FN:300,(anonymous_30)
FN:304,(anonymous_31)
FN:309,(anonymous_32)
FN:312,(anonymous_33)
FN:404,(anonymous_35)
FN:416,(anonymous_36)
FN:421,(anonymous_37)
FN:431,(anonymous_38)
FN:435,(anonymous_39)
FN:438,(anonymous_40)
FNF:25
FNH:0
FNDA:0,(anonymous_7)
FNDA:0,(anonymous_8)
FNDA:0,(anonymous_10)
FNDA:0,(anonymous_12)
FNDA:0,(anonymous_14)
FNDA:0,(anonymous_16)
FNDA:0,(anonymous_17)
FNDA:0,(anonymous_18)
FNDA:0,(anonymous_19)
FNDA:0,(anonymous_20)
FNDA:0,(anonymous_21)
FNDA:0,(anonymous_23)
FNDA:0,(anonymous_25)
FNDA:0,(anonymous_27)
FNDA:0,(anonymous_29)
FNDA:0,(anonymous_30)
FNDA:0,(anonymous_31)
FNDA:0,(anonymous_32)
FNDA:0,(anonymous_33)
FNDA:0,(anonymous_35)
FNDA:0,(anonymous_36)
FNDA:0,(anonymous_37)
FNDA:0,(anonymous_38)
FNDA:0,(anonymous_39)
FNDA:0,(anonymous_40)
DA:63,0
DA:76,0
DA:81,0
DA:88,0
DA:89,0
DA:91,0
DA:128,0
DA:130,0
DA:131,0
DA:133,0
DA:135,0
DA:137,0
DA:139,0
DA:142,0
DA:147,0
DA:151,0
DA:153,0
DA:154,0
DA:157,0
DA:158,0
DA:162,0
DA:164,0
DA:166,0
DA:169,0
DA:174,0
DA:176,0
DA:178,0
DA:191,0
DA:192,0
DA:195,0
DA:196,0
DA:198,0
DA:201,0
DA:206,0
DA:207,0
DA:208,0
DA:209,0
DA:212,0
DA:216,0
DA:217,0
DA:218,0
DA:223,0
DA:224,0
DA:225,0
DA:226,0
DA:227,0
DA:228,0
DA:232,0
DA:233,0
DA:234,0
DA:238,0
DA:247,0
DA:248,0
DA:250,0
DA:258,0
DA:263,0
DA:267,0
DA:270,0
DA:278,0
DA:282,0
DA:295,0
DA:296,0
DA:297,0
DA:298,0
DA:301,0
DA:305,0
DA:306,0
DA:309,0
DA:313,0
DA:316,0
DA:319,0
DA:320,0
DA:321,0
DA:334,0
DA:337,0
DA:338,0
DA:339,0
DA:340,0
DA:341,0
DA:343,0
DA:344,0
DA:346,0
DA:347,0
DA:348,0
DA:351,0
DA:355,0
DA:356,0
DA:357,0
DA:358,0
DA:364,0
DA:365,0
DA:368,0
DA:369,0
DA:370,0
DA:373,0
DA:375,0
DA:379,0
DA:380,0
DA:382,0
DA:399,0
DA:401,0
DA:405,0
DA:413,0
DA:417,0
DA:418,0
DA:423,0
DA:424,0
DA:425,0
DA:428,0
DA:432,0
DA:436,0
DA:437,0
DA:438,0
DA:440,0
DA:451,0
LF:115
LH:0
BRDA:133,0,0,0
BRDA:135,1,0,0
BRDA:135,1,1,0
BRDA:135,1,2,0
BRDA:135,1,3,0
BRDA:147,2,0,0
BRDA:147,2,1,0
BRDA:157,3,0,0
BRDA:162,4,0,0
BRDA:162,4,1,0
BRDA:162,4,2,0
BRDA:162,4,3,0
BRDA:179,5,0,0
BRDA:179,5,1,0
BRDA:181,6,0,0
BRDA:181,6,1,0
BRDA:185,7,0,0
BRDA:185,7,1,0
BRDA:209,8,0,0
BRDA:209,8,1,0
BRDA:223,9,0,0
BRDA:233,10,0,0
BRDA:320,11,0,0
BRDA:320,12,0,0
BRDA:320,12,1,0
BRDA:346,13,0,0
BRDA:351,14,0,0
BRDA:351,14,1,0
BRDA:357,15,0,0
BRDA:368,16,0,0
BRDA:423,17,0,0
BRDA:442,18,0,0
BRDA:442,18,1,0
BRF:33
BRH:0
end_of_record
TN:
SF:client/src/services/vector/VectorSearchService.ts
FN:33,(anonymous_7)
FN:39,(anonymous_8)
FN:63,(anonymous_10)
FN:63,(anonymous_11)
FN:81,(anonymous_12)
FN:81,(anonymous_13)
FN:99,(anonymous_14)
FN:126,(anonymous_16)
FN:144,(anonymous_18)
FNF:9
FNH:0
FNDA:0,(anonymous_7)
FNDA:0,(anonymous_8)
FNDA:0,(anonymous_10)
FNDA:0,(anonymous_11)
FNDA:0,(anonymous_12)
FNDA:0,(anonymous_13)
FNDA:0,(anonymous_14)
FNDA:0,(anonymous_16)
FNDA:0,(anonymous_18)
DA:34,0
DA:40,0
DA:41,0
DA:49,0
DA:50,0
DA:53,0
DA:55,0
DA:56,0
DA:63,0
DA:64,0
DA:65,0
DA:67,0
DA:68,0
DA:71,0
DA:73,0
DA:74,0
DA:81,0
DA:82,0
DA:83,0
DA:85,0
DA:86,0
DA:89,0
DA:91,0
DA:92,0
DA:105,0
DA:106,0
DA:114,0
DA:115,0
DA:118,0
DA:119,0
DA:127,0
DA:128,0
DA:132,0
DA:133,0
DA:136,0
DA:137,0
DA:145,0
DA:146,0
DA:154,0
DA:155,0
DA:158,0
DA:160,0
DA:161,0
DA:167,0
LF:44
LH:0
BRDA:49,0,0,0
BRDA:63,1,0,0
BRDA:67,2,0,0
BRDA:81,3,0,0
BRDA:85,4,0,0
BRDA:114,5,0,0
BRDA:132,6,0,0
BRDA:154,7,0,0
BRF:8
BRH:0
end_of_record
TN:
SF:client/src/test/TestTask.ts
FN:91,(anonymous_7)
FN:102,(anonymous_8)
FN:116,(anonymous_9)
FN:136,(anonymous_10)
FN:197,(anonymous_12)
FN:199,(anonymous_14)
FN:200,(anonymous_15)
FN:205,(anonymous_16)
FN:221,(anonymous_17)
FN:242,(anonymous_18)
FN:259,(anonymous_19)
FN:263,(anonymous_20)
FN:270,(anonymous_21)
FN:277,(anonymous_22)
FN:284,(anonymous_23)
FN:291,(anonymous_24)
FN:298,(anonymous_25)
FN:305,(anonymous_26)
FN:312,(anonymous_27)
FN:322,(anonymous_28)
FN:335,(anonymous_29)
FN:346,(anonymous_30)
FN:353,(anonymous_31)
FN:375,(anonymous_32)
FNF:24
FNH:0
FNDA:0,(anonymous_7)
FNDA:0,(anonymous_8)
FNDA:0,(anonymous_9)
FNDA:0,(anonymous_10)
FNDA:0,(anonymous_12)
FNDA:0,(anonymous_14)
FNDA:0,(anonymous_15)
FNDA:0,(anonymous_16)
FNDA:0,(anonymous_17)
FNDA:0,(anonymous_18)
FNDA:0,(anonymous_19)
FNDA:0,(anonymous_20)
FNDA:0,(anonymous_21)
FNDA:0,(anonymous_22)
FNDA:0,(anonymous_23)
FNDA:0,(anonymous_24)
FNDA:0,(anonymous_25)
FNDA:0,(anonymous_26)
FNDA:0,(anonymous_27)
FNDA:0,(anonymous_28)
FNDA:0,(anonymous_29)
FNDA:0,(anonymous_30)
FNDA:0,(anonymous_31)
FNDA:0,(anonymous_32)
DA:69,0
DA:92,0
DA:93,0
DA:94,0
DA:95,0
DA:96,0
DA:103,0
DA:117,0
DA:118,0
DA:120,0
DA:128,0
DA:129,0
DA:130,0
DA:137,0
DA:138,0
DA:139,0
DA:142,0
DA:143,0
DA:154,0
DA:156,0
DA:159,0
DA:162,0
DA:163,0
DA:164,0
DA:165,0
DA:168,0
DA:170,0
DA:173,0
DA:174,0
DA:175,0
DA:176,0
DA:177,0
DA:180,0
DA:182,0
DA:186,0
DA:187,0
DA:189,0
DA:191,0
DA:199,0
DA:200,0
DA:201,0
DA:205,0
DA:206,0
DA:209,0
DA:210,0
DA:212,0
DA:222,0
DA:223,0
DA:224,0
DA:227,0
DA:235,0
DA:236,0
DA:243,0
DA:244,0
DA:246,0
DA:260,0
DA:261,0
DA:263,0
DA:264,0
DA:271,0
DA:278,0
DA:285,0
DA:292,0
DA:299,0
DA:306,0
DA:313,0
DA:314,0
DA:316,0
DA:323,0
DA:324,0
DA:325,0
DA:326,0
DA:327,0
DA:336,0
DA:344,0
DA:345,0
DA:346,0
DA:354,0
DA:355,0
DA:357,0
DA:364,0
DA:365,0
DA:368,0
DA:376,0
DA:377,0
DA:378,0
DA:379,0
DA:380,0
DA:381,0
DA:383,0
LF:90
LH:0
BRDA:138,0,0,0
BRDA:175,1,0,0
BRDA:175,1,1,0
BRDA:186,2,0,0
BRDA:209,3,0,0
BRDA:209,3,1,0
BRDA:209,4,0,0
BRDA:209,4,1,0
BRDA:223,5,0,0
BRDA:244,6,0,0
BRDA:244,6,1,0
BRDA:244,7,0,0
BRDA:244,7,1,0
BRDA:244,8,0,0
BRDA:244,8,1,0
BRDA:261,9,0,0
BRDA:271,10,0,0
BRDA:271,10,1,0
BRDA:285,11,0,0
BRDA:285,11,1,0
BRDA:313,12,0,0
BRDA:324,13,0,0
BRDA:326,14,0,0
BRDA:345,15,0,0
BRDA:364,16,0,0
BRDA:364,16,1,0
BRF:26
BRH:0
end_of_record
TN:
SF:client/src/tests/DesignStandardsIntegrationTest.ts
FN:20,(anonymous_7)
FN:27,(anonymous_8)
FN:64,(anonymous_10)
FN:95,(anonymous_12)
FN:130,(anonymous_14)
FN:161,(anonymous_16)
FN:197,(anonymous_18)
FN:232,(anonymous_20)
FN:277,(anonymous_22)
FN:313,(anonymous_24)
FN:315,(anonymous_25)
FN:330,(anonymous_26)
FN:352,(anonymous_27)
FN:362,executeDesignStandardsTest
FNF:14
FNH:0
FNDA:0,(anonymous_7)
FNDA:0,(anonymous_8)
FNDA:0,(anonymous_10)
FNDA:0,(anonymous_12)
FNDA:0,(anonymous_14)
FNDA:0,(anonymous_16)
FNDA:0,(anonymous_18)
FNDA:0,(anonymous_20)
FNDA:0,(anonymous_22)
FNDA:0,(anonymous_24)
FNDA:0,(anonymous_25)
FNDA:0,(anonymous_26)
FNDA:0,(anonymous_27)
FNDA:0,executeDesignStandardsTest
DA:18,0
DA:21,0
DA:28,0
DA:30,0
DA:32,0
DA:35,0
DA:38,0
DA:41,0
DA:44,0
DA:47,0
DA:50,0
DA:53,0
DA:56,0
DA:57,0
DA:65,0
DA:66,0
DA:69,0
DA:70,0
DA:72,0
DA:78,0
DA:79,0
DA:81,0
DA:84,0
DA:96,0
DA:97,0
DA:100,0
DA:101,0
DA:103,0
DA:104,0
DA:105,0
DA:107,0
DA:113,0
DA:114,0
DA:116,0
DA:119,0
DA:131,0
DA:132,0
DA:135,0
DA:136,0
DA:138,0
DA:144,0
DA:145,0
DA:147,0
DA:150,0
DA:162,0
DA:164,0
DA:165,0
DA:166,0
DA:169,0
DA:170,0
DA:172,0
DA:174,0
DA:180,0
DA:181,0
DA:183,0
DA:186,0
DA:198,0
DA:200,0
DA:202,0
DA:203,0
DA:204,0
DA:205,0
DA:207,0
DA:209,0
DA:215,0
DA:216,0
DA:218,0
DA:221,0
DA:233,0
DA:235,0
DA:243,0
DA:245,0
DA:246,0
DA:247,0
DA:248,0
DA:252,0
DA:254,0
DA:260,0
DA:261,0
DA:263,0
DA:266,0
DA:278,0
DA:280,0
DA:281,0
DA:282,0
DA:284,0
DA:285,0
DA:286,0
DA:288,0
DA:290,0
DA:296,0
DA:297,0
DA:299,0
DA:302,0
DA:314,0
DA:315,0
DA:316,0
DA:317,0
DA:319,0
DA:331,0
DA:343,0
DA:346,0
DA:353,0
DA:363,0
DA:364,0
LF:105
LH:0
BRDA:78,0,0,0
BRDA:78,0,1,0
BRDA:87,1,0,0
BRDA:87,1,1,0
BRDA:103,2,0,0
BRDA:103,2,1,0
BRDA:105,3,0,0
BRDA:105,3,1,0
BRDA:113,4,0,0
BRDA:113,4,1,0
BRDA:122,5,0,0
BRDA:122,5,1,0
BRDA:136,6,0,0
BRDA:136,6,1,0
BRDA:144,7,0,0
BRDA:144,7,1,0
BRDA:153,8,0,0
BRDA:153,8,1,0
BRDA:172,9,0,0
BRDA:172,9,1,0
BRDA:180,10,0,0
BRDA:180,10,1,0
BRDA:189,11,0,0
BRDA:189,11,1,0
BRDA:207,12,0,0
BRDA:207,12,1,0
BRDA:207,12,2,0
BRDA:207,12,3,0
BRDA:215,13,0,0
BRDA:215,13,1,0
BRDA:224,14,0,0
BRDA:224,14,1,0
BRDA:247,15,0,0
BRDA:247,16,0,0
BRDA:247,16,1,0
BRDA:260,17,0,0
BRDA:260,17,1,0
BRDA:269,18,0,0
BRDA:269,18,1,0
BRDA:288,19,0,0
BRDA:288,19,1,0
BRDA:288,19,2,0
BRDA:296,20,0,0
BRDA:296,20,1,0
BRDA:305,21,0,0
BRDA:305,21,1,0
BRDA:317,22,0,0
BRDA:317,22,1,0
BRDA:331,23,0,0
BRDA:331,23,1,0
BRDA:336,24,0,0
BRDA:336,24,1,0
BRDA:337,25,0,0
BRDA:337,25,1,0
BRF:54
BRH:0
end_of_record
TN:
SF:client/src/tests/DesignStandardsValidation.ts
FN:7,(anonymous_0)
FN:10,(anonymous_1)
FN:22,(anonymous_2)
FN:30,(anonymous_3)
FN:52,(anonymous_4)
FN:60,(anonymous_5)
FN:69,(anonymous_6)
FN:86,(anonymous_7)
FN:92,(anonymous_8)
FNF:9
FNH:0
FNDA:0,(anonymous_0)
FNDA:0,(anonymous_1)
FNDA:0,(anonymous_2)
FNDA:0,(anonymous_3)
FNDA:0,(anonymous_4)
FNDA:0,(anonymous_5)
FNDA:0,(anonymous_6)
FNDA:0,(anonymous_7)
FNDA:0,(anonymous_8)
DA:8,0
DA:11,0
DA:14,0
DA:17,0
DA:20,0
DA:22,0
DA:23,0
DA:24,0
DA:26,0
DA:27,0
DA:31,0
DA:35,0
DA:37,0
DA:38,0
DA:44,0
DA:54,0
DA:60,0
DA:62,0
DA:71,0
DA:77,0
DA:79,0
DA:87,0
DA:93,0
DA:105,0
LF:24
LH:0
BRDA:47,0,0,0
BRDA:47,0,1,0
BRDA:93,1,0,0
BRDA:93,1,1,0
BRF:4
BRH:0
end_of_record
TN:
SF:client/src/types/Result.ts
FN:7,(anonymous_0)
FN:13,(anonymous_1)
FN:17,(anonymous_2)
FN:21,(anonymous_3)
FN:25,(anonymous_4)
FN:29,(anonymous_5)
FN:36,(anonymous_6)
FN:43,(anonymous_7)
FN:50,(anonymous_8)
FNF:9
FNH:0
FNDA:0,(anonymous_0)
FNDA:0,(anonymous_1)
FNDA:0,(anonymous_2)
FNDA:0,(anonymous_3)
FNDA:0,(anonymous_4)
FNDA:0,(anonymous_5)
FNDA:0,(anonymous_6)
FNDA:0,(anonymous_7)
FNDA:0,(anonymous_8)
DA:8,0
DA:9,0
DA:10,0
DA:14,0
DA:18,0
DA:22,0
DA:26,0
DA:30,0
DA:31,0
DA:33,0
DA:37,0
DA:38,0
DA:40,0
DA:44,0
DA:45,0
DA:47,0
DA:51,0
DA:52,0
DA:54,0
LF:19
LH:0
BRDA:10,0,0,0
BRDA:30,1,0,0
BRDA:37,2,0,0
BRDA:44,3,0,0
BRDA:51,4,0,0
BRF:5
BRH:0
end_of_record
TN:
SF:client/src/types/navigation.ts
FN:117,(anonymous_0)
FNF:1
FNH:0
FNDA:0,(anonymous_0)
DA:14,0
DA:112,0
DA:117,0
DA:139,0
DA:152,0
LF:5
LH:0
BRF:0
BRH:0
end_of_record
TN:
SF:client/src/types/routing.ts
FNF:0
FNH:0
DA:48,0
LF:1
LH:0
BRF:0
BRH:0
end_of_record
TN:
SF:client/src/types/error/FilterErrorTypes.ts
FN:104,(anonymous_0)
FN:115,(anonymous_1)
FN:192,(anonymous_2)
FN:193,(anonymous_3)
FN:208,(anonymous_4)
FN:212,(anonymous_5)
FN:215,(anonymous_6)
FN:219,(anonymous_7)
FN:229,(anonymous_8)
FN:233,(anonymous_9)
FN:239,(anonymous_10)
FN:243,(anonymous_11)
FN:247,(anonymous_12)
FN:271,(anonymous_13)
FN:282,(anonymous_14)
FN:299,(anonymous_15)
FN:305,(anonymous_16)
FN:312,(anonymous_17)
FN:317,(anonymous_18)
FN:323,(anonymous_19)
FN:338,(anonymous_20)
FNF:21
FNH:0
FNDA:0,(anonymous_0)
FNDA:0,(anonymous_1)
FNDA:0,(anonymous_2)
FNDA:0,(anonymous_3)
FNDA:0,(anonymous_4)
FNDA:0,(anonymous_5)
FNDA:0,(anonymous_6)
FNDA:0,(anonymous_7)
FNDA:0,(anonymous_8)
FNDA:0,(anonymous_9)
FNDA:0,(anonymous_10)
FNDA:0,(anonymous_11)
FNDA:0,(anonymous_12)
FNDA:0,(anonymous_13)
FNDA:0,(anonymous_14)
FNDA:0,(anonymous_15)
FNDA:0,(anonymous_16)
FNDA:0,(anonymous_17)
FNDA:0,(anonymous_18)
FNDA:0,(anonymous_19)
FNDA:0,(anonymous_20)
DA:28,0
DA:35,0
DA:65,0
DA:104,0
DA:105,0
DA:106,0
DA:107,0
DA:108,0
DA:109,0
DA:110,0
DA:111,0
DA:112,0
DA:115,0
DA:116,0
DA:117,0
DA:118,0
DA:119,0
DA:192,0
DA:193,0
DA:194,0
DA:195,0
DA:196,0
DA:198,0
DA:203,0
DA:204,0
DA:208,0
DA:209,0
DA:212,0
DA:213,0
DA:214,0
DA:215,0
DA:216,0
DA:219,0
DA:220,0
DA:226,0
DA:229,0
DA:230,0
DA:233,0
DA:234,0
DA:239,0
DA:240,0
DA:243,0
DA:244,0
DA:247,0
DA:248,0
DA:271,0
DA:272,0
DA:279,0
DA:282,0
DA:283,0
DA:294,0
DA:299,0
DA:300,0
DA:305,0
DA:306,0
DA:312,0
DA:313,0
DA:314,0
DA:317,0
DA:318,0
DA:323,0
DA:324,0
DA:338,0
DA:339,0
DA:340,0
LF:65
LH:0
BRDA:104,0,0,0
BRDA:104,0,1,0
BRDA:115,1,0,0
BRDA:115,1,1,0
BRDA:230,2,0,0
BRDA:230,2,1,0
BRDA:279,3,0,0
BRDA:279,3,1,0
BRDA:294,4,0,0
BRDA:294,4,1,0
BRDA:300,5,0,0
BRDA:300,5,1,0
BRDA:300,5,2,0
BRDA:306,6,0,0
BRDA:306,6,1,0
BRDA:342,7,0,0
BRDA:342,7,1,0
BRF:17
BRH:0
end_of_record
